2019.02.13 10:13:29 INFO  ce[][o.s.p.ProcessEntryPoint] Starting ce
2019.02.13 10:13:29 INFO  ce[][o.s.ce.app.CeServer] Compute Engine starting up...
2019.02.13 10:13:29 INFO  ce[][o.e.p.PluginsService] no modules loaded
2019.02.13 10:13:29 INFO  ce[][o.e.p.PluginsService] loaded plugin [org.elasticsearch.join.ParentJoinPlugin]
2019.02.13 10:13:29 INFO  ce[][o.e.p.PluginsService] loaded plugin [org.elasticsearch.percolator.PercolatorPlugin]
2019.02.13 10:13:29 INFO  ce[][o.e.p.PluginsService] loaded plugin [org.elasticsearch.transport.Netty4Plugin]
2019.02.13 10:13:31 INFO  ce[][o.s.s.e.EsClientProvider] Connected to local Elasticsearch: [127.0.0.1:9001]
2019.02.13 10:13:31 INFO  ce[][o.sonar.db.Database] Create JDBC data source for jdbc:h2:tcp://127.0.0.1:9092/sonar
2019.02.13 10:13:31 WARN  ce[][o.s.db.dialect.H2] H2 database should be used for evaluation purpose only.
2019.02.13 10:13:32 INFO  ce[][o.s.s.p.ServerFileSystemImpl] SonarQube home: C:\Users\AJReddy\Downloads\sonarqube-7.6
2019.02.13 10:13:32 INFO  ce[][o.s.c.c.CePluginRepository] Load plugins
2019.02.13 10:13:46 INFO  ce[][o.s.c.c.ComputeEngineContainerImpl] Running Community edition
2019.02.13 10:13:46 INFO  ce[][o.s.c.q.PurgeCeActivities] Delete the Compute Engine tasks created before 1534518826796
2019.02.13 10:13:46 INFO  ce[][o.s.c.q.PurgeCeActivities] Delete the Scanner contexts tasks created before 1547651626805
2019.02.13 10:13:46 INFO  ce[][o.s.ce.app.CeServer] Compute Engine is operational
2019.02.13 10:28:06 INFO  ce[][o.s.p.StopWatcher] Stopping process
2019.02.13 10:28:06 INFO  ce[][o.s.ce.app.CeServer] Compute Engine is stopping...
2019.02.13 10:28:06 INFO  ce[][o.s.c.t.CeProcessingSchedulerImpl] Waiting for workers to finish in-progress tasks
2019.02.13 10:28:07 INFO  ce[][o.s.ce.app.CeServer] Compute Engine is stopped
2019.02.13 10:49:33 INFO  ce[][o.s.p.ProcessEntryPoint] Starting ce
2019.02.13 10:49:33 INFO  ce[][o.s.ce.app.CeServer] Compute Engine starting up...
2019.02.13 10:49:36 INFO  ce[][o.e.p.PluginsService] no modules loaded
2019.02.13 10:49:36 INFO  ce[][o.e.p.PluginsService] loaded plugin [org.elasticsearch.join.ParentJoinPlugin]
2019.02.13 10:49:36 INFO  ce[][o.e.p.PluginsService] loaded plugin [org.elasticsearch.percolator.PercolatorPlugin]
2019.02.13 10:49:36 INFO  ce[][o.e.p.PluginsService] loaded plugin [org.elasticsearch.transport.Netty4Plugin]
2019.02.13 10:49:39 INFO  ce[][o.s.s.e.EsClientProvider] Connected to local Elasticsearch: [127.0.0.1:9001]
2019.02.13 10:49:39 INFO  ce[][o.sonar.db.Database] Create JDBC data source for jdbc:h2:tcp://127.0.0.1:9092/sonar
2019.02.13 10:49:39 WARN  ce[][o.s.db.dialect.H2] H2 database should be used for evaluation purpose only.
2019.02.13 10:49:41 INFO  ce[][o.s.s.p.ServerFileSystemImpl] SonarQube home: C:\Users\AJReddy\Downloads\sonarqube-7.6
2019.02.13 10:49:41 INFO  ce[][o.s.c.c.CePluginRepository] Load plugins
2019.02.13 10:50:08 INFO  ce[][o.s.c.c.ComputeEngineContainerImpl] Running Community edition
2019.02.13 10:50:08 INFO  ce[][o.s.c.q.PurgeCeActivities] Delete the Compute Engine tasks created before 1534521008468
2019.02.13 10:50:08 INFO  ce[][o.s.c.q.PurgeCeActivities] Delete the Scanner contexts tasks created before 1547653808484
2019.02.13 10:50:08 INFO  ce[][o.s.ce.app.CeServer] Compute Engine is operational
2019.02.13 11:18:53 INFO  ce[][o.s.c.t.CeWorkerImpl] Execute task | project=JavaProject | type=REPORT | id=AWjnp1QYQEeqsfvKU7zj
2019.02.13 11:19:08 INFO  ce[AWjnp1QYQEeqsfvKU7zj][o.s.c.t.s.ComputationStepExecutor] Extract report | status=SUCCESS | time=268ms
2019.02.13 11:19:08 INFO  ce[AWjnp1QYQEeqsfvKU7zj][o.s.c.t.s.ComputationStepExecutor] Persist scanner context | status=SUCCESS | time=10ms
2019.02.13 11:19:08 INFO  ce[AWjnp1QYQEeqsfvKU7zj][o.s.c.t.s.ComputationStepExecutor] Propagate analysis warnings from scanner report | status=SUCCESS | time=132ms
2019.02.13 11:19:08 INFO  ce[AWjnp1QYQEeqsfvKU7zj][o.s.c.t.s.ComputationStepExecutor] Execute DB migrations for current project | status=SUCCESS | time=184ms
2019.02.13 11:19:08 INFO  ce[AWjnp1QYQEeqsfvKU7zj][o.s.c.t.s.ComputationStepExecutor] Generate analysis UUID | status=SUCCESS | time=1ms
2019.02.13 11:19:09 INFO  ce[AWjnp1QYQEeqsfvKU7zj][o.s.c.t.s.ComputationStepExecutor] Load analysis metadata | status=SUCCESS | time=1053ms
2019.02.13 11:19:09 INFO  ce[AWjnp1QYQEeqsfvKU7zj][o.s.c.t.s.ComputationStepExecutor] Initialize | status=SUCCESS | time=0ms
2019.02.13 11:19:09 INFO  ce[AWjnp1QYQEeqsfvKU7zj][o.s.c.t.s.ComputationStepExecutor] Verify billing | status=SUCCESS | time=0ms
2019.02.13 11:19:10 INFO  ce[AWjnp1QYQEeqsfvKU7zj][o.s.c.t.s.ComputationStepExecutor] Build tree of components | components=1 | status=SUCCESS | time=545ms
2019.02.13 11:19:10 INFO  ce[AWjnp1QYQEeqsfvKU7zj][o.s.c.t.s.ComputationStepExecutor] Validate project | status=SUCCESS | time=8ms
2019.02.13 11:19:13 INFO  ce[AWjnp1QYQEeqsfvKU7zj][o.s.c.t.s.ComputationStepExecutor] Load quality profiles | status=SUCCESS | time=2942ms
2019.02.13 11:19:13 INFO  ce[AWjnp1QYQEeqsfvKU7zj][o.s.c.t.s.ComputationStepExecutor] Load Quality gate | status=SUCCESS | time=78ms
2019.02.13 11:19:13 INFO  ce[AWjnp1QYQEeqsfvKU7zj][o.s.c.t.s.ComputationStepExecutor] Load new code period | status=SUCCESS | time=0ms
2019.02.13 11:19:13 INFO  ce[AWjnp1QYQEeqsfvKU7zj][o.s.c.t.s.ComputationStepExecutor] Detect file moves | status=SUCCESS | time=0ms
2019.02.13 11:19:13 INFO  ce[AWjnp1QYQEeqsfvKU7zj][o.s.c.t.s.ComputationStepExecutor] Load duplications | duplications=0 | status=SUCCESS | time=1ms
2019.02.13 11:19:13 INFO  ce[AWjnp1QYQEeqsfvKU7zj][o.s.c.t.s.ComputationStepExecutor] Compute cross project duplications | status=SUCCESS | time=0ms
2019.02.13 11:19:13 INFO  ce[AWjnp1QYQEeqsfvKU7zj][o.s.c.t.s.ComputationStepExecutor] Compute size measures | status=SUCCESS | time=8ms
2019.02.13 11:19:13 INFO  ce[AWjnp1QYQEeqsfvKU7zj][o.s.c.t.s.ComputationStepExecutor] Compute new coverage | status=SUCCESS | time=31ms
2019.02.13 11:19:13 INFO  ce[AWjnp1QYQEeqsfvKU7zj][o.s.c.t.s.ComputationStepExecutor] Compute coverage measures | status=SUCCESS | time=1ms
2019.02.13 11:19:13 INFO  ce[AWjnp1QYQEeqsfvKU7zj][o.s.c.t.s.ComputationStepExecutor] Compute comment measures | status=SUCCESS | time=1ms
2019.02.13 11:19:13 INFO  ce[AWjnp1QYQEeqsfvKU7zj][o.s.c.t.s.ComputationStepExecutor] Copy custom measures | status=SUCCESS | time=7ms
2019.02.13 11:19:13 INFO  ce[AWjnp1QYQEeqsfvKU7zj][o.s.c.t.s.ComputationStepExecutor] Compute duplication measures | status=SUCCESS | time=6ms
2019.02.13 11:19:13 INFO  ce[AWjnp1QYQEeqsfvKU7zj][o.s.c.t.s.ComputationStepExecutor] Compute duplication data measures | status=SUCCESS | time=2ms
2019.02.13 11:19:13 INFO  ce[AWjnp1QYQEeqsfvKU7zj][o.s.c.t.s.ComputationStepExecutor] Compute size measures on new code | status=SUCCESS | time=1ms
2019.02.13 11:19:13 INFO  ce[AWjnp1QYQEeqsfvKU7zj][o.s.c.t.s.ComputationStepExecutor] Compute language distribution | status=SUCCESS | time=96ms
2019.02.13 11:19:14 INFO  ce[AWjnp1QYQEeqsfvKU7zj][o.s.c.t.s.ComputationStepExecutor] Compute test measures | status=SUCCESS | time=1ms
2019.02.13 11:19:14 INFO  ce[AWjnp1QYQEeqsfvKU7zj][o.s.c.t.s.ComputationStepExecutor] Compute complexity measures | status=SUCCESS | time=22ms
2019.02.13 11:19:14 INFO  ce[AWjnp1QYQEeqsfvKU7zj][o.s.c.t.s.ComputationStepExecutor] Load measure computers | status=SUCCESS | time=86ms
2019.02.13 11:19:14 INFO  ce[AWjnp1QYQEeqsfvKU7zj][o.s.c.t.s.ComputationStepExecutor] Compute Quality Profile status | status=SUCCESS | time=70ms
2019.02.13 11:19:14 INFO  ce[AWjnp1QYQEeqsfvKU7zj][o.s.c.t.s.ComputationStepExecutor] Execute component visitors | status=SUCCESS | time=304ms
2019.02.13 11:19:14 INFO  ce[AWjnp1QYQEeqsfvKU7zj][o.s.c.t.s.ComputationStepExecutor] Checks executed after computation of measures | status=SUCCESS | time=2ms
2019.02.13 11:19:14 INFO  ce[AWjnp1QYQEeqsfvKU7zj][o.s.c.t.s.ComputationStepExecutor] Compute Quality Gate measures | status=SUCCESS | time=167ms
2019.02.13 11:19:14 INFO  ce[AWjnp1QYQEeqsfvKU7zj][o.s.c.t.s.ComputationStepExecutor] Compute Quality profile measures | status=SUCCESS | time=3ms
2019.02.13 11:19:14 INFO  ce[AWjnp1QYQEeqsfvKU7zj][o.s.c.t.s.ComputationStepExecutor] Generate Quality profile events | status=SUCCESS | time=4ms
2019.02.13 11:19:14 INFO  ce[AWjnp1QYQEeqsfvKU7zj][o.s.c.t.s.ComputationStepExecutor] Generate Quality gate events | status=SUCCESS | time=3ms
2019.02.13 11:19:15 INFO  ce[AWjnp1QYQEeqsfvKU7zj][o.s.c.t.s.ComputationStepExecutor] Persist components | status=SUCCESS | time=295ms
2019.02.13 11:19:15 INFO  ce[AWjnp1QYQEeqsfvKU7zj][o.s.c.t.s.ComputationStepExecutor] Persist analysis | status=SUCCESS | time=5ms
2019.02.13 11:19:15 INFO  ce[AWjnp1QYQEeqsfvKU7zj][o.s.c.t.s.ComputationStepExecutor] Persist analysis properties | status=SUCCESS | time=5ms
2019.02.13 11:19:15 INFO  ce[AWjnp1QYQEeqsfvKU7zj][o.s.c.t.s.ComputationStepExecutor] Persist measures | inserts=28 | status=SUCCESS | time=28ms
2019.02.13 11:19:15 INFO  ce[AWjnp1QYQEeqsfvKU7zj][o.s.c.t.s.ComputationStepExecutor] Persist live measures | insertsOrUpdates=28 | status=SUCCESS | time=171ms
2019.02.13 11:19:15 INFO  ce[AWjnp1QYQEeqsfvKU7zj][o.s.c.t.s.ComputationStepExecutor] Persist new ad hoc Rules | status=SUCCESS | time=0ms
2019.02.13 11:19:15 INFO  ce[AWjnp1QYQEeqsfvKU7zj][o.s.c.t.s.ComputationStepExecutor] Persist issues | inserts=0 | updates=0 | merged=0 | untouched=0 | status=SUCCESS | time=9ms
2019.02.13 11:19:15 INFO  ce[AWjnp1QYQEeqsfvKU7zj][o.s.c.t.s.ComputationStepExecutor] Persist project links | status=SUCCESS | time=6ms
2019.02.13 11:19:15 INFO  ce[AWjnp1QYQEeqsfvKU7zj][o.s.c.t.s.ComputationStepExecutor] Persist events | status=SUCCESS | time=15ms
2019.02.13 11:19:15 INFO  ce[AWjnp1QYQEeqsfvKU7zj][o.s.c.t.s.ComputationStepExecutor] Persist sources | status=SUCCESS | time=4ms
2019.02.13 11:19:15 INFO  ce[AWjnp1QYQEeqsfvKU7zj][o.s.c.t.s.ComputationStepExecutor] Persist cross project duplications | status=SUCCESS | time=0ms
2019.02.13 11:19:15 INFO  ce[AWjnp1QYQEeqsfvKU7zj][o.s.c.t.s.ComputationStepExecutor] Enable analysis | status=SUCCESS | time=5ms
2019.02.13 11:19:15 INFO  ce[AWjnp1QYQEeqsfvKU7zj][o.s.c.t.s.ComputationStepExecutor] Update last usage date of quality profiles | status=SUCCESS | time=0ms
2019.02.13 11:19:16 INFO  ce[AWjnp1QYQEeqsfvKU7zj][o.s.c.t.s.ComputationStepExecutor] Purge db | status=SUCCESS | time=1054ms
2019.02.13 11:19:21 INFO  ce[AWjnp1QYQEeqsfvKU7zj][o.s.c.t.s.ComputationStepExecutor] Index analysis | status=SUCCESS | time=5263ms
2019.02.13 11:19:22 INFO  ce[AWjnp1QYQEeqsfvKU7zj][o.s.c.t.s.ComputationStepExecutor] Send issue notifications | newIssuesNotifs=0 | newIssuesDeliveries=0 | myNewIssuesNotifs=0 | myNewIssuesDeliveries=0 | changesNotifs=0 | changesDeliveries=0 | status=SUCCESS | time=3ms
2019.02.13 11:19:22 INFO  ce[AWjnp1QYQEeqsfvKU7zj][o.s.c.t.s.ComputationStepExecutor] Publish task results | status=SUCCESS | time=0ms
2019.02.13 11:19:22 INFO  ce[AWjnp1QYQEeqsfvKU7zj][o.s.c.t.s.ComputationStepExecutor] Trigger refresh of Portfolios and Applications | status=SUCCESS | time=0ms
2019.02.13 11:19:22 INFO  ce[AWjnp1QYQEeqsfvKU7zj][o.s.c.t.CeWorkerImpl] Executed task | project=JavaProject | type=REPORT | id=AWjnp1QYQEeqsfvKU7zj | status=SUCCESS | time=28780ms
2019.02.13 11:25:05 INFO  ce[][o.s.c.t.CeWorkerImpl] Execute task | project=JavaProject | type=REPORT | id=AWjnrQn_QEeqsfvKU7zr | submitter=admin
2019.02.13 11:25:05 INFO  ce[AWjnrQn_QEeqsfvKU7zr][o.s.c.t.s.ComputationStepExecutor] Extract report | status=SUCCESS | time=25ms
2019.02.13 11:25:05 INFO  ce[AWjnrQn_QEeqsfvKU7zr][o.s.c.t.s.ComputationStepExecutor] Persist scanner context | status=SUCCESS | time=9ms
2019.02.13 11:25:05 INFO  ce[AWjnrQn_QEeqsfvKU7zr][o.s.c.t.s.ComputationStepExecutor] Propagate analysis warnings from scanner report | status=SUCCESS | time=3ms
2019.02.13 11:25:05 INFO  ce[AWjnrQn_QEeqsfvKU7zr][o.s.c.t.s.ComputationStepExecutor] Execute DB migrations for current project | status=SUCCESS | time=3ms
2019.02.13 11:25:05 INFO  ce[AWjnrQn_QEeqsfvKU7zr][o.s.c.t.s.ComputationStepExecutor] Generate analysis UUID | status=SUCCESS | time=0ms
2019.02.13 11:25:05 INFO  ce[AWjnrQn_QEeqsfvKU7zr][o.s.c.t.s.ComputationStepExecutor] Load analysis metadata | status=SUCCESS | time=11ms
2019.02.13 11:25:05 INFO  ce[AWjnrQn_QEeqsfvKU7zr][o.s.c.t.s.ComputationStepExecutor] Initialize | status=SUCCESS | time=0ms
2019.02.13 11:25:05 INFO  ce[AWjnrQn_QEeqsfvKU7zr][o.s.c.t.s.ComputationStepExecutor] Verify billing | status=SUCCESS | time=0ms
2019.02.13 11:25:05 INFO  ce[AWjnrQn_QEeqsfvKU7zr][o.s.c.t.s.ComputationStepExecutor] Build tree of components | components=1 | status=SUCCESS | time=6ms
2019.02.13 11:25:05 INFO  ce[AWjnrQn_QEeqsfvKU7zr][o.s.c.t.s.ComputationStepExecutor] Validate project | status=SUCCESS | time=3ms
2019.02.13 11:25:06 INFO  ce[AWjnrQn_QEeqsfvKU7zr][o.s.c.t.s.ComputationStepExecutor] Load quality profiles | status=SUCCESS | time=770ms
2019.02.13 11:25:06 INFO  ce[AWjnrQn_QEeqsfvKU7zr][o.s.c.t.s.ComputationStepExecutor] Load Quality gate | status=SUCCESS | time=8ms
2019.02.13 11:25:06 INFO  ce[AWjnrQn_QEeqsfvKU7zr][o.s.c.t.s.ComputationStepExecutor] Load new code period | status=SUCCESS | time=7ms
2019.02.13 11:25:06 INFO  ce[AWjnrQn_QEeqsfvKU7zr][o.s.c.t.s.ComputationStepExecutor] Detect file moves | reportFiles=0 | status=SUCCESS | time=1ms
2019.02.13 11:25:06 INFO  ce[AWjnrQn_QEeqsfvKU7zr][o.s.c.t.s.ComputationStepExecutor] Load duplications | duplications=0 | status=SUCCESS | time=0ms
2019.02.13 11:25:06 INFO  ce[AWjnrQn_QEeqsfvKU7zr][o.s.c.t.s.ComputationStepExecutor] Compute cross project duplications | status=SUCCESS | time=0ms
2019.02.13 11:25:06 INFO  ce[AWjnrQn_QEeqsfvKU7zr][o.s.c.t.s.ComputationStepExecutor] Compute size measures | status=SUCCESS | time=0ms
2019.02.13 11:25:06 INFO  ce[AWjnrQn_QEeqsfvKU7zr][o.s.c.t.s.ComputationStepExecutor] Compute new coverage | status=SUCCESS | time=0ms
2019.02.13 11:25:06 INFO  ce[AWjnrQn_QEeqsfvKU7zr][o.s.c.t.s.ComputationStepExecutor] Compute coverage measures | status=SUCCESS | time=0ms
2019.02.13 11:25:06 INFO  ce[AWjnrQn_QEeqsfvKU7zr][o.s.c.t.s.ComputationStepExecutor] Compute comment measures | status=SUCCESS | time=0ms
2019.02.13 11:25:06 INFO  ce[AWjnrQn_QEeqsfvKU7zr][o.s.c.t.s.ComputationStepExecutor] Copy custom measures | status=SUCCESS | time=2ms
2019.02.13 11:25:06 INFO  ce[AWjnrQn_QEeqsfvKU7zr][o.s.c.t.s.ComputationStepExecutor] Compute duplication measures | status=SUCCESS | time=0ms
2019.02.13 11:25:06 INFO  ce[AWjnrQn_QEeqsfvKU7zr][o.s.c.t.s.ComputationStepExecutor] Compute duplication data measures | status=SUCCESS | time=0ms
2019.02.13 11:25:06 INFO  ce[AWjnrQn_QEeqsfvKU7zr][o.s.c.t.s.ComputationStepExecutor] Compute size measures on new code | status=SUCCESS | time=0ms
2019.02.13 11:25:06 INFO  ce[AWjnrQn_QEeqsfvKU7zr][o.s.c.t.s.ComputationStepExecutor] Compute language distribution | status=SUCCESS | time=0ms
2019.02.13 11:25:06 INFO  ce[AWjnrQn_QEeqsfvKU7zr][o.s.c.t.s.ComputationStepExecutor] Compute test measures | status=SUCCESS | time=0ms
2019.02.13 11:25:06 INFO  ce[AWjnrQn_QEeqsfvKU7zr][o.s.c.t.s.ComputationStepExecutor] Compute complexity measures | status=SUCCESS | time=0ms
2019.02.13 11:25:06 INFO  ce[AWjnrQn_QEeqsfvKU7zr][o.s.c.t.s.ComputationStepExecutor] Load measure computers | status=SUCCESS | time=0ms
2019.02.13 11:25:06 INFO  ce[AWjnrQn_QEeqsfvKU7zr][o.s.c.t.s.ComputationStepExecutor] Compute Quality Profile status | status=SUCCESS | time=1ms
2019.02.13 11:25:06 INFO  ce[AWjnrQn_QEeqsfvKU7zr][o.s.c.t.s.ComputationStepExecutor] Execute component visitors | status=SUCCESS | time=7ms
2019.02.13 11:25:06 INFO  ce[AWjnrQn_QEeqsfvKU7zr][o.s.c.t.s.ComputationStepExecutor] Checks executed after computation of measures | status=SUCCESS | time=0ms
2019.02.13 11:25:06 INFO  ce[AWjnrQn_QEeqsfvKU7zr][o.s.c.t.s.ComputationStepExecutor] Compute Quality Gate measures | status=SUCCESS | time=3ms
2019.02.13 11:25:06 INFO  ce[AWjnrQn_QEeqsfvKU7zr][o.s.c.t.s.ComputationStepExecutor] Compute Quality profile measures | status=SUCCESS | time=0ms
2019.02.13 11:25:06 INFO  ce[AWjnrQn_QEeqsfvKU7zr][o.s.c.t.s.ComputationStepExecutor] Generate Quality profile events | status=SUCCESS | time=2ms
2019.02.13 11:25:06 INFO  ce[AWjnrQn_QEeqsfvKU7zr][o.s.c.t.s.ComputationStepExecutor] Generate Quality gate events | status=SUCCESS | time=2ms
2019.02.13 11:25:06 INFO  ce[AWjnrQn_QEeqsfvKU7zr][o.s.c.t.s.ComputationStepExecutor] Persist components | status=SUCCESS | time=3ms
2019.02.13 11:25:06 INFO  ce[AWjnrQn_QEeqsfvKU7zr][o.s.c.t.s.ComputationStepExecutor] Persist analysis | status=SUCCESS | time=1ms
2019.02.13 11:25:06 INFO  ce[AWjnrQn_QEeqsfvKU7zr][o.s.c.t.s.ComputationStepExecutor] Persist analysis properties | status=SUCCESS | time=1ms
2019.02.13 11:25:06 INFO  ce[AWjnrQn_QEeqsfvKU7zr][o.s.c.t.s.ComputationStepExecutor] Persist measures | inserts=45 | status=SUCCESS | time=11ms
2019.02.13 11:25:06 INFO  ce[AWjnrQn_QEeqsfvKU7zr][o.s.c.t.s.ComputationStepExecutor] Persist live measures | insertsOrUpdates=45 | status=SUCCESS | time=19ms
2019.02.13 11:25:06 INFO  ce[AWjnrQn_QEeqsfvKU7zr][o.s.c.t.s.ComputationStepExecutor] Persist new ad hoc Rules | status=SUCCESS | time=0ms
2019.02.13 11:25:06 INFO  ce[AWjnrQn_QEeqsfvKU7zr][o.s.c.t.s.ComputationStepExecutor] Persist issues | inserts=0 | updates=0 | merged=0 | untouched=0 | status=SUCCESS | time=1ms
2019.02.13 11:25:06 INFO  ce[AWjnrQn_QEeqsfvKU7zr][o.s.c.t.s.ComputationStepExecutor] Persist project links | status=SUCCESS | time=1ms
2019.02.13 11:25:06 INFO  ce[AWjnrQn_QEeqsfvKU7zr][o.s.c.t.s.ComputationStepExecutor] Persist events | status=SUCCESS | time=3ms
2019.02.13 11:25:06 INFO  ce[AWjnrQn_QEeqsfvKU7zr][o.s.c.t.s.ComputationStepExecutor] Persist sources | status=SUCCESS | time=1ms
2019.02.13 11:25:06 INFO  ce[AWjnrQn_QEeqsfvKU7zr][o.s.c.t.s.ComputationStepExecutor] Persist cross project duplications | status=SUCCESS | time=0ms
2019.02.13 11:25:06 INFO  ce[AWjnrQn_QEeqsfvKU7zr][o.s.c.t.s.ComputationStepExecutor] Enable analysis | status=SUCCESS | time=2ms
2019.02.13 11:25:06 INFO  ce[AWjnrQn_QEeqsfvKU7zr][o.s.c.t.s.ComputationStepExecutor] Update last usage date of quality profiles | status=SUCCESS | time=0ms
2019.02.13 11:25:06 INFO  ce[AWjnrQn_QEeqsfvKU7zr][o.s.c.t.s.ComputationStepExecutor] Purge db | status=SUCCESS | time=23ms
2019.02.13 11:25:09 INFO  ce[AWjnrQn_QEeqsfvKU7zr][o.s.c.t.s.ComputationStepExecutor] Index analysis | status=SUCCESS | time=2924ms
2019.02.13 11:25:09 INFO  ce[AWjnrQn_QEeqsfvKU7zr][o.s.c.t.s.ComputationStepExecutor] Send issue notifications | newIssuesNotifs=0 | newIssuesDeliveries=0 | myNewIssuesNotifs=0 | myNewIssuesDeliveries=0 | changesNotifs=0 | changesDeliveries=0 | status=SUCCESS | time=2ms
2019.02.13 11:25:09 INFO  ce[AWjnrQn_QEeqsfvKU7zr][o.s.c.t.s.ComputationStepExecutor] Publish task results | status=SUCCESS | time=0ms
2019.02.13 11:25:09 INFO  ce[AWjnrQn_QEeqsfvKU7zr][o.s.c.t.s.ComputationStepExecutor] Trigger refresh of Portfolios and Applications | status=SUCCESS | time=0ms
2019.02.13 11:25:09 INFO  ce[AWjnrQn_QEeqsfvKU7zr][o.s.c.t.CeWorkerImpl] Executed task | project=JavaProject | type=REPORT | id=AWjnrQn_QEeqsfvKU7zr | submitter=admin | status=SUCCESS | time=3948ms
2019.02.13 12:10:50 INFO  ce[][o.s.p.StopWatcher] Stopping process
2019.02.13 12:10:50 INFO  ce[][o.s.ce.app.CeServer] Compute Engine is stopping...
2019.02.13 12:10:50 INFO  ce[][o.s.c.t.CeProcessingSchedulerImpl] Waiting for workers to finish in-progress tasks
2019.02.13 12:10:52 INFO  ce[][o.s.ce.app.CeServer] Compute Engine is stopped
2019.02.13 12:14:59 INFO  ce[][o.s.p.ProcessEntryPoint] Starting ce
2019.02.13 12:14:59 INFO  ce[][o.s.ce.app.CeServer] Compute Engine starting up...
2019.02.13 12:15:00 INFO  ce[][o.e.p.PluginsService] no modules loaded
2019.02.13 12:15:00 INFO  ce[][o.e.p.PluginsService] loaded plugin [org.elasticsearch.join.ParentJoinPlugin]
2019.02.13 12:15:00 INFO  ce[][o.e.p.PluginsService] loaded plugin [org.elasticsearch.percolator.PercolatorPlugin]
2019.02.13 12:15:00 INFO  ce[][o.e.p.PluginsService] loaded plugin [org.elasticsearch.transport.Netty4Plugin]
2019.02.13 12:15:02 INFO  ce[][o.s.s.e.EsClientProvider] Connected to local Elasticsearch: [127.0.0.1:9001]
2019.02.13 12:15:02 INFO  ce[][o.sonar.db.Database] Create JDBC data source for jdbc:h2:tcp://127.0.0.1:9092/sonar
2019.02.13 12:15:02 WARN  ce[][o.s.db.dialect.H2] H2 database should be used for evaluation purpose only.
2019.02.13 12:15:03 INFO  ce[][o.s.s.p.ServerFileSystemImpl] SonarQube home: C:\Users\AJReddy\git\files\sonarqube-7.6
2019.02.13 12:15:03 INFO  ce[][o.s.c.c.CePluginRepository] Load plugins
2019.02.13 12:15:18 INFO  ce[][o.s.c.c.ComputeEngineContainerImpl] Running Community edition
2019.02.13 12:15:18 INFO  ce[][o.s.c.q.PurgeCeActivities] Delete the Compute Engine tasks created before 1534526118964
2019.02.13 12:15:18 INFO  ce[][o.s.c.q.PurgeCeActivities] Delete the Scanner contexts tasks created before 1547658918979
2019.02.13 12:15:19 INFO  ce[][o.s.ce.app.CeServer] Compute Engine is operational
2019.02.13 12:15:49 INFO  ce[][o.s.c.t.CeWorkerImpl] Execute task | project=JavaProject | type=REPORT | id=AWjn232xBG5-w62vQsEn | submitter=admin
2019.02.13 12:15:49 INFO  ce[AWjn232xBG5-w62vQsEn][o.s.c.t.s.ComputationStepExecutor] Extract report | status=SUCCESS | time=53ms
2019.02.13 12:15:49 INFO  ce[AWjn232xBG5-w62vQsEn][o.s.c.t.s.ComputationStepExecutor] Persist scanner context | status=SUCCESS | time=11ms
2019.02.13 12:15:49 INFO  ce[AWjn232xBG5-w62vQsEn][o.s.c.t.s.ComputationStepExecutor] Propagate analysis warnings from scanner report | status=SUCCESS | time=0ms
2019.02.13 12:15:50 INFO  ce[AWjn232xBG5-w62vQsEn][o.s.c.t.s.ComputationStepExecutor] Execute DB migrations for current project | status=SUCCESS | time=18ms
2019.02.13 12:15:50 INFO  ce[AWjn232xBG5-w62vQsEn][o.s.c.t.s.ComputationStepExecutor] Generate analysis UUID | status=SUCCESS | time=0ms
2019.02.13 12:15:50 INFO  ce[AWjn232xBG5-w62vQsEn][o.s.c.t.s.ComputationStepExecutor] Load analysis metadata | status=SUCCESS | time=168ms
2019.02.13 12:15:50 INFO  ce[AWjn232xBG5-w62vQsEn][o.s.c.t.s.ComputationStepExecutor] Initialize | status=SUCCESS | time=0ms
2019.02.13 12:15:50 INFO  ce[AWjn232xBG5-w62vQsEn][o.s.c.t.s.ComputationStepExecutor] Verify billing | status=SUCCESS | time=0ms
2019.02.13 12:15:50 INFO  ce[AWjn232xBG5-w62vQsEn][o.s.c.t.s.ComputationStepExecutor] Build tree of components | components=1 | status=SUCCESS | time=67ms
2019.02.13 12:15:50 INFO  ce[AWjn232xBG5-w62vQsEn][o.s.c.t.s.ComputationStepExecutor] Validate project | status=SUCCESS | time=9ms
2019.02.13 12:15:50 INFO  ce[AWjn232xBG5-w62vQsEn][o.s.c.t.s.ComputationStepExecutor] Load quality profiles | status=SUCCESS | time=714ms
2019.02.13 12:15:51 INFO  ce[AWjn232xBG5-w62vQsEn][o.s.c.t.s.ComputationStepExecutor] Load Quality gate | status=SUCCESS | time=71ms
2019.02.13 12:15:51 INFO  ce[AWjn232xBG5-w62vQsEn][o.s.c.t.s.ComputationStepExecutor] Load new code period | status=SUCCESS | time=9ms
2019.02.13 12:15:51 INFO  ce[AWjn232xBG5-w62vQsEn][o.s.c.t.s.ComputationStepExecutor] Detect file moves | reportFiles=0 | status=SUCCESS | time=0ms
2019.02.13 12:15:51 INFO  ce[AWjn232xBG5-w62vQsEn][o.s.c.t.s.ComputationStepExecutor] Load duplications | duplications=0 | status=SUCCESS | time=1ms
2019.02.13 12:15:51 INFO  ce[AWjn232xBG5-w62vQsEn][o.s.c.t.s.ComputationStepExecutor] Compute cross project duplications | status=SUCCESS | time=0ms
2019.02.13 12:15:51 INFO  ce[AWjn232xBG5-w62vQsEn][o.s.c.t.s.ComputationStepExecutor] Compute size measures | status=SUCCESS | time=5ms
2019.02.13 12:15:51 INFO  ce[AWjn232xBG5-w62vQsEn][o.s.c.t.s.ComputationStepExecutor] Compute new coverage | status=SUCCESS | time=6ms
2019.02.13 12:15:51 INFO  ce[AWjn232xBG5-w62vQsEn][o.s.c.t.s.ComputationStepExecutor] Compute coverage measures | status=SUCCESS | time=1ms
2019.02.13 12:15:51 INFO  ce[AWjn232xBG5-w62vQsEn][o.s.c.t.s.ComputationStepExecutor] Compute comment measures | status=SUCCESS | time=1ms
2019.02.13 12:15:51 INFO  ce[AWjn232xBG5-w62vQsEn][o.s.c.t.s.ComputationStepExecutor] Copy custom measures | status=SUCCESS | time=3ms
2019.02.13 12:15:51 INFO  ce[AWjn232xBG5-w62vQsEn][o.s.c.t.s.ComputationStepExecutor] Compute duplication measures | status=SUCCESS | time=1ms
2019.02.13 12:15:51 INFO  ce[AWjn232xBG5-w62vQsEn][o.s.c.t.s.ComputationStepExecutor] Compute duplication data measures | status=SUCCESS | time=1ms
2019.02.13 12:15:51 INFO  ce[AWjn232xBG5-w62vQsEn][o.s.c.t.s.ComputationStepExecutor] Compute size measures on new code | status=SUCCESS | time=1ms
2019.02.13 12:15:51 INFO  ce[AWjn232xBG5-w62vQsEn][o.s.c.t.s.ComputationStepExecutor] Compute language distribution | status=SUCCESS | time=25ms
2019.02.13 12:15:51 INFO  ce[AWjn232xBG5-w62vQsEn][o.s.c.t.s.ComputationStepExecutor] Compute test measures | status=SUCCESS | time=1ms
2019.02.13 12:15:51 INFO  ce[AWjn232xBG5-w62vQsEn][o.s.c.t.s.ComputationStepExecutor] Compute complexity measures | status=SUCCESS | time=2ms
2019.02.13 12:15:51 INFO  ce[AWjn232xBG5-w62vQsEn][o.s.c.t.s.ComputationStepExecutor] Load measure computers | status=SUCCESS | time=2ms
2019.02.13 12:15:51 INFO  ce[AWjn232xBG5-w62vQsEn][o.s.c.t.s.ComputationStepExecutor] Compute Quality Profile status | status=SUCCESS | time=16ms
2019.02.13 12:15:51 INFO  ce[AWjn232xBG5-w62vQsEn][o.s.c.t.s.ComputationStepExecutor] Execute component visitors | status=SUCCESS | time=47ms
2019.02.13 12:15:51 INFO  ce[AWjn232xBG5-w62vQsEn][o.s.c.t.s.ComputationStepExecutor] Checks executed after computation of measures | status=SUCCESS | time=1ms
2019.02.13 12:15:51 INFO  ce[AWjn232xBG5-w62vQsEn][o.s.c.t.s.ComputationStepExecutor] Compute Quality Gate measures | status=SUCCESS | time=115ms
2019.02.13 12:15:51 INFO  ce[AWjn232xBG5-w62vQsEn][o.s.c.t.s.ComputationStepExecutor] Compute Quality profile measures | status=SUCCESS | time=2ms
2019.02.13 12:15:51 INFO  ce[AWjn232xBG5-w62vQsEn][o.s.c.t.s.ComputationStepExecutor] Generate Quality profile events | status=SUCCESS | time=2ms
2019.02.13 12:15:51 INFO  ce[AWjn232xBG5-w62vQsEn][o.s.c.t.s.ComputationStepExecutor] Generate Quality gate events | status=SUCCESS | time=3ms
2019.02.13 12:15:51 INFO  ce[AWjn232xBG5-w62vQsEn][o.s.c.t.s.ComputationStepExecutor] Persist components | status=SUCCESS | time=19ms
2019.02.13 12:15:51 INFO  ce[AWjn232xBG5-w62vQsEn][o.s.c.t.s.ComputationStepExecutor] Persist analysis | status=SUCCESS | time=5ms
2019.02.13 12:15:51 INFO  ce[AWjn232xBG5-w62vQsEn][o.s.c.t.s.ComputationStepExecutor] Persist analysis properties | status=SUCCESS | time=6ms
2019.02.13 12:15:51 INFO  ce[AWjn232xBG5-w62vQsEn][o.s.c.t.s.ComputationStepExecutor] Persist measures | inserts=45 | status=SUCCESS | time=47ms
2019.02.13 12:15:51 INFO  ce[AWjn232xBG5-w62vQsEn][o.s.c.t.s.ComputationStepExecutor] Persist live measures | insertsOrUpdates=45 | status=SUCCESS | time=36ms
2019.02.13 12:15:51 INFO  ce[AWjn232xBG5-w62vQsEn][o.s.c.t.s.ComputationStepExecutor] Persist new ad hoc Rules | status=SUCCESS | time=1ms
2019.02.13 12:15:51 INFO  ce[AWjn232xBG5-w62vQsEn][o.s.c.t.s.ComputationStepExecutor] Persist issues | inserts=0 | updates=0 | merged=0 | untouched=0 | status=SUCCESS | time=6ms
2019.02.13 12:15:51 INFO  ce[AWjn232xBG5-w62vQsEn][o.s.c.t.s.ComputationStepExecutor] Persist project links | status=SUCCESS | time=5ms
2019.02.13 12:15:51 INFO  ce[AWjn232xBG5-w62vQsEn][o.s.c.t.s.ComputationStepExecutor] Persist events | status=SUCCESS | time=5ms
2019.02.13 12:15:51 INFO  ce[AWjn232xBG5-w62vQsEn][o.s.c.t.s.ComputationStepExecutor] Persist sources | status=SUCCESS | time=2ms
2019.02.13 12:15:51 INFO  ce[AWjn232xBG5-w62vQsEn][o.s.c.t.s.ComputationStepExecutor] Persist cross project duplications | status=SUCCESS | time=0ms
2019.02.13 12:15:51 INFO  ce[AWjn232xBG5-w62vQsEn][o.s.c.t.s.ComputationStepExecutor] Enable analysis | status=SUCCESS | time=4ms
2019.02.13 12:15:51 INFO  ce[AWjn232xBG5-w62vQsEn][o.s.c.t.s.ComputationStepExecutor] Update last usage date of quality profiles | status=SUCCESS | time=0ms
2019.02.13 12:15:51 INFO  ce[AWjn232xBG5-w62vQsEn][o.s.c.t.s.ComputationStepExecutor] Purge db | status=SUCCESS | time=72ms
2019.02.13 12:15:52 INFO  ce[AWjn232xBG5-w62vQsEn][o.s.c.t.s.ComputationStepExecutor] Index analysis | status=SUCCESS | time=623ms
2019.02.13 12:15:52 INFO  ce[AWjn232xBG5-w62vQsEn][o.s.c.t.s.ComputationStepExecutor] Send issue notifications | newIssuesNotifs=0 | newIssuesDeliveries=0 | myNewIssuesNotifs=0 | myNewIssuesDeliveries=0 | changesNotifs=0 | changesDeliveries=0 | status=SUCCESS | time=3ms
2019.02.13 12:15:52 INFO  ce[AWjn232xBG5-w62vQsEn][o.s.c.t.s.ComputationStepExecutor] Publish task results | status=SUCCESS | time=1ms
2019.02.13 12:15:52 INFO  ce[AWjn232xBG5-w62vQsEn][o.s.c.t.s.ComputationStepExecutor] Trigger refresh of Portfolios and Applications | status=SUCCESS | time=0ms
2019.02.13 12:15:52 INFO  ce[AWjn232xBG5-w62vQsEn][o.s.c.t.CeWorkerImpl] Executed task | project=JavaProject | type=REPORT | id=AWjn232xBG5-w62vQsEn | submitter=admin | status=SUCCESS | time=3081ms
2019.02.13 12:25:00 INFO  ce[][o.s.c.t.CeWorkerImpl] Execute task | project=JavaProject | type=REPORT | id=AWjn4-e-BG5-w62vQsEo | submitter=admin
2019.02.13 12:25:00 INFO  ce[AWjn4-e-BG5-w62vQsEo][o.s.c.t.s.ComputationStepExecutor] Extract report | status=SUCCESS | time=137ms
2019.02.13 12:25:00 INFO  ce[AWjn4-e-BG5-w62vQsEo][o.s.c.t.s.ComputationStepExecutor] Persist scanner context | status=SUCCESS | time=6ms
2019.02.13 12:25:00 INFO  ce[AWjn4-e-BG5-w62vQsEo][o.s.c.t.s.ComputationStepExecutor] Propagate analysis warnings from scanner report | status=SUCCESS | time=6ms
2019.02.13 12:25:00 INFO  ce[AWjn4-e-BG5-w62vQsEo][o.s.c.t.s.ComputationStepExecutor] Execute DB migrations for current project | status=SUCCESS | time=3ms
2019.02.13 12:25:00 INFO  ce[AWjn4-e-BG5-w62vQsEo][o.s.c.t.s.ComputationStepExecutor] Generate analysis UUID | status=SUCCESS | time=0ms
2019.02.13 12:25:00 INFO  ce[AWjn4-e-BG5-w62vQsEo][o.s.c.t.s.ComputationStepExecutor] Load analysis metadata | status=SUCCESS | time=10ms
2019.02.13 12:25:00 INFO  ce[AWjn4-e-BG5-w62vQsEo][o.s.c.t.s.ComputationStepExecutor] Initialize | status=SUCCESS | time=0ms
2019.02.13 12:25:00 INFO  ce[AWjn4-e-BG5-w62vQsEo][o.s.c.t.s.ComputationStepExecutor] Verify billing | status=SUCCESS | time=0ms
2019.02.13 12:25:00 INFO  ce[AWjn4-e-BG5-w62vQsEo][o.s.c.t.s.ComputationStepExecutor] Build tree of components | components=9 | status=SUCCESS | time=55ms
2019.02.13 12:25:00 INFO  ce[AWjn4-e-BG5-w62vQsEo][o.s.c.t.s.ComputationStepExecutor] Validate project | status=SUCCESS | time=3ms
2019.02.13 12:25:01 INFO  ce[AWjn4-e-BG5-w62vQsEo][o.s.c.t.s.ComputationStepExecutor] Load quality profiles | status=SUCCESS | time=504ms
2019.02.13 12:25:01 INFO  ce[AWjn4-e-BG5-w62vQsEo][o.s.c.t.s.ComputationStepExecutor] Load Quality gate | status=SUCCESS | time=8ms
2019.02.13 12:25:01 INFO  ce[AWjn4-e-BG5-w62vQsEo][o.s.c.t.s.ComputationStepExecutor] Load new code period | status=SUCCESS | time=4ms
2019.02.13 12:25:01 INFO  ce[AWjn4-e-BG5-w62vQsEo][o.s.c.t.s.ComputationStepExecutor] Detect file moves | reportFiles=6 | dbFiles=0 | addedFiles=6 | status=SUCCESS | time=95ms
2019.02.13 12:25:01 INFO  ce[AWjn4-e-BG5-w62vQsEo][o.s.c.t.s.ComputationStepExecutor] Load duplications | duplications=0 | status=SUCCESS | time=15ms
2019.02.13 12:25:01 INFO  ce[AWjn4-e-BG5-w62vQsEo][o.s.c.t.s.ComputationStepExecutor] Compute cross project duplications | status=SUCCESS | time=0ms
2019.02.13 12:25:01 INFO  ce[AWjn4-e-BG5-w62vQsEo][o.s.c.t.s.ComputationStepExecutor] Compute size measures | status=SUCCESS | time=25ms
2019.02.13 12:25:01 INFO  ce[AWjn4-e-BG5-w62vQsEo][o.s.c.t.s.ComputationStepExecutor] Compute new coverage | status=SUCCESS | time=53ms
2019.02.13 12:25:01 INFO  ce[AWjn4-e-BG5-w62vQsEo][o.s.c.t.s.ComputationStepExecutor] Compute coverage measures | status=SUCCESS | time=1ms
2019.02.13 12:25:01 INFO  ce[AWjn4-e-BG5-w62vQsEo][o.s.c.t.s.ComputationStepExecutor] Compute comment measures | status=SUCCESS | time=1ms
2019.02.13 12:25:01 INFO  ce[AWjn4-e-BG5-w62vQsEo][o.s.c.t.s.ComputationStepExecutor] Copy custom measures | status=SUCCESS | time=2ms
2019.02.13 12:25:01 INFO  ce[AWjn4-e-BG5-w62vQsEo][o.s.c.t.s.ComputationStepExecutor] Compute duplication measures | status=SUCCESS | time=1ms
2019.02.13 12:25:01 INFO  ce[AWjn4-e-BG5-w62vQsEo][o.s.c.t.s.ComputationStepExecutor] Compute duplication data measures | status=SUCCESS | time=0ms
2019.02.13 12:25:01 INFO  ce[AWjn4-e-BG5-w62vQsEo][o.s.c.t.s.ComputationStepExecutor] Compute size measures on new code | status=SUCCESS | time=2ms
2019.02.13 12:25:01 INFO  ce[AWjn4-e-BG5-w62vQsEo][o.s.c.t.s.ComputationStepExecutor] Compute language distribution | status=SUCCESS | time=31ms
2019.02.13 12:25:01 INFO  ce[AWjn4-e-BG5-w62vQsEo][o.s.c.t.s.ComputationStepExecutor] Compute test measures | status=SUCCESS | time=0ms
2019.02.13 12:25:01 INFO  ce[AWjn4-e-BG5-w62vQsEo][o.s.c.t.s.ComputationStepExecutor] Compute complexity measures | status=SUCCESS | time=46ms
2019.02.13 12:25:01 INFO  ce[AWjn4-e-BG5-w62vQsEo][o.s.c.t.s.ComputationStepExecutor] Load measure computers | status=SUCCESS | time=1ms
2019.02.13 12:25:01 INFO  ce[AWjn4-e-BG5-w62vQsEo][o.s.c.t.s.ComputationStepExecutor] Compute Quality Profile status | status=SUCCESS | time=2ms
2019.02.13 12:25:02 INFO  ce[AWjn4-e-BG5-w62vQsEo][o.s.c.t.s.ComputationStepExecutor] Execute component visitors | status=SUCCESS | time=681ms
2019.02.13 12:25:02 INFO  ce[AWjn4-e-BG5-w62vQsEo][o.s.c.t.s.ComputationStepExecutor] Checks executed after computation of measures | status=SUCCESS | time=0ms
2019.02.13 12:25:02 INFO  ce[AWjn4-e-BG5-w62vQsEo][o.s.c.t.s.ComputationStepExecutor] Compute Quality Gate measures | status=SUCCESS | time=12ms
2019.02.13 12:25:02 INFO  ce[AWjn4-e-BG5-w62vQsEo][o.s.c.t.s.ComputationStepExecutor] Compute Quality profile measures | status=SUCCESS | time=5ms
2019.02.13 12:25:02 INFO  ce[AWjn4-e-BG5-w62vQsEo][o.s.c.t.s.ComputationStepExecutor] Generate Quality profile events | status=SUCCESS | time=2ms
2019.02.13 12:25:02 INFO  ce[AWjn4-e-BG5-w62vQsEo][o.s.c.t.s.ComputationStepExecutor] Generate Quality gate events | status=SUCCESS | time=7ms
2019.02.13 12:25:02 INFO  ce[AWjn4-e-BG5-w62vQsEo][o.s.c.t.s.ComputationStepExecutor] Persist components | status=SUCCESS | time=34ms
2019.02.13 12:25:02 INFO  ce[AWjn4-e-BG5-w62vQsEo][o.s.c.t.s.ComputationStepExecutor] Persist analysis | status=SUCCESS | time=2ms
2019.02.13 12:25:02 INFO  ce[AWjn4-e-BG5-w62vQsEo][o.s.c.t.s.ComputationStepExecutor] Persist analysis properties | status=SUCCESS | time=3ms
2019.02.13 12:25:02 INFO  ce[AWjn4-e-BG5-w62vQsEo][o.s.c.t.s.ComputationStepExecutor] Persist measures | inserts=81 | status=SUCCESS | time=20ms
2019.02.13 12:25:02 INFO  ce[AWjn4-e-BG5-w62vQsEo][o.s.c.t.s.ComputationStepExecutor] Persist live measures | insertsOrUpdates=485 | status=SUCCESS | time=185ms
2019.02.13 12:25:02 INFO  ce[AWjn4-e-BG5-w62vQsEo][o.s.c.t.s.ComputationStepExecutor] Persist new ad hoc Rules | status=SUCCESS | time=0ms
2019.02.13 12:25:02 INFO  ce[AWjn4-e-BG5-w62vQsEo][o.s.c.t.s.ComputationStepExecutor] Persist issues | inserts=25 | updates=0 | merged=0 | untouched=0 | status=SUCCESS | time=141ms
2019.02.13 12:25:02 INFO  ce[AWjn4-e-BG5-w62vQsEo][o.s.c.t.s.ComputationStepExecutor] Persist project links | status=SUCCESS | time=2ms
2019.02.13 12:25:02 INFO  ce[AWjn4-e-BG5-w62vQsEo][o.s.c.t.s.ComputationStepExecutor] Persist events | status=SUCCESS | time=4ms
2019.02.13 12:25:03 INFO  ce[AWjn4-e-BG5-w62vQsEo][o.s.c.t.s.ComputationStepExecutor] Persist sources | status=SUCCESS | time=537ms
2019.02.13 12:25:03 INFO  ce[AWjn4-e-BG5-w62vQsEo][o.s.c.t.s.ComputationStepExecutor] Persist cross project duplications | status=SUCCESS | time=0ms
2019.02.13 12:25:03 INFO  ce[AWjn4-e-BG5-w62vQsEo][o.s.c.t.s.ComputationStepExecutor] Enable analysis | status=SUCCESS | time=3ms
2019.02.13 12:25:03 INFO  ce[AWjn4-e-BG5-w62vQsEo][o.s.c.t.s.ComputationStepExecutor] Update last usage date of quality profiles | status=SUCCESS | time=18ms
2019.02.13 12:25:03 INFO  ce[AWjn4-e-BG5-w62vQsEo][o.s.c.t.s.ComputationStepExecutor] Purge db | status=SUCCESS | time=38ms
2019.02.13 12:25:03 INFO  ce[AWjn4-e-BG5-w62vQsEo][o.s.c.t.s.ComputationStepExecutor] Index analysis | status=SUCCESS | time=782ms
2019.02.13 12:25:03 INFO  ce[AWjn4-e-BG5-w62vQsEo][o.s.c.t.s.ComputationStepExecutor] Send issue notifications | newIssuesNotifs=0 | newIssuesDeliveries=0 | myNewIssuesNotifs=0 | myNewIssuesDeliveries=0 | changesNotifs=0 | changesDeliveries=0 | status=SUCCESS | time=2ms
2019.02.13 12:25:03 INFO  ce[AWjn4-e-BG5-w62vQsEo][o.s.c.t.s.ComputationStepExecutor] Publish task results | status=SUCCESS | time=0ms
2019.02.13 12:25:03 INFO  ce[AWjn4-e-BG5-w62vQsEo][o.s.c.t.s.ComputationStepExecutor] Trigger refresh of Portfolios and Applications | status=SUCCESS | time=0ms
2019.02.13 12:25:03 INFO  ce[AWjn4-e-BG5-w62vQsEo][o.s.c.t.CeWorkerImpl] Executed task | project=JavaProject | type=REPORT | id=AWjn4-e-BG5-w62vQsEo | submitter=admin | status=SUCCESS | time=3576ms
2019.02.13 12:39:38 INFO  ce[][o.s.c.t.CeWorkerImpl] Execute task | project=JavaProject | type=REPORT | id=AWjn8UtPBG5-w62vQsEp | submitter=admin
2019.02.13 12:39:38 INFO  ce[AWjn8UtPBG5-w62vQsEp][o.s.c.t.s.ComputationStepExecutor] Extract report | status=SUCCESS | time=465ms
2019.02.13 12:39:38 INFO  ce[AWjn8UtPBG5-w62vQsEp][o.s.c.t.s.ComputationStepExecutor] Persist scanner context | status=SUCCESS | time=9ms
2019.02.13 12:39:38 INFO  ce[AWjn8UtPBG5-w62vQsEp][o.s.c.t.s.ComputationStepExecutor] Propagate analysis warnings from scanner report | status=SUCCESS | time=3ms
2019.02.13 12:39:38 INFO  ce[AWjn8UtPBG5-w62vQsEp][o.s.c.t.s.ComputationStepExecutor] Execute DB migrations for current project | status=SUCCESS | time=3ms
2019.02.13 12:39:38 INFO  ce[AWjn8UtPBG5-w62vQsEp][o.s.c.t.s.ComputationStepExecutor] Generate analysis UUID | status=SUCCESS | time=0ms
2019.02.13 12:39:38 INFO  ce[AWjn8UtPBG5-w62vQsEp][o.s.c.t.s.ComputationStepExecutor] Load analysis metadata | status=SUCCESS | time=17ms
2019.02.13 12:39:38 INFO  ce[AWjn8UtPBG5-w62vQsEp][o.s.c.t.s.ComputationStepExecutor] Initialize | status=SUCCESS | time=0ms
2019.02.13 12:39:38 INFO  ce[AWjn8UtPBG5-w62vQsEp][o.s.c.t.s.ComputationStepExecutor] Verify billing | status=SUCCESS | time=0ms
2019.02.13 12:39:38 INFO  ce[AWjn8UtPBG5-w62vQsEp][o.s.c.t.s.ComputationStepExecutor] Build tree of components | components=9 | status=SUCCESS | time=58ms
2019.02.13 12:39:38 INFO  ce[AWjn8UtPBG5-w62vQsEp][o.s.c.t.s.ComputationStepExecutor] Validate project | status=SUCCESS | time=3ms
2019.02.13 12:39:39 INFO  ce[AWjn8UtPBG5-w62vQsEp][o.s.c.t.s.ComputationStepExecutor] Load quality profiles | status=SUCCESS | time=474ms
2019.02.13 12:39:39 INFO  ce[AWjn8UtPBG5-w62vQsEp][o.s.c.t.s.ComputationStepExecutor] Load Quality gate | status=SUCCESS | time=11ms
2019.02.13 12:39:39 INFO  ce[AWjn8UtPBG5-w62vQsEp][o.s.c.t.s.ComputationStepExecutor] Load new code period | status=SUCCESS | time=5ms
2019.02.13 12:39:39 INFO  ce[AWjn8UtPBG5-w62vQsEp][o.s.c.t.s.ComputationStepExecutor] Detect file moves | reportFiles=6 | dbFiles=6 | addedFiles=0 | status=SUCCESS | time=15ms
2019.02.13 12:39:39 INFO  ce[AWjn8UtPBG5-w62vQsEp][o.s.c.t.s.ComputationStepExecutor] Load duplications | duplications=0 | status=SUCCESS | time=1ms
2019.02.13 12:39:39 INFO  ce[AWjn8UtPBG5-w62vQsEp][o.s.c.t.s.ComputationStepExecutor] Compute cross project duplications | status=SUCCESS | time=0ms
2019.02.13 12:39:39 INFO  ce[AWjn8UtPBG5-w62vQsEp][o.s.c.t.s.ComputationStepExecutor] Compute size measures | status=SUCCESS | time=3ms
2019.02.13 12:39:39 INFO  ce[AWjn8UtPBG5-w62vQsEp][o.s.c.t.s.ComputationStepExecutor] Compute new coverage | status=SUCCESS | time=44ms
2019.02.13 12:39:39 INFO  ce[AWjn8UtPBG5-w62vQsEp][o.s.c.t.s.ComputationStepExecutor] Compute coverage measures | status=SUCCESS | time=0ms
2019.02.13 12:39:39 INFO  ce[AWjn8UtPBG5-w62vQsEp][o.s.c.t.s.ComputationStepExecutor] Compute comment measures | status=SUCCESS | time=0ms
2019.02.13 12:39:39 INFO  ce[AWjn8UtPBG5-w62vQsEp][o.s.c.t.s.ComputationStepExecutor] Copy custom measures | status=SUCCESS | time=2ms
2019.02.13 12:39:39 INFO  ce[AWjn8UtPBG5-w62vQsEp][o.s.c.t.s.ComputationStepExecutor] Compute duplication measures | status=SUCCESS | time=0ms
2019.02.13 12:39:39 INFO  ce[AWjn8UtPBG5-w62vQsEp][o.s.c.t.s.ComputationStepExecutor] Compute duplication data measures | status=SUCCESS | time=0ms
2019.02.13 12:39:39 INFO  ce[AWjn8UtPBG5-w62vQsEp][o.s.c.t.s.ComputationStepExecutor] Compute size measures on new code | status=SUCCESS | time=0ms
2019.02.13 12:39:39 INFO  ce[AWjn8UtPBG5-w62vQsEp][o.s.c.t.s.ComputationStepExecutor] Compute language distribution | status=SUCCESS | time=0ms
2019.02.13 12:39:39 INFO  ce[AWjn8UtPBG5-w62vQsEp][o.s.c.t.s.ComputationStepExecutor] Compute test measures | status=SUCCESS | time=0ms
2019.02.13 12:39:39 INFO  ce[AWjn8UtPBG5-w62vQsEp][o.s.c.t.s.ComputationStepExecutor] Compute complexity measures | status=SUCCESS | time=3ms
2019.02.13 12:39:39 INFO  ce[AWjn8UtPBG5-w62vQsEp][o.s.c.t.s.ComputationStepExecutor] Load measure computers | status=SUCCESS | time=0ms
2019.02.13 12:39:39 INFO  ce[AWjn8UtPBG5-w62vQsEp][o.s.c.t.s.ComputationStepExecutor] Compute Quality Profile status | status=SUCCESS | time=5ms
2019.02.13 12:39:39 INFO  ce[AWjn8UtPBG5-w62vQsEp][o.s.c.t.s.ComputationStepExecutor] Execute component visitors | status=SUCCESS | time=183ms
2019.02.13 12:39:39 INFO  ce[AWjn8UtPBG5-w62vQsEp][o.s.c.t.s.ComputationStepExecutor] Checks executed after computation of measures | status=SUCCESS | time=0ms
2019.02.13 12:39:39 INFO  ce[AWjn8UtPBG5-w62vQsEp][o.s.c.t.s.ComputationStepExecutor] Compute Quality Gate measures | status=SUCCESS | time=0ms
2019.02.13 12:39:39 INFO  ce[AWjn8UtPBG5-w62vQsEp][o.s.c.t.s.ComputationStepExecutor] Compute Quality profile measures | status=SUCCESS | time=1ms
2019.02.13 12:39:39 INFO  ce[AWjn8UtPBG5-w62vQsEp][o.s.c.t.s.ComputationStepExecutor] Generate Quality profile events | status=SUCCESS | time=3ms
2019.02.13 12:39:39 INFO  ce[AWjn8UtPBG5-w62vQsEp][o.s.c.t.s.ComputationStepExecutor] Generate Quality gate events | status=SUCCESS | time=2ms
2019.02.13 12:39:39 INFO  ce[AWjn8UtPBG5-w62vQsEp][o.s.c.t.s.ComputationStepExecutor] Persist components | status=SUCCESS | time=4ms
2019.02.13 12:39:39 INFO  ce[AWjn8UtPBG5-w62vQsEp][o.s.c.t.s.ComputationStepExecutor] Persist analysis | status=SUCCESS | time=2ms
2019.02.13 12:39:39 INFO  ce[AWjn8UtPBG5-w62vQsEp][o.s.c.t.s.ComputationStepExecutor] Persist analysis properties | status=SUCCESS | time=1ms
2019.02.13 12:39:39 INFO  ce[AWjn8UtPBG5-w62vQsEp][o.s.c.t.s.ComputationStepExecutor] Persist measures | inserts=81 | status=SUCCESS | time=12ms
2019.02.13 12:39:39 INFO  ce[AWjn8UtPBG5-w62vQsEp][o.s.c.t.s.ComputationStepExecutor] Persist live measures | insertsOrUpdates=485 | status=SUCCESS | time=134ms
2019.02.13 12:39:39 INFO  ce[AWjn8UtPBG5-w62vQsEp][o.s.c.t.s.ComputationStepExecutor] Persist new ad hoc Rules | status=SUCCESS | time=1ms
2019.02.13 12:39:39 INFO  ce[AWjn8UtPBG5-w62vQsEp][o.s.c.t.s.ComputationStepExecutor] Persist issues | inserts=0 | updates=0 | merged=0 | untouched=25 | status=SUCCESS | time=67ms
2019.02.13 12:39:39 INFO  ce[AWjn8UtPBG5-w62vQsEp][o.s.c.t.s.ComputationStepExecutor] Persist project links | status=SUCCESS | time=2ms
2019.02.13 12:39:39 INFO  ce[AWjn8UtPBG5-w62vQsEp][o.s.c.t.s.ComputationStepExecutor] Persist events | status=SUCCESS | time=3ms
2019.02.13 12:39:40 INFO  ce[AWjn8UtPBG5-w62vQsEp][o.s.c.t.s.ComputationStepExecutor] Persist sources | status=SUCCESS | time=25ms
2019.02.13 12:39:40 INFO  ce[AWjn8UtPBG5-w62vQsEp][o.s.c.t.s.ComputationStepExecutor] Persist cross project duplications | status=SUCCESS | time=0ms
2019.02.13 12:39:40 INFO  ce[AWjn8UtPBG5-w62vQsEp][o.s.c.t.s.ComputationStepExecutor] Enable analysis | status=SUCCESS | time=4ms
2019.02.13 12:39:40 INFO  ce[AWjn8UtPBG5-w62vQsEp][o.s.c.t.s.ComputationStepExecutor] Update last usage date of quality profiles | status=SUCCESS | time=17ms
2019.02.13 12:39:40 INFO  ce[AWjn8UtPBG5-w62vQsEp][o.s.c.t.s.ComputationStepExecutor] Purge db | status=SUCCESS | time=114ms
2019.02.13 12:39:41 INFO  ce[AWjn8UtPBG5-w62vQsEp][o.s.c.t.s.ComputationStepExecutor] Index analysis | status=SUCCESS | time=1520ms
2019.02.13 12:39:41 INFO  ce[AWjn8UtPBG5-w62vQsEp][o.s.c.t.s.ComputationStepExecutor] Send issue notifications | newIssuesNotifs=0 | newIssuesDeliveries=0 | myNewIssuesNotifs=0 | myNewIssuesDeliveries=0 | changesNotifs=0 | changesDeliveries=0 | status=SUCCESS | time=3ms
2019.02.13 12:39:41 INFO  ce[AWjn8UtPBG5-w62vQsEp][o.s.c.t.s.ComputationStepExecutor] Publish task results | status=SUCCESS | time=0ms
2019.02.13 12:39:41 INFO  ce[AWjn8UtPBG5-w62vQsEp][o.s.c.t.s.ComputationStepExecutor] Trigger refresh of Portfolios and Applications | status=SUCCESS | time=0ms
2019.02.13 12:39:41 INFO  ce[AWjn8UtPBG5-w62vQsEp][o.s.c.t.CeWorkerImpl] Executed task | project=JavaProject | type=REPORT | id=AWjn8UtPBG5-w62vQsEp | submitter=admin | status=SUCCESS | time=3362ms
2019.02.13 12:44:16 INFO  ce[][o.s.c.t.CeWorkerImpl] Execute task | project=JavaProject | type=REPORT | id=AWjn9Y2TBG5-w62vQsEq | submitter=admin
2019.02.13 12:44:16 INFO  ce[AWjn9Y2TBG5-w62vQsEq][o.s.c.t.s.ComputationStepExecutor] Extract report | status=SUCCESS | time=259ms
2019.02.13 12:44:16 INFO  ce[AWjn9Y2TBG5-w62vQsEq][o.s.c.t.s.ComputationStepExecutor] Persist scanner context | status=SUCCESS | time=13ms
2019.02.13 12:44:16 INFO  ce[AWjn9Y2TBG5-w62vQsEq][o.s.c.t.s.ComputationStepExecutor] Propagate analysis warnings from scanner report | status=SUCCESS | time=2ms
2019.02.13 12:44:16 INFO  ce[AWjn9Y2TBG5-w62vQsEq][o.s.c.t.s.ComputationStepExecutor] Execute DB migrations for current project | status=SUCCESS | time=2ms
2019.02.13 12:44:16 INFO  ce[AWjn9Y2TBG5-w62vQsEq][o.s.c.t.s.ComputationStepExecutor] Generate analysis UUID | status=SUCCESS | time=0ms
2019.02.13 12:44:16 INFO  ce[AWjn9Y2TBG5-w62vQsEq][o.s.c.t.s.ComputationStepExecutor] Load analysis metadata | status=SUCCESS | time=11ms
2019.02.13 12:44:16 INFO  ce[AWjn9Y2TBG5-w62vQsEq][o.s.c.t.s.ComputationStepExecutor] Initialize | status=SUCCESS | time=0ms
2019.02.13 12:44:16 INFO  ce[AWjn9Y2TBG5-w62vQsEq][o.s.c.t.s.ComputationStepExecutor] Verify billing | status=SUCCESS | time=0ms
2019.02.13 12:44:16 INFO  ce[AWjn9Y2TBG5-w62vQsEq][o.s.c.t.s.ComputationStepExecutor] Build tree of components | components=9 | status=SUCCESS | time=7ms
2019.02.13 12:44:16 INFO  ce[AWjn9Y2TBG5-w62vQsEq][o.s.c.t.s.ComputationStepExecutor] Validate project | status=SUCCESS | time=3ms
2019.02.13 12:44:17 INFO  ce[AWjn9Y2TBG5-w62vQsEq][o.s.c.t.s.ComputationStepExecutor] Load quality profiles | status=SUCCESS | time=382ms
2019.02.13 12:44:17 INFO  ce[AWjn9Y2TBG5-w62vQsEq][o.s.c.t.s.ComputationStepExecutor] Load Quality gate | status=SUCCESS | time=6ms
2019.02.13 12:44:17 INFO  ce[AWjn9Y2TBG5-w62vQsEq][o.s.c.t.s.ComputationStepExecutor] Load new code period | status=SUCCESS | time=3ms
2019.02.13 12:44:17 INFO  ce[AWjn9Y2TBG5-w62vQsEq][o.s.c.t.s.ComputationStepExecutor] Detect file moves | reportFiles=6 | dbFiles=6 | addedFiles=0 | status=SUCCESS | time=23ms
2019.02.13 12:44:17 INFO  ce[AWjn9Y2TBG5-w62vQsEq][o.s.c.t.s.ComputationStepExecutor] Load duplications | duplications=0 | status=SUCCESS | time=1ms
2019.02.13 12:44:17 INFO  ce[AWjn9Y2TBG5-w62vQsEq][o.s.c.t.s.ComputationStepExecutor] Compute cross project duplications | status=SUCCESS | time=0ms
2019.02.13 12:44:17 INFO  ce[AWjn9Y2TBG5-w62vQsEq][o.s.c.t.s.ComputationStepExecutor] Compute size measures | status=SUCCESS | time=2ms
2019.02.13 12:44:17 INFO  ce[AWjn9Y2TBG5-w62vQsEq][o.s.c.t.s.ComputationStepExecutor] Compute new coverage | status=SUCCESS | time=26ms
2019.02.13 12:44:17 INFO  ce[AWjn9Y2TBG5-w62vQsEq][o.s.c.t.s.ComputationStepExecutor] Compute coverage measures | status=SUCCESS | time=0ms
2019.02.13 12:44:17 INFO  ce[AWjn9Y2TBG5-w62vQsEq][o.s.c.t.s.ComputationStepExecutor] Compute comment measures | status=SUCCESS | time=0ms
2019.02.13 12:44:17 INFO  ce[AWjn9Y2TBG5-w62vQsEq][o.s.c.t.s.ComputationStepExecutor] Copy custom measures | status=SUCCESS | time=2ms
2019.02.13 12:44:17 INFO  ce[AWjn9Y2TBG5-w62vQsEq][o.s.c.t.s.ComputationStepExecutor] Compute duplication measures | status=SUCCESS | time=0ms
2019.02.13 12:44:17 INFO  ce[AWjn9Y2TBG5-w62vQsEq][o.s.c.t.s.ComputationStepExecutor] Compute duplication data measures | status=SUCCESS | time=0ms
2019.02.13 12:44:17 INFO  ce[AWjn9Y2TBG5-w62vQsEq][o.s.c.t.s.ComputationStepExecutor] Compute size measures on new code | status=SUCCESS | time=1ms
2019.02.13 12:44:17 INFO  ce[AWjn9Y2TBG5-w62vQsEq][o.s.c.t.s.ComputationStepExecutor] Compute language distribution | status=SUCCESS | time=0ms
2019.02.13 12:44:17 INFO  ce[AWjn9Y2TBG5-w62vQsEq][o.s.c.t.s.ComputationStepExecutor] Compute test measures | status=SUCCESS | time=0ms
2019.02.13 12:44:17 INFO  ce[AWjn9Y2TBG5-w62vQsEq][o.s.c.t.s.ComputationStepExecutor] Compute complexity measures | status=SUCCESS | time=2ms
2019.02.13 12:44:17 INFO  ce[AWjn9Y2TBG5-w62vQsEq][o.s.c.t.s.ComputationStepExecutor] Load measure computers | status=SUCCESS | time=0ms
2019.02.13 12:44:17 INFO  ce[AWjn9Y2TBG5-w62vQsEq][o.s.c.t.s.ComputationStepExecutor] Compute Quality Profile status | status=SUCCESS | time=3ms
2019.02.13 12:44:17 INFO  ce[AWjn9Y2TBG5-w62vQsEq][o.s.c.t.s.ComputationStepExecutor] Execute component visitors | status=SUCCESS | time=152ms
2019.02.13 12:44:17 INFO  ce[AWjn9Y2TBG5-w62vQsEq][o.s.c.t.s.ComputationStepExecutor] Checks executed after computation of measures | status=SUCCESS | time=0ms
2019.02.13 12:44:17 INFO  ce[AWjn9Y2TBG5-w62vQsEq][o.s.c.t.s.ComputationStepExecutor] Compute Quality Gate measures | status=SUCCESS | time=1ms
2019.02.13 12:44:17 INFO  ce[AWjn9Y2TBG5-w62vQsEq][o.s.c.t.s.ComputationStepExecutor] Compute Quality profile measures | status=SUCCESS | time=0ms
2019.02.13 12:44:17 INFO  ce[AWjn9Y2TBG5-w62vQsEq][o.s.c.t.s.ComputationStepExecutor] Generate Quality profile events | status=SUCCESS | time=2ms
2019.02.13 12:44:17 INFO  ce[AWjn9Y2TBG5-w62vQsEq][o.s.c.t.s.ComputationStepExecutor] Generate Quality gate events | status=SUCCESS | time=2ms
2019.02.13 12:44:17 INFO  ce[AWjn9Y2TBG5-w62vQsEq][o.s.c.t.s.ComputationStepExecutor] Persist components | status=SUCCESS | time=4ms
2019.02.13 12:44:17 INFO  ce[AWjn9Y2TBG5-w62vQsEq][o.s.c.t.s.ComputationStepExecutor] Persist analysis | status=SUCCESS | time=2ms
2019.02.13 12:44:17 INFO  ce[AWjn9Y2TBG5-w62vQsEq][o.s.c.t.s.ComputationStepExecutor] Persist analysis properties | status=SUCCESS | time=1ms
2019.02.13 12:44:17 INFO  ce[AWjn9Y2TBG5-w62vQsEq][o.s.c.t.s.ComputationStepExecutor] Persist measures | inserts=81 | status=SUCCESS | time=11ms
2019.02.13 12:44:17 INFO  ce[AWjn9Y2TBG5-w62vQsEq][o.s.c.t.s.ComputationStepExecutor] Persist live measures | insertsOrUpdates=485 | status=SUCCESS | time=156ms
2019.02.13 12:44:17 INFO  ce[AWjn9Y2TBG5-w62vQsEq][o.s.c.t.s.ComputationStepExecutor] Persist new ad hoc Rules | status=SUCCESS | time=0ms
2019.02.13 12:44:17 INFO  ce[AWjn9Y2TBG5-w62vQsEq][o.s.c.t.s.ComputationStepExecutor] Persist issues | inserts=0 | updates=0 | merged=0 | untouched=25 | status=SUCCESS | time=76ms
2019.02.13 12:44:17 INFO  ce[AWjn9Y2TBG5-w62vQsEq][o.s.c.t.s.ComputationStepExecutor] Persist project links | status=SUCCESS | time=2ms
2019.02.13 12:44:17 INFO  ce[AWjn9Y2TBG5-w62vQsEq][o.s.c.t.s.ComputationStepExecutor] Persist events | status=SUCCESS | time=5ms
2019.02.13 12:44:17 INFO  ce[AWjn9Y2TBG5-w62vQsEq][o.s.c.t.s.ComputationStepExecutor] Persist sources | status=SUCCESS | time=38ms
2019.02.13 12:44:17 INFO  ce[AWjn9Y2TBG5-w62vQsEq][o.s.c.t.s.ComputationStepExecutor] Persist cross project duplications | status=SUCCESS | time=0ms
2019.02.13 12:44:17 INFO  ce[AWjn9Y2TBG5-w62vQsEq][o.s.c.t.s.ComputationStepExecutor] Enable analysis | status=SUCCESS | time=6ms
2019.02.13 12:44:17 INFO  ce[AWjn9Y2TBG5-w62vQsEq][o.s.c.t.s.ComputationStepExecutor] Update last usage date of quality profiles | status=SUCCESS | time=6ms
2019.02.13 12:44:17 INFO  ce[AWjn9Y2TBG5-w62vQsEq][o.s.c.t.s.ComputationStepExecutor] Purge db | status=SUCCESS | time=49ms
2019.02.13 12:44:19 INFO  ce[AWjn9Y2TBG5-w62vQsEq][o.s.c.t.s.ComputationStepExecutor] Index analysis | status=SUCCESS | time=1693ms
2019.02.13 12:44:19 INFO  ce[AWjn9Y2TBG5-w62vQsEq][o.s.c.t.s.ComputationStepExecutor] Send issue notifications | newIssuesNotifs=0 | newIssuesDeliveries=0 | myNewIssuesNotifs=0 | myNewIssuesDeliveries=0 | changesNotifs=0 | changesDeliveries=0 | status=SUCCESS | time=2ms
2019.02.13 12:44:19 INFO  ce[AWjn9Y2TBG5-w62vQsEq][o.s.c.t.s.ComputationStepExecutor] Publish task results | status=SUCCESS | time=0ms
2019.02.13 12:44:19 INFO  ce[AWjn9Y2TBG5-w62vQsEq][o.s.c.t.s.ComputationStepExecutor] Trigger refresh of Portfolios and Applications | status=SUCCESS | time=0ms
2019.02.13 12:44:19 INFO  ce[AWjn9Y2TBG5-w62vQsEq][o.s.c.t.CeWorkerImpl] Executed task | project=JavaProject | type=REPORT | id=AWjn9Y2TBG5-w62vQsEq | submitter=admin | status=SUCCESS | time=3071ms
2019.02.13 12:48:54 INFO  ce[][o.s.c.t.CeWorkerImpl] Execute task | project=JavaProject | type=REPORT | id=AWjn-cxDBG5-w62vQsEr | submitter=admin
2019.02.13 12:48:54 INFO  ce[AWjn-cxDBG5-w62vQsEr][o.s.c.t.s.ComputationStepExecutor] Extract report | status=SUCCESS | time=413ms
2019.02.13 12:48:54 INFO  ce[AWjn-cxDBG5-w62vQsEr][o.s.c.t.s.ComputationStepExecutor] Persist scanner context | status=SUCCESS | time=65ms
2019.02.13 12:48:54 INFO  ce[AWjn-cxDBG5-w62vQsEr][o.s.c.t.s.ComputationStepExecutor] Propagate analysis warnings from scanner report | status=SUCCESS | time=2ms
2019.02.13 12:48:55 INFO  ce[AWjn-cxDBG5-w62vQsEr][o.s.c.t.s.ComputationStepExecutor] Execute DB migrations for current project | status=SUCCESS | time=2ms
2019.02.13 12:48:55 INFO  ce[AWjn-cxDBG5-w62vQsEr][o.s.c.t.s.ComputationStepExecutor] Generate analysis UUID | status=SUCCESS | time=0ms
2019.02.13 12:48:55 INFO  ce[AWjn-cxDBG5-w62vQsEr][o.s.c.t.s.ComputationStepExecutor] Load analysis metadata | status=SUCCESS | time=9ms
2019.02.13 12:48:55 INFO  ce[AWjn-cxDBG5-w62vQsEr][o.s.c.t.s.ComputationStepExecutor] Initialize | status=SUCCESS | time=0ms
2019.02.13 12:48:55 INFO  ce[AWjn-cxDBG5-w62vQsEr][o.s.c.t.s.ComputationStepExecutor] Verify billing | status=SUCCESS | time=0ms
2019.02.13 12:48:55 INFO  ce[AWjn-cxDBG5-w62vQsEr][o.s.c.t.s.ComputationStepExecutor] Build tree of components | components=9 | status=SUCCESS | time=29ms
2019.02.13 12:48:55 INFO  ce[AWjn-cxDBG5-w62vQsEr][o.s.c.t.s.ComputationStepExecutor] Validate project | status=SUCCESS | time=2ms
2019.02.13 12:48:55 INFO  ce[AWjn-cxDBG5-w62vQsEr][o.s.c.t.s.ComputationStepExecutor] Load quality profiles | status=SUCCESS | time=589ms
2019.02.13 12:48:55 INFO  ce[AWjn-cxDBG5-w62vQsEr][o.s.c.t.s.ComputationStepExecutor] Load Quality gate | status=SUCCESS | time=16ms
2019.02.13 12:48:55 INFO  ce[AWjn-cxDBG5-w62vQsEr][o.s.c.t.s.ComputationStepExecutor] Load new code period | status=SUCCESS | time=98ms
2019.02.13 12:48:55 INFO  ce[AWjn-cxDBG5-w62vQsEr][o.s.c.t.s.ComputationStepExecutor] Detect file moves | reportFiles=6 | dbFiles=6 | addedFiles=0 | status=SUCCESS | time=3ms
2019.02.13 12:48:55 INFO  ce[AWjn-cxDBG5-w62vQsEr][o.s.c.t.s.ComputationStepExecutor] Load duplications | duplications=0 | status=SUCCESS | time=1ms
2019.02.13 12:48:55 INFO  ce[AWjn-cxDBG5-w62vQsEr][o.s.c.t.s.ComputationStepExecutor] Compute cross project duplications | status=SUCCESS | time=0ms
2019.02.13 12:48:55 INFO  ce[AWjn-cxDBG5-w62vQsEr][o.s.c.t.s.ComputationStepExecutor] Compute size measures | status=SUCCESS | time=2ms
2019.02.13 12:48:55 INFO  ce[AWjn-cxDBG5-w62vQsEr][o.s.c.t.s.ComputationStepExecutor] Compute new coverage | status=SUCCESS | time=71ms
2019.02.13 12:48:55 INFO  ce[AWjn-cxDBG5-w62vQsEr][o.s.c.t.s.ComputationStepExecutor] Compute coverage measures | status=SUCCESS | time=0ms
2019.02.13 12:48:55 INFO  ce[AWjn-cxDBG5-w62vQsEr][o.s.c.t.s.ComputationStepExecutor] Compute comment measures | status=SUCCESS | time=0ms
2019.02.13 12:48:55 INFO  ce[AWjn-cxDBG5-w62vQsEr][o.s.c.t.s.ComputationStepExecutor] Copy custom measures | status=SUCCESS | time=2ms
2019.02.13 12:48:55 INFO  ce[AWjn-cxDBG5-w62vQsEr][o.s.c.t.s.ComputationStepExecutor] Compute duplication measures | status=SUCCESS | time=0ms
2019.02.13 12:48:55 INFO  ce[AWjn-cxDBG5-w62vQsEr][o.s.c.t.s.ComputationStepExecutor] Compute duplication data measures | status=SUCCESS | time=0ms
2019.02.13 12:48:55 INFO  ce[AWjn-cxDBG5-w62vQsEr][o.s.c.t.s.ComputationStepExecutor] Compute size measures on new code | status=SUCCESS | time=0ms
2019.02.13 12:48:55 INFO  ce[AWjn-cxDBG5-w62vQsEr][o.s.c.t.s.ComputationStepExecutor] Compute language distribution | status=SUCCESS | time=1ms
2019.02.13 12:48:55 INFO  ce[AWjn-cxDBG5-w62vQsEr][o.s.c.t.s.ComputationStepExecutor] Compute test measures | status=SUCCESS | time=0ms
2019.02.13 12:48:55 INFO  ce[AWjn-cxDBG5-w62vQsEr][o.s.c.t.s.ComputationStepExecutor] Compute complexity measures | status=SUCCESS | time=2ms
2019.02.13 12:48:55 INFO  ce[AWjn-cxDBG5-w62vQsEr][o.s.c.t.s.ComputationStepExecutor] Load measure computers | status=SUCCESS | time=0ms
2019.02.13 12:48:55 INFO  ce[AWjn-cxDBG5-w62vQsEr][o.s.c.t.s.ComputationStepExecutor] Compute Quality Profile status | status=SUCCESS | time=4ms
2019.02.13 12:48:56 INFO  ce[AWjn-cxDBG5-w62vQsEr][o.s.c.t.s.ComputationStepExecutor] Execute component visitors | status=SUCCESS | time=160ms
2019.02.13 12:48:56 INFO  ce[AWjn-cxDBG5-w62vQsEr][o.s.c.t.s.ComputationStepExecutor] Checks executed after computation of measures | status=SUCCESS | time=0ms
2019.02.13 12:48:56 INFO  ce[AWjn-cxDBG5-w62vQsEr][o.s.c.t.s.ComputationStepExecutor] Compute Quality Gate measures | status=SUCCESS | time=0ms
2019.02.13 12:48:56 INFO  ce[AWjn-cxDBG5-w62vQsEr][o.s.c.t.s.ComputationStepExecutor] Compute Quality profile measures | status=SUCCESS | time=0ms
2019.02.13 12:48:56 INFO  ce[AWjn-cxDBG5-w62vQsEr][o.s.c.t.s.ComputationStepExecutor] Generate Quality profile events | status=SUCCESS | time=3ms
2019.02.13 12:48:56 INFO  ce[AWjn-cxDBG5-w62vQsEr][o.s.c.t.s.ComputationStepExecutor] Generate Quality gate events | status=SUCCESS | time=2ms
2019.02.13 12:48:56 INFO  ce[AWjn-cxDBG5-w62vQsEr][o.s.c.t.s.ComputationStepExecutor] Persist components | status=SUCCESS | time=5ms
2019.02.13 12:48:56 INFO  ce[AWjn-cxDBG5-w62vQsEr][o.s.c.t.s.ComputationStepExecutor] Persist analysis | status=SUCCESS | time=2ms
2019.02.13 12:48:56 INFO  ce[AWjn-cxDBG5-w62vQsEr][o.s.c.t.s.ComputationStepExecutor] Persist analysis properties | status=SUCCESS | time=2ms
2019.02.13 12:48:56 INFO  ce[AWjn-cxDBG5-w62vQsEr][o.s.c.t.s.ComputationStepExecutor] Persist measures | inserts=81 | status=SUCCESS | time=13ms
2019.02.13 12:48:56 INFO  ce[AWjn-cxDBG5-w62vQsEr][o.s.c.t.s.ComputationStepExecutor] Persist live measures | insertsOrUpdates=485 | status=SUCCESS | time=83ms
2019.02.13 12:48:56 INFO  ce[AWjn-cxDBG5-w62vQsEr][o.s.c.t.s.ComputationStepExecutor] Persist new ad hoc Rules | status=SUCCESS | time=0ms
2019.02.13 12:48:56 INFO  ce[AWjn-cxDBG5-w62vQsEr][o.s.c.t.s.ComputationStepExecutor] Persist issues | inserts=0 | updates=0 | merged=0 | untouched=25 | status=SUCCESS | time=61ms
2019.02.13 12:48:56 INFO  ce[AWjn-cxDBG5-w62vQsEr][o.s.c.t.s.ComputationStepExecutor] Persist project links | status=SUCCESS | time=2ms
2019.02.13 12:48:56 INFO  ce[AWjn-cxDBG5-w62vQsEr][o.s.c.t.s.ComputationStepExecutor] Persist events | status=SUCCESS | time=3ms
2019.02.13 12:48:56 INFO  ce[AWjn-cxDBG5-w62vQsEr][o.s.c.t.s.ComputationStepExecutor] Persist sources | status=SUCCESS | time=24ms
2019.02.13 12:48:56 INFO  ce[AWjn-cxDBG5-w62vQsEr][o.s.c.t.s.ComputationStepExecutor] Persist cross project duplications | status=SUCCESS | time=0ms
2019.02.13 12:48:56 INFO  ce[AWjn-cxDBG5-w62vQsEr][o.s.c.t.s.ComputationStepExecutor] Enable analysis | status=SUCCESS | time=2ms
2019.02.13 12:48:56 INFO  ce[AWjn-cxDBG5-w62vQsEr][o.s.c.t.s.ComputationStepExecutor] Update last usage date of quality profiles | status=SUCCESS | time=3ms
2019.02.13 12:48:56 INFO  ce[AWjn-cxDBG5-w62vQsEr][o.s.c.t.s.ComputationStepExecutor] Purge db | status=SUCCESS | time=25ms
2019.02.13 12:48:57 INFO  ce[AWjn-cxDBG5-w62vQsEr][o.s.c.t.s.ComputationStepExecutor] Index analysis | status=SUCCESS | time=1381ms
2019.02.13 12:48:57 INFO  ce[AWjn-cxDBG5-w62vQsEr][o.s.c.t.s.ComputationStepExecutor] Send issue notifications | newIssuesNotifs=0 | newIssuesDeliveries=0 | myNewIssuesNotifs=0 | myNewIssuesDeliveries=0 | changesNotifs=0 | changesDeliveries=0 | status=SUCCESS | time=2ms
2019.02.13 12:48:57 INFO  ce[AWjn-cxDBG5-w62vQsEr][o.s.c.t.s.ComputationStepExecutor] Publish task results | status=SUCCESS | time=0ms
2019.02.13 12:48:57 INFO  ce[AWjn-cxDBG5-w62vQsEr][o.s.c.t.s.ComputationStepExecutor] Trigger refresh of Portfolios and Applications | status=SUCCESS | time=0ms
2019.02.13 12:48:57 INFO  ce[AWjn-cxDBG5-w62vQsEr][o.s.c.t.CeWorkerImpl] Executed task | project=JavaProject | type=REPORT | id=AWjn-cxDBG5-w62vQsEr | submitter=admin | status=SUCCESS | time=3235ms
2019.02.13 12:52:06 INFO  ce[][o.s.c.t.CeWorkerImpl] Execute task | project=JavaProject | type=REPORT | id=AWjn_LMjBG5-w62vQsEs | submitter=admin
2019.02.13 12:52:06 INFO  ce[AWjn_LMjBG5-w62vQsEs][o.s.c.t.s.ComputationStepExecutor] Extract report | status=SUCCESS | time=98ms
2019.02.13 12:52:06 INFO  ce[AWjn_LMjBG5-w62vQsEs][o.s.c.t.s.ComputationStepExecutor] Persist scanner context | status=SUCCESS | time=6ms
2019.02.13 12:52:06 INFO  ce[AWjn_LMjBG5-w62vQsEs][o.s.c.t.s.ComputationStepExecutor] Propagate analysis warnings from scanner report | status=SUCCESS | time=2ms
2019.02.13 12:52:06 INFO  ce[AWjn_LMjBG5-w62vQsEs][o.s.c.t.s.ComputationStepExecutor] Execute DB migrations for current project | status=SUCCESS | time=3ms
2019.02.13 12:52:06 INFO  ce[AWjn_LMjBG5-w62vQsEs][o.s.c.t.s.ComputationStepExecutor] Generate analysis UUID | status=SUCCESS | time=0ms
2019.02.13 12:52:06 INFO  ce[AWjn_LMjBG5-w62vQsEs][o.s.c.t.s.ComputationStepExecutor] Load analysis metadata | status=SUCCESS | time=8ms
2019.02.13 12:52:06 INFO  ce[AWjn_LMjBG5-w62vQsEs][o.s.c.t.s.ComputationStepExecutor] Initialize | status=SUCCESS | time=6ms
2019.02.13 12:52:06 INFO  ce[AWjn_LMjBG5-w62vQsEs][o.s.c.t.s.ComputationStepExecutor] Verify billing | status=SUCCESS | time=0ms
2019.02.13 12:52:06 INFO  ce[AWjn_LMjBG5-w62vQsEs][o.s.c.t.s.ComputationStepExecutor] Build tree of components | components=9 | status=SUCCESS | time=71ms
2019.02.13 12:52:06 INFO  ce[AWjn_LMjBG5-w62vQsEs][o.s.c.t.s.ComputationStepExecutor] Validate project | status=SUCCESS | time=3ms
2019.02.13 12:52:06 INFO  ce[AWjn_LMjBG5-w62vQsEs][o.s.c.t.s.ComputationStepExecutor] Load quality profiles | status=SUCCESS | time=433ms
2019.02.13 12:52:06 INFO  ce[AWjn_LMjBG5-w62vQsEs][o.s.c.t.s.ComputationStepExecutor] Load Quality gate | status=SUCCESS | time=5ms
2019.02.13 12:52:06 INFO  ce[AWjn_LMjBG5-w62vQsEs][o.s.c.t.s.ComputationStepExecutor] Load new code period | status=SUCCESS | time=3ms
2019.02.13 12:52:06 INFO  ce[AWjn_LMjBG5-w62vQsEs][o.s.c.t.s.ComputationStepExecutor] Detect file moves | reportFiles=6 | dbFiles=6 | addedFiles=0 | status=SUCCESS | time=1ms
2019.02.13 12:52:06 INFO  ce[AWjn_LMjBG5-w62vQsEs][o.s.c.t.s.ComputationStepExecutor] Load duplications | duplications=0 | status=SUCCESS | time=1ms
2019.02.13 12:52:06 INFO  ce[AWjn_LMjBG5-w62vQsEs][o.s.c.t.s.ComputationStepExecutor] Compute cross project duplications | status=SUCCESS | time=0ms
2019.02.13 12:52:06 INFO  ce[AWjn_LMjBG5-w62vQsEs][o.s.c.t.s.ComputationStepExecutor] Compute size measures | status=SUCCESS | time=2ms
2019.02.13 12:52:06 INFO  ce[AWjn_LMjBG5-w62vQsEs][o.s.c.t.s.ComputationStepExecutor] Compute new coverage | status=SUCCESS | time=22ms
2019.02.13 12:52:06 INFO  ce[AWjn_LMjBG5-w62vQsEs][o.s.c.t.s.ComputationStepExecutor] Compute coverage measures | status=SUCCESS | time=0ms
2019.02.13 12:52:06 INFO  ce[AWjn_LMjBG5-w62vQsEs][o.s.c.t.s.ComputationStepExecutor] Compute comment measures | status=SUCCESS | time=0ms
2019.02.13 12:52:06 INFO  ce[AWjn_LMjBG5-w62vQsEs][o.s.c.t.s.ComputationStepExecutor] Copy custom measures | status=SUCCESS | time=2ms
2019.02.13 12:52:06 INFO  ce[AWjn_LMjBG5-w62vQsEs][o.s.c.t.s.ComputationStepExecutor] Compute duplication measures | status=SUCCESS | time=0ms
2019.02.13 12:52:06 INFO  ce[AWjn_LMjBG5-w62vQsEs][o.s.c.t.s.ComputationStepExecutor] Compute duplication data measures | status=SUCCESS | time=0ms
2019.02.13 12:52:06 INFO  ce[AWjn_LMjBG5-w62vQsEs][o.s.c.t.s.ComputationStepExecutor] Compute size measures on new code | status=SUCCESS | time=0ms
2019.02.13 12:52:06 INFO  ce[AWjn_LMjBG5-w62vQsEs][o.s.c.t.s.ComputationStepExecutor] Compute language distribution | status=SUCCESS | time=1ms
2019.02.13 12:52:06 INFO  ce[AWjn_LMjBG5-w62vQsEs][o.s.c.t.s.ComputationStepExecutor] Compute test measures | status=SUCCESS | time=0ms
2019.02.13 12:52:06 INFO  ce[AWjn_LMjBG5-w62vQsEs][o.s.c.t.s.ComputationStepExecutor] Compute complexity measures | status=SUCCESS | time=2ms
2019.02.13 12:52:06 INFO  ce[AWjn_LMjBG5-w62vQsEs][o.s.c.t.s.ComputationStepExecutor] Load measure computers | status=SUCCESS | time=0ms
2019.02.13 12:52:06 INFO  ce[AWjn_LMjBG5-w62vQsEs][o.s.c.t.s.ComputationStepExecutor] Compute Quality Profile status | status=SUCCESS | time=4ms
2019.02.13 12:52:07 INFO  ce[AWjn_LMjBG5-w62vQsEs][o.s.c.t.s.ComputationStepExecutor] Execute component visitors | status=SUCCESS | time=249ms
2019.02.13 12:52:07 INFO  ce[AWjn_LMjBG5-w62vQsEs][o.s.c.t.s.ComputationStepExecutor] Checks executed after computation of measures | status=SUCCESS | time=0ms
2019.02.13 12:52:07 INFO  ce[AWjn_LMjBG5-w62vQsEs][o.s.c.t.s.ComputationStepExecutor] Compute Quality Gate measures | status=SUCCESS | time=1ms
2019.02.13 12:52:07 INFO  ce[AWjn_LMjBG5-w62vQsEs][o.s.c.t.s.ComputationStepExecutor] Compute Quality profile measures | status=SUCCESS | time=0ms
2019.02.13 12:52:07 INFO  ce[AWjn_LMjBG5-w62vQsEs][o.s.c.t.s.ComputationStepExecutor] Generate Quality profile events | status=SUCCESS | time=2ms
2019.02.13 12:52:07 INFO  ce[AWjn_LMjBG5-w62vQsEs][o.s.c.t.s.ComputationStepExecutor] Generate Quality gate events | status=SUCCESS | time=2ms
2019.02.13 12:52:07 INFO  ce[AWjn_LMjBG5-w62vQsEs][o.s.c.t.s.ComputationStepExecutor] Persist components | status=SUCCESS | time=5ms
2019.02.13 12:52:07 INFO  ce[AWjn_LMjBG5-w62vQsEs][o.s.c.t.s.ComputationStepExecutor] Persist analysis | status=SUCCESS | time=2ms
2019.02.13 12:52:07 INFO  ce[AWjn_LMjBG5-w62vQsEs][o.s.c.t.s.ComputationStepExecutor] Persist analysis properties | status=SUCCESS | time=2ms
2019.02.13 12:52:07 INFO  ce[AWjn_LMjBG5-w62vQsEs][o.s.c.t.s.ComputationStepExecutor] Persist measures | inserts=81 | status=SUCCESS | time=13ms
2019.02.13 12:52:07 INFO  ce[AWjn_LMjBG5-w62vQsEs][o.s.c.t.s.ComputationStepExecutor] Persist live measures | insertsOrUpdates=485 | status=SUCCESS | time=89ms
2019.02.13 12:52:07 INFO  ce[AWjn_LMjBG5-w62vQsEs][o.s.c.t.s.ComputationStepExecutor] Persist new ad hoc Rules | status=SUCCESS | time=0ms
2019.02.13 12:52:07 INFO  ce[AWjn_LMjBG5-w62vQsEs][o.s.c.t.s.ComputationStepExecutor] Persist issues | inserts=0 | updates=0 | merged=0 | untouched=25 | status=SUCCESS | time=50ms
2019.02.13 12:52:07 INFO  ce[AWjn_LMjBG5-w62vQsEs][o.s.c.t.s.ComputationStepExecutor] Persist project links | status=SUCCESS | time=2ms
2019.02.13 12:52:07 INFO  ce[AWjn_LMjBG5-w62vQsEs][o.s.c.t.s.ComputationStepExecutor] Persist events | status=SUCCESS | time=84ms
2019.02.13 12:52:07 INFO  ce[AWjn_LMjBG5-w62vQsEs][o.s.c.t.s.ComputationStepExecutor] Persist sources | status=SUCCESS | time=17ms
2019.02.13 12:52:07 INFO  ce[AWjn_LMjBG5-w62vQsEs][o.s.c.t.s.ComputationStepExecutor] Persist cross project duplications | status=SUCCESS | time=0ms
2019.02.13 12:52:07 INFO  ce[AWjn_LMjBG5-w62vQsEs][o.s.c.t.s.ComputationStepExecutor] Enable analysis | status=SUCCESS | time=3ms
2019.02.13 12:52:07 INFO  ce[AWjn_LMjBG5-w62vQsEs][o.s.c.t.s.ComputationStepExecutor] Update last usage date of quality profiles | status=SUCCESS | time=3ms
2019.02.13 12:52:07 INFO  ce[AWjn_LMjBG5-w62vQsEs][o.s.c.t.s.ComputationStepExecutor] Purge db | status=SUCCESS | time=43ms
2019.02.13 12:52:08 INFO  ce[AWjn_LMjBG5-w62vQsEs][o.s.c.t.s.ComputationStepExecutor] Index analysis | status=SUCCESS | time=1296ms
2019.02.13 12:52:08 INFO  ce[AWjn_LMjBG5-w62vQsEs][o.s.c.t.s.ComputationStepExecutor] Send issue notifications | newIssuesNotifs=0 | newIssuesDeliveries=0 | myNewIssuesNotifs=0 | myNewIssuesDeliveries=0 | changesNotifs=0 | changesDeliveries=0 | status=SUCCESS | time=3ms
2019.02.13 12:52:08 INFO  ce[AWjn_LMjBG5-w62vQsEs][o.s.c.t.s.ComputationStepExecutor] Publish task results | status=SUCCESS | time=0ms
2019.02.13 12:52:08 INFO  ce[AWjn_LMjBG5-w62vQsEs][o.s.c.t.s.ComputationStepExecutor] Trigger refresh of Portfolios and Applications | status=SUCCESS | time=0ms
2019.02.13 12:52:08 INFO  ce[AWjn_LMjBG5-w62vQsEs][o.s.c.t.CeWorkerImpl] Executed task | project=JavaProject | type=REPORT | id=AWjn_LMjBG5-w62vQsEs | submitter=admin | status=SUCCESS | time=2639ms
2019.02.13 12:53:15 INFO  ce[][o.s.c.t.CeWorkerImpl] Execute task | project=JavaProject | type=REPORT | id=AWjn_cbHBG5-w62vQsEt | submitter=admin
2019.02.13 12:53:15 INFO  ce[AWjn_cbHBG5-w62vQsEt][o.s.c.t.s.ComputationStepExecutor] Extract report | status=SUCCESS | time=354ms
2019.02.13 12:53:15 INFO  ce[AWjn_cbHBG5-w62vQsEt][o.s.c.t.s.ComputationStepExecutor] Persist scanner context | status=SUCCESS | time=6ms
2019.02.13 12:53:15 INFO  ce[AWjn_cbHBG5-w62vQsEt][o.s.c.t.s.ComputationStepExecutor] Propagate analysis warnings from scanner report | status=SUCCESS | time=2ms
2019.02.13 12:53:15 INFO  ce[AWjn_cbHBG5-w62vQsEt][o.s.c.t.s.ComputationStepExecutor] Execute DB migrations for current project | status=SUCCESS | time=2ms
2019.02.13 12:53:15 INFO  ce[AWjn_cbHBG5-w62vQsEt][o.s.c.t.s.ComputationStepExecutor] Generate analysis UUID | status=SUCCESS | time=0ms
2019.02.13 12:53:15 INFO  ce[AWjn_cbHBG5-w62vQsEt][o.s.c.t.s.ComputationStepExecutor] Load analysis metadata | status=SUCCESS | time=10ms
2019.02.13 12:53:15 INFO  ce[AWjn_cbHBG5-w62vQsEt][o.s.c.t.s.ComputationStepExecutor] Initialize | status=SUCCESS | time=0ms
2019.02.13 12:53:15 INFO  ce[AWjn_cbHBG5-w62vQsEt][o.s.c.t.s.ComputationStepExecutor] Verify billing | status=SUCCESS | time=0ms
2019.02.13 12:53:15 INFO  ce[AWjn_cbHBG5-w62vQsEt][o.s.c.t.s.ComputationStepExecutor] Build tree of components | components=9 | status=SUCCESS | time=75ms
2019.02.13 12:53:15 INFO  ce[AWjn_cbHBG5-w62vQsEt][o.s.c.t.s.ComputationStepExecutor] Validate project | status=SUCCESS | time=3ms
2019.02.13 12:53:16 INFO  ce[AWjn_cbHBG5-w62vQsEt][o.s.c.t.s.ComputationStepExecutor] Load quality profiles | status=SUCCESS | time=463ms
2019.02.13 12:53:16 INFO  ce[AWjn_cbHBG5-w62vQsEt][o.s.c.t.s.ComputationStepExecutor] Load Quality gate | status=SUCCESS | time=4ms
2019.02.13 12:53:16 INFO  ce[AWjn_cbHBG5-w62vQsEt][o.s.c.t.s.ComputationStepExecutor] Load new code period | status=SUCCESS | time=4ms
2019.02.13 12:53:16 INFO  ce[AWjn_cbHBG5-w62vQsEt][o.s.c.t.s.ComputationStepExecutor] Detect file moves | reportFiles=6 | dbFiles=6 | addedFiles=0 | status=SUCCESS | time=3ms
2019.02.13 12:53:16 INFO  ce[AWjn_cbHBG5-w62vQsEt][o.s.c.t.s.ComputationStepExecutor] Load duplications | duplications=0 | status=SUCCESS | time=18ms
2019.02.13 12:53:16 INFO  ce[AWjn_cbHBG5-w62vQsEt][o.s.c.t.s.ComputationStepExecutor] Compute cross project duplications | status=SUCCESS | time=0ms
2019.02.13 12:53:16 INFO  ce[AWjn_cbHBG5-w62vQsEt][o.s.c.t.s.ComputationStepExecutor] Compute size measures | status=SUCCESS | time=2ms
2019.02.13 12:53:16 INFO  ce[AWjn_cbHBG5-w62vQsEt][o.s.c.t.s.ComputationStepExecutor] Compute new coverage | status=SUCCESS | time=23ms
2019.02.13 12:53:16 INFO  ce[AWjn_cbHBG5-w62vQsEt][o.s.c.t.s.ComputationStepExecutor] Compute coverage measures | status=SUCCESS | time=0ms
2019.02.13 12:53:16 INFO  ce[AWjn_cbHBG5-w62vQsEt][o.s.c.t.s.ComputationStepExecutor] Compute comment measures | status=SUCCESS | time=1ms
2019.02.13 12:53:16 INFO  ce[AWjn_cbHBG5-w62vQsEt][o.s.c.t.s.ComputationStepExecutor] Copy custom measures | status=SUCCESS | time=1ms
2019.02.13 12:53:16 INFO  ce[AWjn_cbHBG5-w62vQsEt][o.s.c.t.s.ComputationStepExecutor] Compute duplication measures | status=SUCCESS | time=0ms
2019.02.13 12:53:16 INFO  ce[AWjn_cbHBG5-w62vQsEt][o.s.c.t.s.ComputationStepExecutor] Compute duplication data measures | status=SUCCESS | time=0ms
2019.02.13 12:53:16 INFO  ce[AWjn_cbHBG5-w62vQsEt][o.s.c.t.s.ComputationStepExecutor] Compute size measures on new code | status=SUCCESS | time=0ms
2019.02.13 12:53:16 INFO  ce[AWjn_cbHBG5-w62vQsEt][o.s.c.t.s.ComputationStepExecutor] Compute language distribution | status=SUCCESS | time=1ms
2019.02.13 12:53:16 INFO  ce[AWjn_cbHBG5-w62vQsEt][o.s.c.t.s.ComputationStepExecutor] Compute test measures | status=SUCCESS | time=0ms
2019.02.13 12:53:16 INFO  ce[AWjn_cbHBG5-w62vQsEt][o.s.c.t.s.ComputationStepExecutor] Compute complexity measures | status=SUCCESS | time=1ms
2019.02.13 12:53:16 INFO  ce[AWjn_cbHBG5-w62vQsEt][o.s.c.t.s.ComputationStepExecutor] Load measure computers | status=SUCCESS | time=0ms
2019.02.13 12:53:16 INFO  ce[AWjn_cbHBG5-w62vQsEt][o.s.c.t.s.ComputationStepExecutor] Compute Quality Profile status | status=SUCCESS | time=2ms
2019.02.13 12:53:16 INFO  ce[AWjn_cbHBG5-w62vQsEt][o.s.c.t.s.ComputationStepExecutor] Execute component visitors | status=SUCCESS | time=142ms
2019.02.13 12:53:16 INFO  ce[AWjn_cbHBG5-w62vQsEt][o.s.c.t.s.ComputationStepExecutor] Checks executed after computation of measures | status=SUCCESS | time=0ms
2019.02.13 12:53:16 INFO  ce[AWjn_cbHBG5-w62vQsEt][o.s.c.t.s.ComputationStepExecutor] Compute Quality Gate measures | status=SUCCESS | time=1ms
2019.02.13 12:53:16 INFO  ce[AWjn_cbHBG5-w62vQsEt][o.s.c.t.s.ComputationStepExecutor] Compute Quality profile measures | status=SUCCESS | time=0ms
2019.02.13 12:53:16 INFO  ce[AWjn_cbHBG5-w62vQsEt][o.s.c.t.s.ComputationStepExecutor] Generate Quality profile events | status=SUCCESS | time=22ms
2019.02.13 12:53:16 INFO  ce[AWjn_cbHBG5-w62vQsEt][o.s.c.t.s.ComputationStepExecutor] Generate Quality gate events | status=SUCCESS | time=3ms
2019.02.13 12:53:16 INFO  ce[AWjn_cbHBG5-w62vQsEt][o.s.c.t.s.ComputationStepExecutor] Persist components | status=SUCCESS | time=5ms
2019.02.13 12:53:16 INFO  ce[AWjn_cbHBG5-w62vQsEt][o.s.c.t.s.ComputationStepExecutor] Persist analysis | status=SUCCESS | time=2ms
2019.02.13 12:53:16 INFO  ce[AWjn_cbHBG5-w62vQsEt][o.s.c.t.s.ComputationStepExecutor] Persist analysis properties | status=SUCCESS | time=3ms
2019.02.13 12:53:16 INFO  ce[AWjn_cbHBG5-w62vQsEt][o.s.c.t.s.ComputationStepExecutor] Persist measures | inserts=81 | status=SUCCESS | time=46ms
2019.02.13 12:53:16 INFO  ce[AWjn_cbHBG5-w62vQsEt][o.s.c.t.s.ComputationStepExecutor] Persist live measures | insertsOrUpdates=485 | status=SUCCESS | time=236ms
2019.02.13 12:53:16 INFO  ce[AWjn_cbHBG5-w62vQsEt][o.s.c.t.s.ComputationStepExecutor] Persist new ad hoc Rules | status=SUCCESS | time=0ms
2019.02.13 12:53:16 INFO  ce[AWjn_cbHBG5-w62vQsEt][o.s.c.t.s.ComputationStepExecutor] Persist issues | inserts=0 | updates=0 | merged=0 | untouched=25 | status=SUCCESS | time=60ms
2019.02.13 12:53:16 INFO  ce[AWjn_cbHBG5-w62vQsEt][o.s.c.t.s.ComputationStepExecutor] Persist project links | status=SUCCESS | time=2ms
2019.02.13 12:53:16 INFO  ce[AWjn_cbHBG5-w62vQsEt][o.s.c.t.s.ComputationStepExecutor] Persist events | status=SUCCESS | time=2ms
2019.02.13 12:53:16 INFO  ce[AWjn_cbHBG5-w62vQsEt][o.s.c.t.s.ComputationStepExecutor] Persist sources | status=SUCCESS | time=21ms
2019.02.13 12:53:16 INFO  ce[AWjn_cbHBG5-w62vQsEt][o.s.c.t.s.ComputationStepExecutor] Persist cross project duplications | status=SUCCESS | time=0ms
2019.02.13 12:53:16 INFO  ce[AWjn_cbHBG5-w62vQsEt][o.s.c.t.s.ComputationStepExecutor] Enable analysis | status=SUCCESS | time=2ms
2019.02.13 12:53:16 INFO  ce[AWjn_cbHBG5-w62vQsEt][o.s.c.t.s.ComputationStepExecutor] Update last usage date of quality profiles | status=SUCCESS | time=17ms
2019.02.13 12:53:16 INFO  ce[AWjn_cbHBG5-w62vQsEt][o.s.c.t.s.ComputationStepExecutor] Purge db | status=SUCCESS | time=22ms
2019.02.13 12:53:17 INFO  ce[AWjn_cbHBG5-w62vQsEt][o.s.c.t.s.ComputationStepExecutor] Index analysis | status=SUCCESS | time=1196ms
2019.02.13 12:53:17 INFO  ce[AWjn_cbHBG5-w62vQsEt][o.s.c.t.s.ComputationStepExecutor] Send issue notifications | newIssuesNotifs=0 | newIssuesDeliveries=0 | myNewIssuesNotifs=0 | myNewIssuesDeliveries=0 | changesNotifs=0 | changesDeliveries=0 | status=SUCCESS | time=2ms
2019.02.13 12:53:17 INFO  ce[AWjn_cbHBG5-w62vQsEt][o.s.c.t.s.ComputationStepExecutor] Publish task results | status=SUCCESS | time=0ms
2019.02.13 12:53:17 INFO  ce[AWjn_cbHBG5-w62vQsEt][o.s.c.t.s.ComputationStepExecutor] Trigger refresh of Portfolios and Applications | status=SUCCESS | time=0ms
2019.02.13 12:53:18 INFO  ce[AWjn_cbHBG5-w62vQsEt][o.s.c.t.CeWorkerImpl] Executed task | project=JavaProject | type=REPORT | id=AWjn_cbHBG5-w62vQsEt | submitter=admin | status=SUCCESS | time=2989ms
2019.02.13 13:01:11 INFO  ce[][o.s.c.t.CeWorkerImpl] Execute task | project=JavaProject | type=REPORT | id=AWjoBQWpBG5-w62vQsEu | submitter=admin
2019.02.13 13:01:11 INFO  ce[AWjoBQWpBG5-w62vQsEu][o.s.c.t.s.ComputationStepExecutor] Extract report | status=SUCCESS | time=171ms
2019.02.13 13:01:11 INFO  ce[AWjoBQWpBG5-w62vQsEu][o.s.c.t.s.ComputationStepExecutor] Persist scanner context | status=SUCCESS | time=12ms
2019.02.13 13:01:11 INFO  ce[AWjoBQWpBG5-w62vQsEu][o.s.c.t.s.ComputationStepExecutor] Propagate analysis warnings from scanner report | status=SUCCESS | time=3ms
2019.02.13 13:01:11 INFO  ce[AWjoBQWpBG5-w62vQsEu][o.s.c.t.s.ComputationStepExecutor] Execute DB migrations for current project | status=SUCCESS | time=3ms
2019.02.13 13:01:11 INFO  ce[AWjoBQWpBG5-w62vQsEu][o.s.c.t.s.ComputationStepExecutor] Generate analysis UUID | status=SUCCESS | time=0ms
2019.02.13 13:01:11 INFO  ce[AWjoBQWpBG5-w62vQsEu][o.s.c.t.s.ComputationStepExecutor] Load analysis metadata | status=SUCCESS | time=12ms
2019.02.13 13:01:11 INFO  ce[AWjoBQWpBG5-w62vQsEu][o.s.c.t.s.ComputationStepExecutor] Initialize | status=SUCCESS | time=0ms
2019.02.13 13:01:11 INFO  ce[AWjoBQWpBG5-w62vQsEu][o.s.c.t.s.ComputationStepExecutor] Verify billing | status=SUCCESS | time=0ms
2019.02.13 13:01:11 INFO  ce[AWjoBQWpBG5-w62vQsEu][o.s.c.t.s.ComputationStepExecutor] Build tree of components | components=9 | status=SUCCESS | time=7ms
2019.02.13 13:01:11 INFO  ce[AWjoBQWpBG5-w62vQsEu][o.s.c.t.s.ComputationStepExecutor] Validate project | status=SUCCESS | time=2ms
2019.02.13 13:01:12 INFO  ce[AWjoBQWpBG5-w62vQsEu][o.s.c.t.s.ComputationStepExecutor] Load quality profiles | status=SUCCESS | time=338ms
2019.02.13 13:01:12 INFO  ce[AWjoBQWpBG5-w62vQsEu][o.s.c.t.s.ComputationStepExecutor] Load Quality gate | status=SUCCESS | time=4ms
2019.02.13 13:01:12 INFO  ce[AWjoBQWpBG5-w62vQsEu][o.s.c.t.s.ComputationStepExecutor] Load new code period | status=SUCCESS | time=3ms
2019.02.13 13:01:12 INFO  ce[AWjoBQWpBG5-w62vQsEu][o.s.c.t.s.ComputationStepExecutor] Detect file moves | reportFiles=6 | dbFiles=6 | addedFiles=0 | status=SUCCESS | time=2ms
2019.02.13 13:01:12 INFO  ce[AWjoBQWpBG5-w62vQsEu][o.s.c.t.s.ComputationStepExecutor] Load duplications | duplications=0 | status=SUCCESS | time=1ms
2019.02.13 13:01:12 INFO  ce[AWjoBQWpBG5-w62vQsEu][o.s.c.t.s.ComputationStepExecutor] Compute cross project duplications | status=SUCCESS | time=0ms
2019.02.13 13:01:12 INFO  ce[AWjoBQWpBG5-w62vQsEu][o.s.c.t.s.ComputationStepExecutor] Compute size measures | status=SUCCESS | time=2ms
2019.02.13 13:01:12 INFO  ce[AWjoBQWpBG5-w62vQsEu][o.s.c.t.s.ComputationStepExecutor] Compute new coverage | status=SUCCESS | time=33ms
2019.02.13 13:01:12 INFO  ce[AWjoBQWpBG5-w62vQsEu][o.s.c.t.s.ComputationStepExecutor] Compute coverage measures | status=SUCCESS | time=0ms
2019.02.13 13:01:12 INFO  ce[AWjoBQWpBG5-w62vQsEu][o.s.c.t.s.ComputationStepExecutor] Compute comment measures | status=SUCCESS | time=1ms
2019.02.13 13:01:12 INFO  ce[AWjoBQWpBG5-w62vQsEu][o.s.c.t.s.ComputationStepExecutor] Copy custom measures | status=SUCCESS | time=2ms
2019.02.13 13:01:12 INFO  ce[AWjoBQWpBG5-w62vQsEu][o.s.c.t.s.ComputationStepExecutor] Compute duplication measures | status=SUCCESS | time=1ms
2019.02.13 13:01:12 INFO  ce[AWjoBQWpBG5-w62vQsEu][o.s.c.t.s.ComputationStepExecutor] Compute duplication data measures | status=SUCCESS | time=0ms
2019.02.13 13:01:12 INFO  ce[AWjoBQWpBG5-w62vQsEu][o.s.c.t.s.ComputationStepExecutor] Compute size measures on new code | status=SUCCESS | time=0ms
2019.02.13 13:01:12 INFO  ce[AWjoBQWpBG5-w62vQsEu][o.s.c.t.s.ComputationStepExecutor] Compute language distribution | status=SUCCESS | time=1ms
2019.02.13 13:01:12 INFO  ce[AWjoBQWpBG5-w62vQsEu][o.s.c.t.s.ComputationStepExecutor] Compute test measures | status=SUCCESS | time=0ms
2019.02.13 13:01:12 INFO  ce[AWjoBQWpBG5-w62vQsEu][o.s.c.t.s.ComputationStepExecutor] Compute complexity measures | status=SUCCESS | time=1ms
2019.02.13 13:01:12 INFO  ce[AWjoBQWpBG5-w62vQsEu][o.s.c.t.s.ComputationStepExecutor] Load measure computers | status=SUCCESS | time=0ms
2019.02.13 13:01:12 INFO  ce[AWjoBQWpBG5-w62vQsEu][o.s.c.t.s.ComputationStepExecutor] Compute Quality Profile status | status=SUCCESS | time=4ms
2019.02.13 13:01:12 INFO  ce[AWjoBQWpBG5-w62vQsEu][o.s.c.t.s.ComputationStepExecutor] Execute component visitors | status=SUCCESS | time=152ms
2019.02.13 13:01:12 INFO  ce[AWjoBQWpBG5-w62vQsEu][o.s.c.t.s.ComputationStepExecutor] Checks executed after computation of measures | status=SUCCESS | time=0ms
2019.02.13 13:01:12 INFO  ce[AWjoBQWpBG5-w62vQsEu][o.s.c.t.s.ComputationStepExecutor] Compute Quality Gate measures | status=SUCCESS | time=1ms
2019.02.13 13:01:12 INFO  ce[AWjoBQWpBG5-w62vQsEu][o.s.c.t.s.ComputationStepExecutor] Compute Quality profile measures | status=SUCCESS | time=0ms
2019.02.13 13:01:12 INFO  ce[AWjoBQWpBG5-w62vQsEu][o.s.c.t.s.ComputationStepExecutor] Generate Quality profile events | status=SUCCESS | time=2ms
2019.02.13 13:01:12 INFO  ce[AWjoBQWpBG5-w62vQsEu][o.s.c.t.s.ComputationStepExecutor] Generate Quality gate events | status=SUCCESS | time=2ms
2019.02.13 13:01:12 INFO  ce[AWjoBQWpBG5-w62vQsEu][o.s.c.t.s.ComputationStepExecutor] Persist components | status=SUCCESS | time=6ms
2019.02.13 13:01:12 INFO  ce[AWjoBQWpBG5-w62vQsEu][o.s.c.t.s.ComputationStepExecutor] Persist analysis | status=SUCCESS | time=2ms
2019.02.13 13:01:12 INFO  ce[AWjoBQWpBG5-w62vQsEu][o.s.c.t.s.ComputationStepExecutor] Persist analysis properties | status=SUCCESS | time=1ms
2019.02.13 13:01:12 INFO  ce[AWjoBQWpBG5-w62vQsEu][o.s.c.t.s.ComputationStepExecutor] Persist measures | inserts=81 | status=SUCCESS | time=10ms
2019.02.13 13:01:12 INFO  ce[AWjoBQWpBG5-w62vQsEu][o.s.c.t.s.ComputationStepExecutor] Persist live measures | insertsOrUpdates=485 | status=SUCCESS | time=170ms
2019.02.13 13:01:12 INFO  ce[AWjoBQWpBG5-w62vQsEu][o.s.c.t.s.ComputationStepExecutor] Persist new ad hoc Rules | status=SUCCESS | time=1ms
2019.02.13 13:01:12 INFO  ce[AWjoBQWpBG5-w62vQsEu][o.s.c.t.s.ComputationStepExecutor] Persist issues | inserts=0 | updates=0 | merged=0 | untouched=25 | status=SUCCESS | time=65ms
2019.02.13 13:01:12 INFO  ce[AWjoBQWpBG5-w62vQsEu][o.s.c.t.s.ComputationStepExecutor] Persist project links | status=SUCCESS | time=2ms
2019.02.13 13:01:12 INFO  ce[AWjoBQWpBG5-w62vQsEu][o.s.c.t.s.ComputationStepExecutor] Persist events | status=SUCCESS | time=3ms
2019.02.13 13:01:12 INFO  ce[AWjoBQWpBG5-w62vQsEu][o.s.c.t.s.ComputationStepExecutor] Persist sources | status=SUCCESS | time=103ms
2019.02.13 13:01:12 INFO  ce[AWjoBQWpBG5-w62vQsEu][o.s.c.t.s.ComputationStepExecutor] Persist cross project duplications | status=SUCCESS | time=0ms
2019.02.13 13:01:12 INFO  ce[AWjoBQWpBG5-w62vQsEu][o.s.c.t.s.ComputationStepExecutor] Enable analysis | status=SUCCESS | time=2ms
2019.02.13 13:01:12 INFO  ce[AWjoBQWpBG5-w62vQsEu][o.s.c.t.s.ComputationStepExecutor] Update last usage date of quality profiles | status=SUCCESS | time=3ms
2019.02.13 13:01:12 INFO  ce[AWjoBQWpBG5-w62vQsEu][o.s.c.t.s.ComputationStepExecutor] Purge db | status=SUCCESS | time=27ms
2019.02.13 13:01:13 INFO  ce[AWjoBQWpBG5-w62vQsEu][o.s.c.t.s.ComputationStepExecutor] Index analysis | status=SUCCESS | time=714ms
2019.02.13 13:01:13 INFO  ce[AWjoBQWpBG5-w62vQsEu][o.s.c.t.s.ComputationStepExecutor] Send issue notifications | newIssuesNotifs=0 | newIssuesDeliveries=0 | myNewIssuesNotifs=0 | myNewIssuesDeliveries=0 | changesNotifs=0 | changesDeliveries=0 | status=SUCCESS | time=2ms
2019.02.13 13:01:13 INFO  ce[AWjoBQWpBG5-w62vQsEu][o.s.c.t.s.ComputationStepExecutor] Publish task results | status=SUCCESS | time=0ms
2019.02.13 13:01:13 INFO  ce[AWjoBQWpBG5-w62vQsEu][o.s.c.t.s.ComputationStepExecutor] Trigger refresh of Portfolios and Applications | status=SUCCESS | time=0ms
2019.02.13 13:01:13 INFO  ce[AWjoBQWpBG5-w62vQsEu][o.s.c.t.CeWorkerImpl] Executed task | project=JavaProject | type=REPORT | id=AWjoBQWpBG5-w62vQsEu | submitter=admin | status=SUCCESS | time=1981ms
2019.02.13 16:17:08 INFO  ce[][o.s.p.StopWatcher] Stopping process
2019.02.13 16:17:09 INFO  ce[][o.s.ce.app.CeServer] Compute Engine is stopping...
2019.02.13 16:17:10 INFO  ce[][o.s.c.t.CeProcessingSchedulerImpl] Waiting for workers to finish in-progress tasks
2019.02.13 16:17:12 INFO  ce[][o.s.ce.app.CeServer] Compute Engine is stopped
