2019.02.12 09:25:00 INFO  web[][o.s.p.ProcessEntryPoint] Starting web
2019.02.12 09:25:04 INFO  web[][o.a.t.u.n.NioSelectorPool] Using a shared selector for servlet write/read
2019.02.12 09:25:15 INFO  web[][o.e.p.PluginsService] no modules loaded
2019.02.12 09:25:15 INFO  web[][o.e.p.PluginsService] loaded plugin [org.elasticsearch.join.ParentJoinPlugin]
2019.02.12 09:25:15 INFO  web[][o.e.p.PluginsService] loaded plugin [org.elasticsearch.percolator.PercolatorPlugin]
2019.02.12 09:25:15 INFO  web[][o.e.p.PluginsService] loaded plugin [org.elasticsearch.transport.Netty4Plugin]
2019.02.12 09:25:18 INFO  web[][o.s.s.e.EsClientProvider] Connected to local Elasticsearch: [127.0.0.1:9001]
2019.02.12 09:25:18 INFO  web[][o.s.s.p.LogServerVersion] SonarQube Server / 7.6.0.21501 / d56689a5eb122c06cf87375828085609f5a68323
2019.02.12 09:25:19 INFO  web[][o.s.s.p.d.EmbeddedDatabase] Starting embedded database on port 9092 with url jdbc:h2:tcp://127.0.0.1:9092/sonar
2019.02.12 09:25:19 INFO  web[][o.s.s.p.d.EmbeddedDatabase] Embedded database started. Data stored in: C:\Users\AJReddy\Downloads\sonarqube-7.6\data
2019.02.12 09:25:19 INFO  web[][o.sonar.db.Database] Create JDBC data source for jdbc:h2:tcp://127.0.0.1:9092/sonar
2019.02.12 09:25:20 WARN  web[][o.s.db.dialect.H2] H2 database should be used for evaluation purpose only.
2019.02.12 09:25:23 INFO  web[][o.s.s.p.ServerFileSystemImpl] SonarQube home: C:\Users\AJReddy\Downloads\sonarqube-7.6
2019.02.12 09:25:23 INFO  web[][o.s.s.u.SystemPasscodeImpl] System authentication by passcode is disabled
2019.02.12 09:25:25 INFO  web[][o.s.s.p.d.m.h.MigrationHistoryTableImpl] Creating table schema_migrations
2019.02.12 09:25:31 INFO  web[][o.s.s.p.ServerPluginRepository] Deploy plugin Git / 1.7.0.1491 / 1d54e49a5f952dfb4ccded090f8043a2a62d0372
2019.02.12 09:25:31 INFO  web[][o.s.s.p.ServerPluginRepository] Deploy plugin JaCoCo / 1.0.1.143 / 65c55e41e32c114704fd597ccea91fc55becb4ec
2019.02.12 09:25:31 INFO  web[][o.s.s.p.ServerPluginRepository] Deploy plugin LDAP / 2.2.0.608 / 79dc3fa4393a29667673c70182f3016288b548b7
2019.02.12 09:25:31 INFO  web[][o.s.s.p.ServerPluginRepository] Deploy plugin SonarC# / 7.10.0.7896 / 4e51d150065288432fd1411d29d5aebf2ab7f133
2019.02.12 09:25:31 INFO  web[][o.s.s.p.ServerPluginRepository] Deploy plugin SonarCSS / 1.0.3.724 / 3ad5232345519caed38a24c70fb77e91757833bf
2019.02.12 09:25:31 INFO  web[][o.s.s.p.ServerPluginRepository] Deploy plugin SonarFlex / 2.4.0.1222 / 68d9cb3b7daccbc4869c4f2b89d09218d26a0829
2019.02.12 09:25:31 INFO  web[][o.s.s.p.ServerPluginRepository] Deploy plugin SonarGo / 1.1.0.1612 / 1809c7be6d88396c0a1b8d597b1e9e0ed8d29730
2019.02.12 09:25:31 INFO  web[][o.s.s.p.ServerPluginRepository] Deploy plugin SonarHTML / 3.1.0.1615 / 4181edb5eff5605bec82dc0aa15ecd70eaa5857f
2019.02.12 09:25:31 INFO  web[][o.s.s.p.ServerPluginRepository] Deploy plugin SonarJS / 5.0.0.6962 / ac2fe7567f3dfeb3295e2e710afd8c06b7760e9d
2019.02.12 09:25:31 INFO  web[][o.s.s.p.ServerPluginRepository] Deploy plugin SonarJava / 5.10.1.16922 / 448c4b8fce8d8ac53a9a7a7265d4de1c1ac87a4e
2019.02.12 09:25:31 INFO  web[][o.s.s.p.ServerPluginRepository] Deploy plugin SonarKotlin / 1.4.0.155 / f71ae433edd0c1f1dbab3fed4d755ef17aef8573
2019.02.12 09:25:31 INFO  web[][o.s.s.p.ServerPluginRepository] Deploy plugin SonarPHP / 2.16.0.4355 / 80c76cb14e9eae6bd982fa6ac8c39b2de1f89b6f
2019.02.12 09:25:31 INFO  web[][o.s.s.p.ServerPluginRepository] Deploy plugin SonarPython / 1.11.0.2473 / 3ec86bb66699ff9ccf2c00c84f360210eb3ffd8d
2019.02.12 09:25:31 INFO  web[][o.s.s.p.ServerPluginRepository] Deploy plugin SonarRuby / 1.4.0.155 / f71ae433edd0c1f1dbab3fed4d755ef17aef8573
2019.02.12 09:25:31 INFO  web[][o.s.s.p.ServerPluginRepository] Deploy plugin SonarScala / 1.4.0.155 / f71ae433edd0c1f1dbab3fed4d755ef17aef8573
2019.02.12 09:25:31 INFO  web[][o.s.s.p.ServerPluginRepository] Deploy plugin SonarTS / 1.9.0.3766 / 4a4080b78001a78d758d1d0fa0190fb9496b6f57
2019.02.12 09:25:31 INFO  web[][o.s.s.p.ServerPluginRepository] Deploy plugin SonarVB / 7.10.0.7896 / 4e51d150065288432fd1411d29d5aebf2ab7f133
2019.02.12 09:25:31 INFO  web[][o.s.s.p.ServerPluginRepository] Deploy plugin SonarXML / 2.0.1.2020 / c5b84004face582d56f110e24c29bf9c6a679e69
2019.02.12 09:25:31 INFO  web[][o.s.s.p.ServerPluginRepository] Deploy plugin Svn / 1.9.0.1295 / 942e075773975354e32691a60bfd968065703e04
2019.02.12 09:25:52 INFO  web[][o.s.s.p.d.m.AutoDbMigration] Automatically perform DB migration on fresh install
2019.02.12 09:25:53 INFO  web[][o.s.s.p.Platform] Database has been automatically updated
2019.02.12 09:25:53 INFO  web[][o.s.s.p.w.MasterServletFilter] Initializing servlet filter org.sonar.server.ws.WebServiceFilter@53009de2 [pattern=UrlPattern{inclusions=[/api/system/migrate_db.*, ...], exclusions=[/api/properties*, ...]}]
2019.02.12 09:25:54 INFO  web[][o.s.s.a.EmbeddedTomcat] HTTP connector enabled on port 9000
2019.02.12 09:26:00 INFO  web[][o.s.s.p.UpdateCenterClient] Update center: https://update.sonarsource.org/update-center.properties (no proxy)
2019.02.12 09:26:03 INFO  web[][o.s.s.e.IndexCreator] Create index metadatas
2019.02.12 09:26:07 INFO  web[][o.s.s.e.IndexCreator] Create type metadatas/metadata
2019.02.12 09:26:08 INFO  web[][o.s.s.e.IndexCreator] Create index components
2019.02.12 09:26:12 INFO  web[][o.s.s.e.IndexCreator] Create type components/component
2019.02.12 09:26:12 INFO  web[][o.s.s.e.IndexCreator] Create type components/authorization
2019.02.12 09:26:12 INFO  web[][o.s.s.e.IndexCreator] Create index tests
2019.02.12 09:26:25 INFO  web[][o.s.s.e.IndexCreator] Create type tests/test
2019.02.12 09:26:25 INFO  web[][o.s.s.e.IndexCreator] Create index projectmeasures
2019.02.12 09:26:30 INFO  web[][o.s.s.e.IndexCreator] Create type projectmeasures/projectmeasure
2019.02.12 09:26:30 INFO  web[][o.s.s.e.IndexCreator] Create type projectmeasures/authorization
2019.02.12 09:26:30 INFO  web[][o.s.s.e.IndexCreator] Create index rules
2019.02.12 09:26:35 INFO  web[][o.s.s.e.IndexCreator] Create type rules/activeRule
2019.02.12 09:26:35 INFO  web[][o.s.s.e.IndexCreator] Create type rules/ruleExtension
2019.02.12 09:26:35 INFO  web[][o.s.s.e.IndexCreator] Create type rules/rule
2019.02.12 09:26:35 INFO  web[][o.s.s.e.IndexCreator] Create index issues
2019.02.12 09:26:39 INFO  web[][o.s.s.e.IndexCreator] Create type issues/issue
2019.02.12 09:26:39 INFO  web[][o.s.s.e.IndexCreator] Create type issues/authorization
2019.02.12 09:26:39 INFO  web[][o.s.s.e.IndexCreator] Create index users
2019.02.12 09:26:41 INFO  web[][o.s.s.e.IndexCreator] Create type users/user
2019.02.12 09:26:41 INFO  web[][o.s.s.e.IndexCreator] Create index views
2019.02.12 09:26:47 INFO  web[][o.s.s.e.IndexCreator] Create type views/view
2019.02.12 09:26:47 INFO  web[][o.s.s.s.LogServerId] Server ID: BF41A1F2-AWjiGZQZDfcdWiKV16l8
2019.02.12 09:26:49 WARN  web[][o.s.a.s.w.WebService$Action] The response example is not set on action api/plugins/download
2019.02.12 09:26:49 WARN  web[][o.s.a.s.w.WebService$Action] The response example is not set on action api/permissions/search_templates
2019.02.12 09:26:50 INFO  web[][o.s.s.t.TelemetryDaemon] Sharing of SonarQube statistics is enabled.
2019.02.12 09:26:50 INFO  web[][o.s.s.n.NotificationDaemon] Notification service started (delay 60 sec.)
2019.02.12 09:26:50 INFO  web[][o.s.s.s.GeneratePluginIndex] Generate scanner plugin index
2019.02.12 09:26:50 INFO  web[][o.s.s.s.RegisterPlugins] Register plugins
2019.02.12 09:26:50 INFO  web[][o.s.s.s.RegisterMetrics] Register metrics
2019.02.12 09:26:51 INFO  web[][o.s.s.q.RegisterQualityGates] Built-in quality gate's conditions of [Sonar way] has been updated
2019.02.12 09:26:51 INFO  web[][o.s.s.r.RegisterRules] Register rules
2019.02.12 09:27:25 INFO  web[][o.s.s.q.BuiltInQProfileRepositoryImpl] Load quality profiles
2019.02.12 09:27:26 INFO  web[][o.s.s.q.RegisterQualityProfiles] Register quality profiles
2019.02.12 09:27:26 INFO  web[][o.s.s.q.RegisterQualityProfiles] Register profile css/Sonar way
2019.02.12 09:27:27 INFO  web[][o.s.s.q.RegisterQualityProfiles] Register profile scala/Sonar way
2019.02.12 09:27:28 INFO  web[][o.s.s.q.RegisterQualityProfiles] Register profile jsp/Sonar way
2019.02.12 09:27:28 INFO  web[][o.s.s.q.RegisterQualityProfiles] Register profile kotlin/Sonar way
2019.02.12 09:27:28 INFO  web[][o.s.s.q.RegisterQualityProfiles] Register profile go/Sonar way
2019.02.12 09:27:29 INFO  web[][o.s.s.q.RegisterQualityProfiles] Register profile js/Sonar way Recommended
2019.02.12 09:27:30 INFO  web[][o.s.s.q.RegisterQualityProfiles] Register profile js/Sonar way
2019.02.12 09:27:30 INFO  web[][o.s.s.q.RegisterQualityProfiles] Register profile py/Sonar way
2019.02.12 09:27:30 INFO  web[][o.s.s.q.RegisterQualityProfiles] Register profile ruby/Sonar way
2019.02.12 09:27:31 INFO  web[][o.s.s.q.RegisterQualityProfiles] Register profile cs/Sonar way
2019.02.12 09:27:32 INFO  web[][o.s.s.q.RegisterQualityProfiles] Register profile java/Sonar way
2019.02.12 09:27:33 INFO  web[][o.s.s.q.RegisterQualityProfiles] Register profile web/Sonar way
2019.02.12 09:27:33 INFO  web[][o.s.s.q.RegisterQualityProfiles] Register profile xml/Sonar way
2019.02.12 09:27:34 INFO  web[][o.s.s.q.RegisterQualityProfiles] Register profile flex/Sonar way
2019.02.12 09:27:34 INFO  web[][o.s.s.q.RegisterQualityProfiles] Register profile php/PSR-2
2019.02.12 09:27:34 INFO  web[][o.s.s.q.RegisterQualityProfiles] Register profile php/Drupal
2019.02.12 09:27:35 INFO  web[][o.s.s.q.RegisterQualityProfiles] Register profile php/Sonar way
2019.02.12 09:27:35 INFO  web[][o.s.s.q.RegisterQualityProfiles] Register profile vbnet/Sonar way
2019.02.12 09:27:36 INFO  web[][o.s.s.q.RegisterQualityProfiles] Register profile ts/Sonar way
2019.02.12 09:27:36 INFO  web[][o.s.s.q.RegisterQualityProfiles] Register profile ts/Sonar way recommended
2019.02.12 09:27:37 INFO  web[][o.s.s.s.RegisterPermissionTemplates] Register permission templates
2019.02.12 09:27:37 INFO  web[][o.s.s.s.RenameDeprecatedPropertyKeys] Rename deprecated property keys
2019.02.12 09:27:37 INFO  web[][o.s.s.p.w.MasterServletFilter] Initializing servlet filter org.sonar.server.ws.WebServiceFilter@3bbd6b5c [pattern=UrlPattern{inclusions=[/api/issues/delete_comment.*, ...], exclusions=[/api/properties*, ...]}]
2019.02.12 09:27:37 INFO  web[][o.s.s.p.w.MasterServletFilter] Initializing servlet filter org.sonar.server.ws.DeprecatedPropertiesWsFilter@6e3daa19 [pattern=UrlPattern{inclusions=[/api/properties/*], exclusions=[]}]
2019.02.12 09:27:37 INFO  web[][o.s.s.p.w.MasterServletFilter] Initializing servlet filter org.sonar.server.ws.WebServiceReroutingFilter@33ebb5c2 [pattern=UrlPattern{inclusions=[/api/components/bulk_update_key, ...], exclusions=[]}]
2019.02.12 09:27:37 INFO  web[][o.s.s.p.w.MasterServletFilter] Initializing servlet filter org.sonar.server.authentication.InitFilter@7c9d74b5 [pattern=UrlPattern{inclusions=[/sessions/init/*], exclusions=[]}]
2019.02.12 09:27:37 INFO  web[][o.s.s.p.w.MasterServletFilter] Initializing servlet filter org.sonar.server.authentication.OAuth2CallbackFilter@354257dc [pattern=UrlPattern{inclusions=[/oauth2/callback/*], exclusions=[]}]
2019.02.12 09:27:37 INFO  web[][o.s.s.p.w.MasterServletFilter] Initializing servlet filter org.sonar.server.authentication.ws.LoginAction@3f13cf52 [pattern=UrlPattern{inclusions=[/api/authentication/login], exclusions=[]}]
2019.02.12 09:27:37 INFO  web[][o.s.s.p.w.MasterServletFilter] Initializing servlet filter org.sonar.server.authentication.ws.LogoutAction@e5105b0 [pattern=UrlPattern{inclusions=[/api/authentication/logout], exclusions=[]}]
2019.02.12 09:27:37 INFO  web[][o.s.s.p.w.MasterServletFilter] Initializing servlet filter org.sonar.server.authentication.ws.ValidateAction@661da97f [pattern=UrlPattern{inclusions=[/api/authentication/validate], exclusions=[]}]
2019.02.12 09:27:37 INFO  web[][o.s.s.e.IndexerStartupTask] Indexing of type [rules/activeRule] ...
2019.02.12 09:27:43 INFO  web[][o.s.s.e.IndexerStartupTask] Indexing of type [rules/activeRule] done | time=6376ms
2019.02.12 09:27:43 INFO  web[][o.s.s.e.IndexerStartupTask] Indexing of types [rules/ruleExtension],[rules/rule] ...
2019.02.12 09:27:53 INFO  web[][o.s.s.e.IndexerStartupTask] Indexing of types [rules/ruleExtension],[rules/rule] done | time=10378ms
2019.02.12 09:27:53 INFO  web[][o.s.s.e.IndexerStartupTask] Indexing of type [users/user] ...
2019.02.12 09:27:55 INFO  web[][o.s.s.e.IndexerStartupTask] Indexing of type [users/user] done | time=1647ms
2019.02.12 09:27:55 INFO  web[][o.s.s.e.IndexerStartupTask] Indexing of type [components/component] ...
2019.02.12 09:27:56 INFO  web[][o.s.s.e.IndexerStartupTask] Indexing of type [components/component] done | time=398ms
2019.02.12 09:27:56 INFO  web[][o.s.s.e.IndexerStartupTask] Indexing of type [views/view] ...
2019.02.12 09:27:56 INFO  web[][o.s.s.e.IndexerStartupTask] Indexing of type [views/view] done | time=642ms
2019.02.12 09:27:56 INFO  web[][o.s.s.e.IndexerStartupTask] Indexing of type [issues/issue] ...
2019.02.12 09:27:57 INFO  web[][o.s.s.e.IndexerStartupTask] Indexing of type [issues/issue] done | time=617ms
2019.02.12 09:27:57 INFO  web[][o.s.s.e.IndexerStartupTask] Indexing of types [components/authorization],[issues/authorization],[projectmeasures/authorization] ...
2019.02.12 09:27:58 INFO  web[][o.s.s.e.IndexerStartupTask] Indexing of types [components/authorization],[issues/authorization],[projectmeasures/authorization] done | time=800ms
2019.02.12 09:27:58 INFO  web[][o.s.s.e.IndexerStartupTask] Indexing of type [projectmeasures/projectmeasure] ...
2019.02.12 09:27:58 INFO  web[][o.s.s.e.IndexerStartupTask] Indexing of type [projectmeasures/projectmeasure] done | time=578ms
2019.02.12 09:27:58 INFO  web[][o.s.s.p.p.PlatformLevelStartup] Running Community Edition
2019.02.12 09:27:58 INFO  web[][o.s.s.p.Platform] WebServer is operational
2019.02.12 10:09:48 INFO  web[][o.s.p.ProcessEntryPoint] Starting web
2019.02.12 10:09:51 INFO  web[][o.a.t.u.n.NioSelectorPool] Using a shared selector for servlet write/read
2019.02.12 10:09:58 INFO  web[][o.e.p.PluginsService] no modules loaded
2019.02.12 10:09:58 INFO  web[][o.e.p.PluginsService] loaded plugin [org.elasticsearch.join.ParentJoinPlugin]
2019.02.12 10:09:58 INFO  web[][o.e.p.PluginsService] loaded plugin [org.elasticsearch.percolator.PercolatorPlugin]
2019.02.12 10:09:58 INFO  web[][o.e.p.PluginsService] loaded plugin [org.elasticsearch.transport.Netty4Plugin]
2019.02.12 10:10:00 INFO  web[][o.s.s.e.EsClientProvider] Connected to local Elasticsearch: [127.0.0.1:9001]
2019.02.12 10:10:00 INFO  web[][o.s.s.p.LogServerVersion] SonarQube Server / 7.6.0.21501 / d56689a5eb122c06cf87375828085609f5a68323
2019.02.12 10:10:05 INFO  web[][o.s.s.p.d.EmbeddedDatabase] Starting embedded database on port 9092 with url jdbc:h2:tcp://127.0.0.1:9092/sonar
2019.02.12 10:10:05 INFO  web[][o.s.s.p.d.EmbeddedDatabase] Embedded database started. Data stored in: C:\Users\AJReddy\Downloads\sonarqube-7.6\data
2019.02.12 10:10:05 INFO  web[][o.sonar.db.Database] Create JDBC data source for jdbc:h2:tcp://127.0.0.1:9092/sonar
2019.02.12 10:10:06 WARN  web[][o.s.db.dialect.H2] H2 database should be used for evaluation purpose only.
2019.02.12 10:10:08 INFO  web[][o.s.s.p.ServerFileSystemImpl] SonarQube home: C:\Users\AJReddy\Downloads\sonarqube-7.6
2019.02.12 10:10:08 INFO  web[][o.s.s.u.SystemPasscodeImpl] System authentication by passcode is disabled
2019.02.12 10:10:10 INFO  web[][o.s.s.p.ServerPluginRepository] Deploy plugin Git / 1.7.0.1491 / 1d54e49a5f952dfb4ccded090f8043a2a62d0372
2019.02.12 10:10:10 INFO  web[][o.s.s.p.ServerPluginRepository] Deploy plugin JaCoCo / 1.0.1.143 / 65c55e41e32c114704fd597ccea91fc55becb4ec
2019.02.12 10:10:10 INFO  web[][o.s.s.p.ServerPluginRepository] Deploy plugin LDAP / 2.2.0.608 / 79dc3fa4393a29667673c70182f3016288b548b7
2019.02.12 10:10:10 INFO  web[][o.s.s.p.ServerPluginRepository] Deploy plugin SonarC# / 7.10.0.7896 / 4e51d150065288432fd1411d29d5aebf2ab7f133
2019.02.12 10:10:10 INFO  web[][o.s.s.p.ServerPluginRepository] Deploy plugin SonarCSS / 1.0.3.724 / 3ad5232345519caed38a24c70fb77e91757833bf
2019.02.12 10:10:10 INFO  web[][o.s.s.p.ServerPluginRepository] Deploy plugin SonarFlex / 2.4.0.1222 / 68d9cb3b7daccbc4869c4f2b89d09218d26a0829
2019.02.12 10:10:10 INFO  web[][o.s.s.p.ServerPluginRepository] Deploy plugin SonarGo / 1.1.0.1612 / 1809c7be6d88396c0a1b8d597b1e9e0ed8d29730
2019.02.12 10:10:10 INFO  web[][o.s.s.p.ServerPluginRepository] Deploy plugin SonarHTML / 3.1.0.1615 / 4181edb5eff5605bec82dc0aa15ecd70eaa5857f
2019.02.12 10:10:10 INFO  web[][o.s.s.p.ServerPluginRepository] Deploy plugin SonarJS / 5.0.0.6962 / ac2fe7567f3dfeb3295e2e710afd8c06b7760e9d
2019.02.12 10:10:10 INFO  web[][o.s.s.p.ServerPluginRepository] Deploy plugin SonarJava / 5.10.1.16922 / 448c4b8fce8d8ac53a9a7a7265d4de1c1ac87a4e
2019.02.12 10:10:10 INFO  web[][o.s.s.p.ServerPluginRepository] Deploy plugin SonarKotlin / 1.4.0.155 / f71ae433edd0c1f1dbab3fed4d755ef17aef8573
2019.02.12 10:10:10 INFO  web[][o.s.s.p.ServerPluginRepository] Deploy plugin SonarPHP / 2.16.0.4355 / 80c76cb14e9eae6bd982fa6ac8c39b2de1f89b6f
2019.02.12 10:10:10 INFO  web[][o.s.s.p.ServerPluginRepository] Deploy plugin SonarPython / 1.11.0.2473 / 3ec86bb66699ff9ccf2c00c84f360210eb3ffd8d
2019.02.12 10:10:10 INFO  web[][o.s.s.p.ServerPluginRepository] Deploy plugin SonarRuby / 1.4.0.155 / f71ae433edd0c1f1dbab3fed4d755ef17aef8573
2019.02.12 10:10:10 INFO  web[][o.s.s.p.ServerPluginRepository] Deploy plugin SonarScala / 1.4.0.155 / f71ae433edd0c1f1dbab3fed4d755ef17aef8573
2019.02.12 10:10:10 INFO  web[][o.s.s.p.ServerPluginRepository] Deploy plugin SonarTS / 1.9.0.3766 / 4a4080b78001a78d758d1d0fa0190fb9496b6f57
2019.02.12 10:10:10 INFO  web[][o.s.s.p.ServerPluginRepository] Deploy plugin SonarVB / 7.10.0.7896 / 4e51d150065288432fd1411d29d5aebf2ab7f133
2019.02.12 10:10:10 INFO  web[][o.s.s.p.ServerPluginRepository] Deploy plugin SonarXML / 2.0.1.2020 / c5b84004face582d56f110e24c29bf9c6a679e69
2019.02.12 10:10:10 INFO  web[][o.s.s.p.ServerPluginRepository] Deploy plugin Svn / 1.9.0.1295 / 942e075773975354e32691a60bfd968065703e04
2019.02.12 10:10:14 INFO  web[][o.s.s.p.w.MasterServletFilter] Initializing servlet filter org.sonar.server.ws.WebServiceFilter@e41ed11 [pattern=UrlPattern{inclusions=[/api/system/migrate_db.*, ...], exclusions=[/api/properties*, ...]}]
2019.02.12 10:10:15 INFO  web[][o.s.s.a.EmbeddedTomcat] HTTP connector enabled on port 9000
2019.02.12 10:10:17 INFO  web[][o.s.s.p.UpdateCenterClient] Update center: https://update.sonarsource.org/update-center.properties (no proxy)
2019.02.12 10:10:19 INFO  web[][o.s.s.s.LogServerId] Server ID: BF41A1F2-AWjiGZQZDfcdWiKV16l8
2019.02.12 10:10:19 WARN  web[][o.s.a.s.w.WebService$Action] The response example is not set on action api/plugins/download
2019.02.12 10:10:19 WARN  web[][o.s.a.s.w.WebService$Action] The response example is not set on action api/permissions/search_templates
2019.02.12 10:10:19 INFO  web[][o.s.s.t.TelemetryDaemon] Sharing of SonarQube statistics is enabled.
2019.02.12 10:10:19 INFO  web[][o.s.s.n.NotificationDaemon] Notification service started (delay 60 sec.)
2019.02.12 10:10:20 INFO  web[][o.s.s.s.GeneratePluginIndex] Generate scanner plugin index
2019.02.12 10:10:20 INFO  web[][o.s.s.s.RegisterPlugins] Register plugins
2019.02.12 10:10:20 INFO  web[][o.s.s.s.RegisterMetrics] Register metrics
2019.02.12 10:10:20 INFO  web[][o.s.s.r.RegisterRules] Register rules
2019.02.12 10:10:26 INFO  web[][o.s.s.q.BuiltInQProfileRepositoryImpl] Load quality profiles
2019.02.12 10:10:26 INFO  web[][o.s.s.q.RegisterQualityProfiles] Register quality profiles
2019.02.12 10:10:26 INFO  web[][o.s.s.q.RegisterQualityProfiles] Update profile css/Sonar way
2019.02.12 10:10:26 INFO  web[][o.s.s.q.RegisterQualityProfiles] Update profile scala/Sonar way
2019.02.12 10:10:27 INFO  web[][o.s.s.q.RegisterQualityProfiles] Update profile jsp/Sonar way
2019.02.12 10:10:27 INFO  web[][o.s.s.q.RegisterQualityProfiles] Update profile kotlin/Sonar way
2019.02.12 10:10:27 INFO  web[][o.s.s.q.RegisterQualityProfiles] Update profile go/Sonar way
2019.02.12 10:10:27 INFO  web[][o.s.s.q.RegisterQualityProfiles] Update profile js/Sonar way Recommended
2019.02.12 10:10:27 INFO  web[][o.s.s.q.RegisterQualityProfiles] Update profile js/Sonar way
2019.02.12 10:10:27 INFO  web[][o.s.s.q.RegisterQualityProfiles] Update profile py/Sonar way
2019.02.12 10:10:27 INFO  web[][o.s.s.q.RegisterQualityProfiles] Update profile ruby/Sonar way
2019.02.12 10:10:27 INFO  web[][o.s.s.q.RegisterQualityProfiles] Update profile cs/Sonar way
2019.02.12 10:10:27 INFO  web[][o.s.s.q.RegisterQualityProfiles] Update profile java/Sonar way
2019.02.12 10:10:28 INFO  web[][o.s.s.q.RegisterQualityProfiles] Update profile web/Sonar way
2019.02.12 10:10:28 INFO  web[][o.s.s.q.RegisterQualityProfiles] Update profile xml/Sonar way
2019.02.12 10:10:28 INFO  web[][o.s.s.q.RegisterQualityProfiles] Update profile flex/Sonar way
2019.02.12 10:10:28 INFO  web[][o.s.s.q.RegisterQualityProfiles] Update profile php/PSR-2
2019.02.12 10:10:28 INFO  web[][o.s.s.q.RegisterQualityProfiles] Update profile php/Drupal
2019.02.12 10:10:28 INFO  web[][o.s.s.q.RegisterQualityProfiles] Update profile php/Sonar way
2019.02.12 10:10:28 INFO  web[][o.s.s.q.RegisterQualityProfiles] Update profile vbnet/Sonar way
2019.02.12 10:10:28 INFO  web[][o.s.s.q.RegisterQualityProfiles] Update profile ts/Sonar way
2019.02.12 10:10:28 INFO  web[][o.s.s.q.RegisterQualityProfiles] Update profile ts/Sonar way recommended
2019.02.12 10:10:29 INFO  web[][o.s.s.s.RegisterPermissionTemplates] Register permission templates
2019.02.12 10:10:29 INFO  web[][o.s.s.s.RenameDeprecatedPropertyKeys] Rename deprecated property keys
2019.02.12 10:10:29 INFO  web[][o.s.s.p.w.MasterServletFilter] Initializing servlet filter org.sonar.server.ws.WebServiceFilter@7d7c845a [pattern=UrlPattern{inclusions=[/api/issues/delete_comment.*, ...], exclusions=[/api/properties*, ...]}]
2019.02.12 10:10:29 INFO  web[][o.s.s.p.w.MasterServletFilter] Initializing servlet filter org.sonar.server.ws.DeprecatedPropertiesWsFilter@79342b45 [pattern=UrlPattern{inclusions=[/api/properties/*], exclusions=[]}]
2019.02.12 10:10:29 INFO  web[][o.s.s.p.w.MasterServletFilter] Initializing servlet filter org.sonar.server.ws.WebServiceReroutingFilter@6d810a9b [pattern=UrlPattern{inclusions=[/api/components/bulk_update_key, ...], exclusions=[]}]
2019.02.12 10:10:29 INFO  web[][o.s.s.p.w.MasterServletFilter] Initializing servlet filter org.sonar.server.authentication.InitFilter@1a290834 [pattern=UrlPattern{inclusions=[/sessions/init/*], exclusions=[]}]
2019.02.12 10:10:29 INFO  web[][o.s.s.p.w.MasterServletFilter] Initializing servlet filter org.sonar.server.authentication.OAuth2CallbackFilter@71fadd48 [pattern=UrlPattern{inclusions=[/oauth2/callback/*], exclusions=[]}]
2019.02.12 10:10:29 INFO  web[][o.s.s.p.w.MasterServletFilter] Initializing servlet filter org.sonar.server.authentication.ws.LoginAction@2daa6a66 [pattern=UrlPattern{inclusions=[/api/authentication/login], exclusions=[]}]
2019.02.12 10:10:29 INFO  web[][o.s.s.p.w.MasterServletFilter] Initializing servlet filter org.sonar.server.authentication.ws.LogoutAction@48d1f97a [pattern=UrlPattern{inclusions=[/api/authentication/logout], exclusions=[]}]
2019.02.12 10:10:29 INFO  web[][o.s.s.p.w.MasterServletFilter] Initializing servlet filter org.sonar.server.authentication.ws.ValidateAction@4c9498f3 [pattern=UrlPattern{inclusions=[/api/authentication/validate], exclusions=[]}]
2019.02.12 10:10:29 INFO  web[][o.s.s.p.p.PlatformLevelStartup] Running Community Edition
2019.02.12 10:10:29 INFO  web[][o.s.s.p.Platform] WebServer is operational
2019.02.12 11:09:45 INFO  web[][o.s.p.StopWatcher] Stopping process
2019.02.12 11:32:17 INFO  web[][o.s.p.ProcessEntryPoint] Starting web
2019.02.12 11:32:18 INFO  web[][o.a.t.u.n.NioSelectorPool] Using a shared selector for servlet write/read
2019.02.12 11:32:22 INFO  web[][o.e.p.PluginsService] no modules loaded
2019.02.12 11:32:22 INFO  web[][o.e.p.PluginsService] loaded plugin [org.elasticsearch.join.ParentJoinPlugin]
2019.02.12 11:32:22 INFO  web[][o.e.p.PluginsService] loaded plugin [org.elasticsearch.percolator.PercolatorPlugin]
2019.02.12 11:32:22 INFO  web[][o.e.p.PluginsService] loaded plugin [org.elasticsearch.transport.Netty4Plugin]
2019.02.12 11:32:25 INFO  web[][o.s.s.e.EsClientProvider] Connected to local Elasticsearch: [127.0.0.1:9001]
2019.02.12 11:32:25 INFO  web[][o.s.s.p.LogServerVersion] SonarQube Server / 7.6.0.21501 / d56689a5eb122c06cf87375828085609f5a68323
2019.02.12 11:32:28 INFO  web[][o.s.s.p.d.EmbeddedDatabase] Starting embedded database on port 9092 with url jdbc:h2:tcp://127.0.0.1:9092/sonar
2019.02.12 11:32:28 INFO  web[][o.s.s.p.d.EmbeddedDatabase] Embedded database started. Data stored in: C:\Users\AJReddy\Downloads\sonarqube-7.6\data
2019.02.12 11:32:28 INFO  web[][o.sonar.db.Database] Create JDBC data source for jdbc:h2:tcp://127.0.0.1:9092/sonar
2019.02.12 11:32:30 WARN  web[][o.s.db.dialect.H2] H2 database should be used for evaluation purpose only.
2019.02.12 11:32:32 INFO  web[][o.s.s.p.ServerFileSystemImpl] SonarQube home: C:\Users\AJReddy\Downloads\sonarqube-7.6
2019.02.12 11:32:32 INFO  web[][o.s.s.u.SystemPasscodeImpl] System authentication by passcode is disabled
2019.02.12 11:32:35 INFO  web[][o.s.s.p.ServerPluginRepository] Deploy plugin Git / 1.7.0.1491 / 1d54e49a5f952dfb4ccded090f8043a2a62d0372
2019.02.12 11:32:35 INFO  web[][o.s.s.p.ServerPluginRepository] Deploy plugin JaCoCo / 1.0.1.143 / 65c55e41e32c114704fd597ccea91fc55becb4ec
2019.02.12 11:32:35 INFO  web[][o.s.s.p.ServerPluginRepository] Deploy plugin LDAP / 2.2.0.608 / 79dc3fa4393a29667673c70182f3016288b548b7
2019.02.12 11:32:35 INFO  web[][o.s.s.p.ServerPluginRepository] Deploy plugin SonarC# / 7.10.0.7896 / 4e51d150065288432fd1411d29d5aebf2ab7f133
2019.02.12 11:32:35 INFO  web[][o.s.s.p.ServerPluginRepository] Deploy plugin SonarCSS / 1.0.3.724 / 3ad5232345519caed38a24c70fb77e91757833bf
2019.02.12 11:32:35 INFO  web[][o.s.s.p.ServerPluginRepository] Deploy plugin SonarFlex / 2.4.0.1222 / 68d9cb3b7daccbc4869c4f2b89d09218d26a0829
2019.02.12 11:32:35 INFO  web[][o.s.s.p.ServerPluginRepository] Deploy plugin SonarGo / 1.1.0.1612 / 1809c7be6d88396c0a1b8d597b1e9e0ed8d29730
2019.02.12 11:32:35 INFO  web[][o.s.s.p.ServerPluginRepository] Deploy plugin SonarHTML / 3.1.0.1615 / 4181edb5eff5605bec82dc0aa15ecd70eaa5857f
2019.02.12 11:32:35 INFO  web[][o.s.s.p.ServerPluginRepository] Deploy plugin SonarJS / 5.0.0.6962 / ac2fe7567f3dfeb3295e2e710afd8c06b7760e9d
2019.02.12 11:32:35 INFO  web[][o.s.s.p.ServerPluginRepository] Deploy plugin SonarJava / 5.10.1.16922 / 448c4b8fce8d8ac53a9a7a7265d4de1c1ac87a4e
2019.02.12 11:32:35 INFO  web[][o.s.s.p.ServerPluginRepository] Deploy plugin SonarKotlin / 1.4.0.155 / f71ae433edd0c1f1dbab3fed4d755ef17aef8573
2019.02.12 11:32:35 INFO  web[][o.s.s.p.ServerPluginRepository] Deploy plugin SonarPHP / 2.16.0.4355 / 80c76cb14e9eae6bd982fa6ac8c39b2de1f89b6f
2019.02.12 11:32:35 INFO  web[][o.s.s.p.ServerPluginRepository] Deploy plugin SonarPython / 1.11.0.2473 / 3ec86bb66699ff9ccf2c00c84f360210eb3ffd8d
2019.02.12 11:32:35 INFO  web[][o.s.s.p.ServerPluginRepository] Deploy plugin SonarRuby / 1.4.0.155 / f71ae433edd0c1f1dbab3fed4d755ef17aef8573
2019.02.12 11:32:35 INFO  web[][o.s.s.p.ServerPluginRepository] Deploy plugin SonarScala / 1.4.0.155 / f71ae433edd0c1f1dbab3fed4d755ef17aef8573
2019.02.12 11:32:35 INFO  web[][o.s.s.p.ServerPluginRepository] Deploy plugin SonarTS / 1.9.0.3766 / 4a4080b78001a78d758d1d0fa0190fb9496b6f57
2019.02.12 11:32:35 INFO  web[][o.s.s.p.ServerPluginRepository] Deploy plugin SonarVB / 7.10.0.7896 / 4e51d150065288432fd1411d29d5aebf2ab7f133
2019.02.12 11:32:35 INFO  web[][o.s.s.p.ServerPluginRepository] Deploy plugin SonarXML / 2.0.1.2020 / c5b84004face582d56f110e24c29bf9c6a679e69
2019.02.12 11:32:35 INFO  web[][o.s.s.p.ServerPluginRepository] Deploy plugin Svn / 1.9.0.1295 / 942e075773975354e32691a60bfd968065703e04
2019.02.12 11:32:39 INFO  web[][o.s.s.p.w.MasterServletFilter] Initializing servlet filter org.sonar.server.ws.WebServiceFilter@72db1a1e [pattern=UrlPattern{inclusions=[/api/system/migrate_db.*, ...], exclusions=[/api/properties*, ...]}]
2019.02.12 11:32:40 INFO  web[][o.s.s.a.EmbeddedTomcat] HTTP connector enabled on port 9000
2019.02.12 11:32:42 INFO  web[][o.s.s.p.UpdateCenterClient] Update center: https://update.sonarsource.org/update-center.properties (no proxy)
2019.02.12 11:32:45 INFO  web[][o.s.s.s.LogServerId] Server ID: BF41A1F2-AWjiGZQZDfcdWiKV16l8
2019.02.12 11:32:46 WARN  web[][o.s.a.s.w.WebService$Action] The response example is not set on action api/plugins/download
2019.02.12 11:32:46 WARN  web[][o.s.a.s.w.WebService$Action] The response example is not set on action api/permissions/search_templates
2019.02.12 11:32:46 INFO  web[][o.s.s.t.TelemetryDaemon] Sharing of SonarQube statistics is enabled.
2019.02.12 11:32:46 INFO  web[][o.s.s.n.NotificationDaemon] Notification service started (delay 60 sec.)
2019.02.12 11:32:46 INFO  web[][o.s.s.s.GeneratePluginIndex] Generate scanner plugin index
2019.02.12 11:32:46 INFO  web[][o.s.s.s.RegisterPlugins] Register plugins
2019.02.12 11:32:47 INFO  web[][o.s.s.s.RegisterMetrics] Register metrics
2019.02.12 11:32:47 INFO  web[][o.s.s.r.RegisterRules] Register rules
2019.02.12 11:32:55 INFO  web[][o.s.s.q.BuiltInQProfileRepositoryImpl] Load quality profiles
2019.02.12 11:32:56 INFO  web[][o.s.s.q.RegisterQualityProfiles] Register quality profiles
2019.02.12 11:32:56 INFO  web[][o.s.s.q.RegisterQualityProfiles] Update profile css/Sonar way
2019.02.12 11:32:56 INFO  web[][o.s.s.q.RegisterQualityProfiles] Update profile scala/Sonar way
2019.02.12 11:32:56 INFO  web[][o.s.s.q.RegisterQualityProfiles] Update profile jsp/Sonar way
2019.02.12 11:32:56 INFO  web[][o.s.s.q.RegisterQualityProfiles] Update profile kotlin/Sonar way
2019.02.12 11:32:56 INFO  web[][o.s.s.q.RegisterQualityProfiles] Update profile go/Sonar way
2019.02.12 11:32:56 INFO  web[][o.s.s.q.RegisterQualityProfiles] Update profile js/Sonar way Recommended
2019.02.12 11:32:56 INFO  web[][o.s.s.q.RegisterQualityProfiles] Update profile js/Sonar way
2019.02.12 11:32:56 INFO  web[][o.s.s.q.RegisterQualityProfiles] Update profile py/Sonar way
2019.02.12 11:32:56 INFO  web[][o.s.s.q.RegisterQualityProfiles] Update profile ruby/Sonar way
2019.02.12 11:32:57 INFO  web[][o.s.s.q.RegisterQualityProfiles] Update profile cs/Sonar way
2019.02.12 11:32:57 INFO  web[][o.s.s.q.RegisterQualityProfiles] Update profile java/Sonar way
2019.02.12 11:32:57 INFO  web[][o.s.s.q.RegisterQualityProfiles] Update profile web/Sonar way
2019.02.12 11:32:57 INFO  web[][o.s.s.q.RegisterQualityProfiles] Update profile xml/Sonar way
2019.02.12 11:32:57 INFO  web[][o.s.s.q.RegisterQualityProfiles] Update profile flex/Sonar way
2019.02.12 11:32:57 INFO  web[][o.s.s.q.RegisterQualityProfiles] Update profile php/PSR-2
2019.02.12 11:32:57 INFO  web[][o.s.s.q.RegisterQualityProfiles] Update profile php/Drupal
2019.02.12 11:32:57 INFO  web[][o.s.s.q.RegisterQualityProfiles] Update profile php/Sonar way
2019.02.12 11:32:57 INFO  web[][o.s.s.q.RegisterQualityProfiles] Update profile vbnet/Sonar way
2019.02.12 11:32:58 INFO  web[][o.s.s.q.RegisterQualityProfiles] Update profile ts/Sonar way
2019.02.12 11:32:58 INFO  web[][o.s.s.q.RegisterQualityProfiles] Update profile ts/Sonar way recommended
2019.02.12 11:32:58 INFO  web[][o.s.s.s.RegisterPermissionTemplates] Register permission templates
2019.02.12 11:32:58 INFO  web[][o.s.s.s.RenameDeprecatedPropertyKeys] Rename deprecated property keys
2019.02.12 11:32:58 INFO  web[][o.s.s.p.w.MasterServletFilter] Initializing servlet filter org.sonar.server.ws.WebServiceFilter@b3c4b9f [pattern=UrlPattern{inclusions=[/api/issues/delete_comment.*, ...], exclusions=[/api/properties*, ...]}]
2019.02.12 11:32:58 INFO  web[][o.s.s.p.w.MasterServletFilter] Initializing servlet filter org.sonar.server.ws.DeprecatedPropertiesWsFilter@7c441217 [pattern=UrlPattern{inclusions=[/api/properties/*], exclusions=[]}]
2019.02.12 11:32:58 INFO  web[][o.s.s.p.w.MasterServletFilter] Initializing servlet filter org.sonar.server.ws.WebServiceReroutingFilter@6aa4c3c3 [pattern=UrlPattern{inclusions=[/api/components/bulk_update_key, ...], exclusions=[]}]
2019.02.12 11:32:58 INFO  web[][o.s.s.p.w.MasterServletFilter] Initializing servlet filter org.sonar.server.authentication.InitFilter@7f79862f [pattern=UrlPattern{inclusions=[/sessions/init/*], exclusions=[]}]
2019.02.12 11:32:58 INFO  web[][o.s.s.p.w.MasterServletFilter] Initializing servlet filter org.sonar.server.authentication.OAuth2CallbackFilter@5dda20b3 [pattern=UrlPattern{inclusions=[/oauth2/callback/*], exclusions=[]}]
2019.02.12 11:32:58 INFO  web[][o.s.s.p.w.MasterServletFilter] Initializing servlet filter org.sonar.server.authentication.ws.LoginAction@3ddf51c7 [pattern=UrlPattern{inclusions=[/api/authentication/login], exclusions=[]}]
2019.02.12 11:32:58 INFO  web[][o.s.s.p.w.MasterServletFilter] Initializing servlet filter org.sonar.server.authentication.ws.LogoutAction@424fbb89 [pattern=UrlPattern{inclusions=[/api/authentication/logout], exclusions=[]}]
2019.02.12 11:32:58 INFO  web[][o.s.s.p.w.MasterServletFilter] Initializing servlet filter org.sonar.server.authentication.ws.ValidateAction@2ce262b4 [pattern=UrlPattern{inclusions=[/api/authentication/validate], exclusions=[]}]
2019.02.12 11:32:58 INFO  web[][o.s.s.p.p.PlatformLevelStartup] Running Community Edition
2019.02.12 11:32:58 INFO  web[][o.s.s.p.Platform] WebServer is operational
2019.02.12 13:13:01 INFO  web[][o.s.p.ProcessEntryPoint] Starting web
2019.02.12 13:13:02 INFO  web[][o.a.t.u.n.NioSelectorPool] Using a shared selector for servlet write/read
2019.02.12 13:13:05 INFO  web[][o.e.p.PluginsService] no modules loaded
2019.02.12 13:13:05 INFO  web[][o.e.p.PluginsService] loaded plugin [org.elasticsearch.join.ParentJoinPlugin]
2019.02.12 13:13:05 INFO  web[][o.e.p.PluginsService] loaded plugin [org.elasticsearch.percolator.PercolatorPlugin]
2019.02.12 13:13:05 INFO  web[][o.e.p.PluginsService] loaded plugin [org.elasticsearch.transport.Netty4Plugin]
2019.02.12 13:13:07 INFO  web[][o.s.s.e.EsClientProvider] Connected to local Elasticsearch: [127.0.0.1:9001]
2019.02.12 13:13:07 INFO  web[][o.s.s.p.LogServerVersion] SonarQube Server / 7.6.0.21501 / d56689a5eb122c06cf87375828085609f5a68323
2019.02.12 13:13:09 INFO  web[][o.s.s.p.d.EmbeddedDatabase] Starting embedded database on port 9092 with url jdbc:h2:tcp://127.0.0.1:9092/sonar
2019.02.12 13:13:10 INFO  web[][o.s.s.p.d.EmbeddedDatabase] Embedded database started. Data stored in: C:\Users\AJReddy\Downloads\sonarqube-7.6\data
2019.02.12 13:13:10 INFO  web[][o.sonar.db.Database] Create JDBC data source for jdbc:h2:tcp://127.0.0.1:9092/sonar
2019.02.12 13:13:10 WARN  web[][o.s.db.dialect.H2] H2 database should be used for evaluation purpose only.
2019.02.12 13:13:11 INFO  web[][o.s.s.p.ServerFileSystemImpl] SonarQube home: C:\Users\AJReddy\Downloads\sonarqube-7.6
2019.02.12 13:13:11 INFO  web[][o.s.s.u.SystemPasscodeImpl] System authentication by passcode is disabled
2019.02.12 13:13:12 INFO  web[][o.s.s.p.ServerPluginRepository] Deploy plugin Git / 1.7.0.1491 / 1d54e49a5f952dfb4ccded090f8043a2a62d0372
2019.02.12 13:13:12 INFO  web[][o.s.s.p.ServerPluginRepository] Deploy plugin JaCoCo / 1.0.1.143 / 65c55e41e32c114704fd597ccea91fc55becb4ec
2019.02.12 13:13:12 INFO  web[][o.s.s.p.ServerPluginRepository] Deploy plugin LDAP / 2.2.0.608 / 79dc3fa4393a29667673c70182f3016288b548b7
2019.02.12 13:13:12 INFO  web[][o.s.s.p.ServerPluginRepository] Deploy plugin SonarC# / 7.10.0.7896 / 4e51d150065288432fd1411d29d5aebf2ab7f133
2019.02.12 13:13:12 INFO  web[][o.s.s.p.ServerPluginRepository] Deploy plugin SonarCSS / 1.0.3.724 / 3ad5232345519caed38a24c70fb77e91757833bf
2019.02.12 13:13:12 INFO  web[][o.s.s.p.ServerPluginRepository] Deploy plugin SonarFlex / 2.4.0.1222 / 68d9cb3b7daccbc4869c4f2b89d09218d26a0829
2019.02.12 13:13:12 INFO  web[][o.s.s.p.ServerPluginRepository] Deploy plugin SonarGo / 1.1.0.1612 / 1809c7be6d88396c0a1b8d597b1e9e0ed8d29730
2019.02.12 13:13:12 INFO  web[][o.s.s.p.ServerPluginRepository] Deploy plugin SonarHTML / 3.1.0.1615 / 4181edb5eff5605bec82dc0aa15ecd70eaa5857f
2019.02.12 13:13:12 INFO  web[][o.s.s.p.ServerPluginRepository] Deploy plugin SonarJS / 5.0.0.6962 / ac2fe7567f3dfeb3295e2e710afd8c06b7760e9d
2019.02.12 13:13:12 INFO  web[][o.s.s.p.ServerPluginRepository] Deploy plugin SonarJava / 5.10.1.16922 / 448c4b8fce8d8ac53a9a7a7265d4de1c1ac87a4e
2019.02.12 13:13:12 INFO  web[][o.s.s.p.ServerPluginRepository] Deploy plugin SonarKotlin / 1.4.0.155 / f71ae433edd0c1f1dbab3fed4d755ef17aef8573
2019.02.12 13:13:12 INFO  web[][o.s.s.p.ServerPluginRepository] Deploy plugin SonarPHP / 2.16.0.4355 / 80c76cb14e9eae6bd982fa6ac8c39b2de1f89b6f
2019.02.12 13:13:12 INFO  web[][o.s.s.p.ServerPluginRepository] Deploy plugin SonarPython / 1.11.0.2473 / 3ec86bb66699ff9ccf2c00c84f360210eb3ffd8d
2019.02.12 13:13:12 INFO  web[][o.s.s.p.ServerPluginRepository] Deploy plugin SonarRuby / 1.4.0.155 / f71ae433edd0c1f1dbab3fed4d755ef17aef8573
2019.02.12 13:13:12 INFO  web[][o.s.s.p.ServerPluginRepository] Deploy plugin SonarScala / 1.4.0.155 / f71ae433edd0c1f1dbab3fed4d755ef17aef8573
2019.02.12 13:13:12 INFO  web[][o.s.s.p.ServerPluginRepository] Deploy plugin SonarTS / 1.9.0.3766 / 4a4080b78001a78d758d1d0fa0190fb9496b6f57
2019.02.12 13:13:12 INFO  web[][o.s.s.p.ServerPluginRepository] Deploy plugin SonarVB / 7.10.0.7896 / 4e51d150065288432fd1411d29d5aebf2ab7f133
2019.02.12 13:13:12 INFO  web[][o.s.s.p.ServerPluginRepository] Deploy plugin SonarXML / 2.0.1.2020 / c5b84004face582d56f110e24c29bf9c6a679e69
2019.02.12 13:13:12 INFO  web[][o.s.s.p.ServerPluginRepository] Deploy plugin Svn / 1.9.0.1295 / 942e075773975354e32691a60bfd968065703e04
2019.02.12 13:13:14 INFO  web[][o.s.s.p.w.MasterServletFilter] Initializing servlet filter org.sonar.server.ws.WebServiceFilter@6ce0b24b [pattern=UrlPattern{inclusions=[/api/system/migrate_db.*, ...], exclusions=[/api/properties*, ...]}]
2019.02.12 13:13:15 INFO  web[][o.s.s.a.EmbeddedTomcat] HTTP connector enabled on port 9000
2019.02.12 13:13:16 INFO  web[][o.s.s.p.UpdateCenterClient] Update center: https://update.sonarsource.org/update-center.properties (no proxy)
2019.02.12 13:13:18 INFO  web[][o.s.s.s.LogServerId] Server ID: BF41A1F2-AWjiGZQZDfcdWiKV16l8
2019.02.12 13:13:18 WARN  web[][o.s.a.s.w.WebService$Action] The response example is not set on action api/plugins/download
2019.02.12 13:13:18 WARN  web[][o.s.a.s.w.WebService$Action] The response example is not set on action api/permissions/search_templates
2019.02.12 13:13:18 INFO  web[][o.s.s.t.TelemetryDaemon] Sharing of SonarQube statistics is enabled.
2019.02.12 13:13:18 INFO  web[][o.s.s.n.NotificationDaemon] Notification service started (delay 60 sec.)
2019.02.12 13:13:18 INFO  web[][o.s.s.s.GeneratePluginIndex] Generate scanner plugin index
2019.02.12 13:13:18 INFO  web[][o.s.s.s.RegisterPlugins] Register plugins
2019.02.12 13:13:18 INFO  web[][o.s.s.s.RegisterMetrics] Register metrics
2019.02.12 13:13:18 INFO  web[][o.s.s.r.RegisterRules] Register rules
2019.02.12 13:13:23 INFO  web[][o.s.s.q.BuiltInQProfileRepositoryImpl] Load quality profiles
2019.02.12 13:13:23 INFO  web[][o.s.s.q.RegisterQualityProfiles] Register quality profiles
2019.02.12 13:13:23 INFO  web[][o.s.s.q.RegisterQualityProfiles] Update profile css/Sonar way
2019.02.12 13:13:24 INFO  web[][o.s.s.q.RegisterQualityProfiles] Update profile scala/Sonar way
2019.02.12 13:13:24 INFO  web[][o.s.s.q.RegisterQualityProfiles] Update profile jsp/Sonar way
2019.02.12 13:13:24 INFO  web[][o.s.s.q.RegisterQualityProfiles] Update profile kotlin/Sonar way
2019.02.12 13:13:24 INFO  web[][o.s.s.q.RegisterQualityProfiles] Update profile go/Sonar way
2019.02.12 13:13:24 INFO  web[][o.s.s.q.RegisterQualityProfiles] Update profile js/Sonar way Recommended
2019.02.12 13:13:24 INFO  web[][o.s.s.q.RegisterQualityProfiles] Update profile js/Sonar way
2019.02.12 13:13:24 INFO  web[][o.s.s.q.RegisterQualityProfiles] Update profile py/Sonar way
2019.02.12 13:13:24 INFO  web[][o.s.s.q.RegisterQualityProfiles] Update profile ruby/Sonar way
2019.02.12 13:13:24 INFO  web[][o.s.s.q.RegisterQualityProfiles] Update profile cs/Sonar way
2019.02.12 13:13:24 INFO  web[][o.s.s.q.RegisterQualityProfiles] Update profile java/Sonar way
2019.02.12 13:13:25 INFO  web[][o.s.s.q.RegisterQualityProfiles] Update profile web/Sonar way
2019.02.12 13:13:25 INFO  web[][o.s.s.q.RegisterQualityProfiles] Update profile xml/Sonar way
2019.02.12 13:13:25 INFO  web[][o.s.s.q.RegisterQualityProfiles] Update profile flex/Sonar way
2019.02.12 13:13:25 INFO  web[][o.s.s.q.RegisterQualityProfiles] Update profile php/PSR-2
2019.02.12 13:13:25 INFO  web[][o.s.s.q.RegisterQualityProfiles] Update profile php/Drupal
2019.02.12 13:13:25 INFO  web[][o.s.s.q.RegisterQualityProfiles] Update profile php/Sonar way
2019.02.12 13:13:25 INFO  web[][o.s.s.q.RegisterQualityProfiles] Update profile vbnet/Sonar way
2019.02.12 13:13:25 INFO  web[][o.s.s.q.RegisterQualityProfiles] Update profile ts/Sonar way
2019.02.12 13:13:25 INFO  web[][o.s.s.q.RegisterQualityProfiles] Update profile ts/Sonar way recommended
2019.02.12 13:13:25 INFO  web[][o.s.s.s.RegisterPermissionTemplates] Register permission templates
2019.02.12 13:13:25 INFO  web[][o.s.s.s.RenameDeprecatedPropertyKeys] Rename deprecated property keys
2019.02.12 13:13:25 INFO  web[][o.s.s.p.w.MasterServletFilter] Initializing servlet filter org.sonar.server.ws.WebServiceFilter@52d34f35 [pattern=UrlPattern{inclusions=[/api/issues/delete_comment.*, ...], exclusions=[/api/properties*, ...]}]
2019.02.12 13:13:25 INFO  web[][o.s.s.p.w.MasterServletFilter] Initializing servlet filter org.sonar.server.ws.DeprecatedPropertiesWsFilter@7e07554c [pattern=UrlPattern{inclusions=[/api/properties/*], exclusions=[]}]
2019.02.12 13:13:25 INFO  web[][o.s.s.p.w.MasterServletFilter] Initializing servlet filter org.sonar.server.ws.WebServiceReroutingFilter@5d51ace [pattern=UrlPattern{inclusions=[/api/components/bulk_update_key, ...], exclusions=[]}]
2019.02.12 13:13:25 INFO  web[][o.s.s.p.w.MasterServletFilter] Initializing servlet filter org.sonar.server.authentication.InitFilter@39748f45 [pattern=UrlPattern{inclusions=[/sessions/init/*], exclusions=[]}]
2019.02.12 13:13:25 INFO  web[][o.s.s.p.w.MasterServletFilter] Initializing servlet filter org.sonar.server.authentication.OAuth2CallbackFilter@36cfa439 [pattern=UrlPattern{inclusions=[/oauth2/callback/*], exclusions=[]}]
2019.02.12 13:13:25 INFO  web[][o.s.s.p.w.MasterServletFilter] Initializing servlet filter org.sonar.server.authentication.ws.LoginAction@ed55f9d [pattern=UrlPattern{inclusions=[/api/authentication/login], exclusions=[]}]
2019.02.12 13:13:25 INFO  web[][o.s.s.p.w.MasterServletFilter] Initializing servlet filter org.sonar.server.authentication.ws.LogoutAction@50f38f5f [pattern=UrlPattern{inclusions=[/api/authentication/logout], exclusions=[]}]
2019.02.12 13:13:25 INFO  web[][o.s.s.p.w.MasterServletFilter] Initializing servlet filter org.sonar.server.authentication.ws.ValidateAction@503cbfb6 [pattern=UrlPattern{inclusions=[/api/authentication/validate], exclusions=[]}]
2019.02.12 13:13:25 INFO  web[][o.s.s.p.p.PlatformLevelStartup] Running Community Edition
2019.02.12 13:13:25 INFO  web[][o.s.s.p.Platform] WebServer is operational
2019.02.12 13:46:35 INFO  web[][o.s.p.StopWatcher] Stopping process
2019.02.12 13:49:31 INFO  web[][o.s.p.ProcessEntryPoint] Starting web
2019.02.12 13:49:33 INFO  web[][o.a.t.u.n.NioSelectorPool] Using a shared selector for servlet write/read
2019.02.12 13:49:37 INFO  web[][o.e.p.PluginsService] no modules loaded
2019.02.12 13:49:37 INFO  web[][o.e.p.PluginsService] loaded plugin [org.elasticsearch.join.ParentJoinPlugin]
2019.02.12 13:49:37 INFO  web[][o.e.p.PluginsService] loaded plugin [org.elasticsearch.percolator.PercolatorPlugin]
2019.02.12 13:49:37 INFO  web[][o.e.p.PluginsService] loaded plugin [org.elasticsearch.transport.Netty4Plugin]
2019.02.12 13:49:40 INFO  web[][o.s.s.e.EsClientProvider] Connected to local Elasticsearch: [127.0.0.1:9001]
2019.02.12 13:49:40 INFO  web[][o.s.s.p.LogServerVersion] SonarQube Server / 7.6.0.21501 / d56689a5eb122c06cf87375828085609f5a68323
2019.02.12 13:49:41 INFO  web[][o.s.s.p.d.EmbeddedDatabase] Starting embedded database on port 9092 with url jdbc:h2:tcp://127.0.0.1:9092/sonar
2019.02.12 13:49:41 INFO  web[][o.s.s.p.d.EmbeddedDatabase] Embedded database started. Data stored in: C:\Users\AJReddy\Downloads\sonarqube-7.6\data
2019.02.12 13:49:41 INFO  web[][o.sonar.db.Database] Create JDBC data source for jdbc:h2:tcp://127.0.0.1:9092/sonar
2019.02.12 13:49:41 WARN  web[][o.s.db.dialect.H2] H2 database should be used for evaluation purpose only.
2019.02.12 13:49:44 INFO  web[][o.s.s.p.ServerFileSystemImpl] SonarQube home: C:\Users\AJReddy\Downloads\sonarqube-7.6
2019.02.12 13:49:44 INFO  web[][o.s.s.u.SystemPasscodeImpl] System authentication by passcode is disabled
2019.02.12 13:49:46 INFO  web[][o.s.s.p.ServerPluginRepository] Deploy plugin Git / 1.7.0.1491 / 1d54e49a5f952dfb4ccded090f8043a2a62d0372
2019.02.12 13:49:46 INFO  web[][o.s.s.p.ServerPluginRepository] Deploy plugin JaCoCo / 1.0.1.143 / 65c55e41e32c114704fd597ccea91fc55becb4ec
2019.02.12 13:49:46 INFO  web[][o.s.s.p.ServerPluginRepository] Deploy plugin LDAP / 2.2.0.608 / 79dc3fa4393a29667673c70182f3016288b548b7
2019.02.12 13:49:46 INFO  web[][o.s.s.p.ServerPluginRepository] Deploy plugin SonarC# / 7.10.0.7896 / 4e51d150065288432fd1411d29d5aebf2ab7f133
2019.02.12 13:49:46 INFO  web[][o.s.s.p.ServerPluginRepository] Deploy plugin SonarCSS / 1.0.3.724 / 3ad5232345519caed38a24c70fb77e91757833bf
2019.02.12 13:49:46 INFO  web[][o.s.s.p.ServerPluginRepository] Deploy plugin SonarFlex / 2.4.0.1222 / 68d9cb3b7daccbc4869c4f2b89d09218d26a0829
2019.02.12 13:49:46 INFO  web[][o.s.s.p.ServerPluginRepository] Deploy plugin SonarGo / 1.1.0.1612 / 1809c7be6d88396c0a1b8d597b1e9e0ed8d29730
2019.02.12 13:49:46 INFO  web[][o.s.s.p.ServerPluginRepository] Deploy plugin SonarHTML / 3.1.0.1615 / 4181edb5eff5605bec82dc0aa15ecd70eaa5857f
2019.02.12 13:49:46 INFO  web[][o.s.s.p.ServerPluginRepository] Deploy plugin SonarJS / 5.0.0.6962 / ac2fe7567f3dfeb3295e2e710afd8c06b7760e9d
2019.02.12 13:49:46 INFO  web[][o.s.s.p.ServerPluginRepository] Deploy plugin SonarJava / 5.10.1.16922 / 448c4b8fce8d8ac53a9a7a7265d4de1c1ac87a4e
2019.02.12 13:49:46 INFO  web[][o.s.s.p.ServerPluginRepository] Deploy plugin SonarKotlin / 1.4.0.155 / f71ae433edd0c1f1dbab3fed4d755ef17aef8573
2019.02.12 13:49:46 INFO  web[][o.s.s.p.ServerPluginRepository] Deploy plugin SonarPHP / 2.16.0.4355 / 80c76cb14e9eae6bd982fa6ac8c39b2de1f89b6f
2019.02.12 13:49:46 INFO  web[][o.s.s.p.ServerPluginRepository] Deploy plugin SonarPython / 1.11.0.2473 / 3ec86bb66699ff9ccf2c00c84f360210eb3ffd8d
2019.02.12 13:49:46 INFO  web[][o.s.s.p.ServerPluginRepository] Deploy plugin SonarRuby / 1.4.0.155 / f71ae433edd0c1f1dbab3fed4d755ef17aef8573
2019.02.12 13:49:46 INFO  web[][o.s.s.p.ServerPluginRepository] Deploy plugin SonarScala / 1.4.0.155 / f71ae433edd0c1f1dbab3fed4d755ef17aef8573
2019.02.12 13:49:46 INFO  web[][o.s.s.p.ServerPluginRepository] Deploy plugin SonarTS / 1.9.0.3766 / 4a4080b78001a78d758d1d0fa0190fb9496b6f57
2019.02.12 13:49:46 INFO  web[][o.s.s.p.ServerPluginRepository] Deploy plugin SonarVB / 7.10.0.7896 / 4e51d150065288432fd1411d29d5aebf2ab7f133
2019.02.12 13:49:46 INFO  web[][o.s.s.p.ServerPluginRepository] Deploy plugin SonarXML / 2.0.1.2020 / c5b84004face582d56f110e24c29bf9c6a679e69
2019.02.12 13:49:46 INFO  web[][o.s.s.p.ServerPluginRepository] Deploy plugin Svn / 1.9.0.1295 / 942e075773975354e32691a60bfd968065703e04
2019.02.12 13:49:48 INFO  web[][o.s.s.p.w.MasterServletFilter] Initializing servlet filter org.sonar.server.ws.WebServiceFilter@50eaa5fc [pattern=UrlPattern{inclusions=[/api/system/migrate_db.*, ...], exclusions=[/api/properties*, ...]}]
2019.02.12 13:49:48 INFO  web[][o.s.s.a.EmbeddedTomcat] HTTP connector enabled on port 9000
2019.02.12 13:49:51 INFO  web[][o.s.s.p.UpdateCenterClient] Update center: https://update.sonarsource.org/update-center.properties (no proxy)
2019.02.12 13:49:53 INFO  web[][o.s.s.s.LogServerId] Server ID: BF41A1F2-AWjiGZQZDfcdWiKV16l8
2019.02.12 13:49:54 WARN  web[][o.s.a.s.w.WebService$Action] The response example is not set on action api/plugins/download
2019.02.12 13:49:54 WARN  web[][o.s.a.s.w.WebService$Action] The response example is not set on action api/permissions/search_templates
2019.02.12 13:49:54 INFO  web[][o.s.s.t.TelemetryDaemon] Sharing of SonarQube statistics is enabled.
2019.02.12 13:49:54 INFO  web[][o.s.s.n.NotificationDaemon] Notification service started (delay 60 sec.)
2019.02.12 13:49:54 INFO  web[][o.s.s.s.GeneratePluginIndex] Generate scanner plugin index
2019.02.12 13:49:54 INFO  web[][o.s.s.s.RegisterPlugins] Register plugins
2019.02.12 13:49:54 INFO  web[][o.s.s.s.RegisterMetrics] Register metrics
2019.02.12 13:49:54 INFO  web[][o.s.s.r.RegisterRules] Register rules
2019.02.12 13:50:00 INFO  web[][o.s.s.q.BuiltInQProfileRepositoryImpl] Load quality profiles
2019.02.12 13:50:01 INFO  web[][o.s.s.q.RegisterQualityProfiles] Register quality profiles
2019.02.12 13:50:01 INFO  web[][o.s.s.q.RegisterQualityProfiles] Update profile css/Sonar way
2019.02.12 13:50:01 INFO  web[][o.s.s.q.RegisterQualityProfiles] Update profile scala/Sonar way
2019.02.12 13:50:01 INFO  web[][o.s.s.q.RegisterQualityProfiles] Update profile jsp/Sonar way
2019.02.12 13:50:01 INFO  web[][o.s.s.q.RegisterQualityProfiles] Update profile kotlin/Sonar way
2019.02.12 13:50:01 INFO  web[][o.s.s.q.RegisterQualityProfiles] Update profile go/Sonar way
2019.02.12 13:50:01 INFO  web[][o.s.s.q.RegisterQualityProfiles] Update profile js/Sonar way Recommended
2019.02.12 13:50:01 INFO  web[][o.s.s.q.RegisterQualityProfiles] Update profile js/Sonar way
2019.02.12 13:50:01 INFO  web[][o.s.s.q.RegisterQualityProfiles] Update profile py/Sonar way
2019.02.12 13:50:01 INFO  web[][o.s.s.q.RegisterQualityProfiles] Update profile ruby/Sonar way
2019.02.12 13:50:02 INFO  web[][o.s.s.q.RegisterQualityProfiles] Update profile cs/Sonar way
2019.02.12 13:50:02 INFO  web[][o.s.s.q.RegisterQualityProfiles] Update profile java/Sonar way
2019.02.12 13:50:02 INFO  web[][o.s.s.q.RegisterQualityProfiles] Update profile web/Sonar way
2019.02.12 13:50:02 INFO  web[][o.s.s.q.RegisterQualityProfiles] Update profile xml/Sonar way
2019.02.12 13:50:02 INFO  web[][o.s.s.q.RegisterQualityProfiles] Update profile flex/Sonar way
2019.02.12 13:50:02 INFO  web[][o.s.s.q.RegisterQualityProfiles] Update profile php/PSR-2
2019.02.12 13:50:02 INFO  web[][o.s.s.q.RegisterQualityProfiles] Update profile php/Drupal
2019.02.12 13:50:02 INFO  web[][o.s.s.q.RegisterQualityProfiles] Update profile php/Sonar way
2019.02.12 13:50:02 INFO  web[][o.s.s.q.RegisterQualityProfiles] Update profile vbnet/Sonar way
2019.02.12 13:50:03 INFO  web[][o.s.s.q.RegisterQualityProfiles] Update profile ts/Sonar way
2019.02.12 13:50:03 INFO  web[][o.s.s.q.RegisterQualityProfiles] Update profile ts/Sonar way recommended
2019.02.12 13:50:03 INFO  web[][o.s.s.s.RegisterPermissionTemplates] Register permission templates
2019.02.12 13:50:03 INFO  web[][o.s.s.s.RenameDeprecatedPropertyKeys] Rename deprecated property keys
2019.02.12 13:50:03 INFO  web[][o.s.s.p.w.MasterServletFilter] Initializing servlet filter org.sonar.server.ws.WebServiceFilter@64a9f45b [pattern=UrlPattern{inclusions=[/api/issues/delete_comment.*, ...], exclusions=[/api/properties*, ...]}]
2019.02.12 13:50:03 INFO  web[][o.s.s.p.w.MasterServletFilter] Initializing servlet filter org.sonar.server.ws.DeprecatedPropertiesWsFilter@16bd79c3 [pattern=UrlPattern{inclusions=[/api/properties/*], exclusions=[]}]
2019.02.12 13:50:03 INFO  web[][o.s.s.p.w.MasterServletFilter] Initializing servlet filter org.sonar.server.ws.WebServiceReroutingFilter@5df35c17 [pattern=UrlPattern{inclusions=[/api/components/bulk_update_key, ...], exclusions=[]}]
2019.02.12 13:50:03 INFO  web[][o.s.s.p.w.MasterServletFilter] Initializing servlet filter org.sonar.server.authentication.InitFilter@75713446 [pattern=UrlPattern{inclusions=[/sessions/init/*], exclusions=[]}]
2019.02.12 13:50:03 INFO  web[][o.s.s.p.w.MasterServletFilter] Initializing servlet filter org.sonar.server.authentication.OAuth2CallbackFilter@4dbf36b7 [pattern=UrlPattern{inclusions=[/oauth2/callback/*], exclusions=[]}]
2019.02.12 13:50:03 INFO  web[][o.s.s.p.w.MasterServletFilter] Initializing servlet filter org.sonar.server.authentication.ws.LoginAction@7b8fa0a0 [pattern=UrlPattern{inclusions=[/api/authentication/login], exclusions=[]}]
2019.02.12 13:50:03 INFO  web[][o.s.s.p.w.MasterServletFilter] Initializing servlet filter org.sonar.server.authentication.ws.LogoutAction@1b8ecd9f [pattern=UrlPattern{inclusions=[/api/authentication/logout], exclusions=[]}]
2019.02.12 13:50:03 INFO  web[][o.s.s.p.w.MasterServletFilter] Initializing servlet filter org.sonar.server.authentication.ws.ValidateAction@191eb8dd [pattern=UrlPattern{inclusions=[/api/authentication/validate], exclusions=[]}]
2019.02.12 13:50:03 INFO  web[][o.s.s.p.p.PlatformLevelStartup] Running Community Edition
2019.02.12 13:50:03 INFO  web[][o.s.s.p.Platform] WebServer is operational
2019.02.12 15:41:09 INFO  web[][o.s.p.StopWatcher] Stopping process
2019.02.12 16:04:16 INFO  web[][o.s.p.ProcessEntryPoint] Starting web
2019.02.12 16:04:17 INFO  web[][o.a.t.u.n.NioSelectorPool] Using a shared selector for servlet write/read
2019.02.12 16:04:22 INFO  web[][o.e.p.PluginsService] no modules loaded
2019.02.12 16:04:22 INFO  web[][o.e.p.PluginsService] loaded plugin [org.elasticsearch.join.ParentJoinPlugin]
2019.02.12 16:04:22 INFO  web[][o.e.p.PluginsService] loaded plugin [org.elasticsearch.percolator.PercolatorPlugin]
2019.02.12 16:04:22 INFO  web[][o.e.p.PluginsService] loaded plugin [org.elasticsearch.transport.Netty4Plugin]
2019.02.12 16:04:24 INFO  web[][o.s.s.e.EsClientProvider] Connected to local Elasticsearch: [127.0.0.1:9001]
2019.02.12 16:04:24 INFO  web[][o.s.s.p.LogServerVersion] SonarQube Server / 7.6.0.21501 / d56689a5eb122c06cf87375828085609f5a68323
2019.02.12 16:04:26 INFO  web[][o.s.s.p.d.EmbeddedDatabase] Starting embedded database on port 9092 with url jdbc:h2:tcp://127.0.0.1:9092/sonar
2019.02.12 16:04:26 INFO  web[][o.s.s.p.d.EmbeddedDatabase] Embedded database started. Data stored in: C:\Users\AJReddy\Downloads\sonarqube-7.6\data
2019.02.12 16:04:26 INFO  web[][o.sonar.db.Database] Create JDBC data source for jdbc:h2:tcp://127.0.0.1:9092/sonar
2019.02.12 16:04:26 WARN  web[][o.s.db.dialect.H2] H2 database should be used for evaluation purpose only.
2019.02.12 16:04:28 INFO  web[][o.s.s.p.ServerFileSystemImpl] SonarQube home: C:\Users\AJReddy\Downloads\sonarqube-7.6
2019.02.12 16:04:28 INFO  web[][o.s.s.u.SystemPasscodeImpl] System authentication by passcode is disabled
2019.02.12 16:04:31 INFO  web[][o.s.s.p.ServerPluginRepository] Deploy plugin Git / 1.7.0.1491 / 1d54e49a5f952dfb4ccded090f8043a2a62d0372
2019.02.12 16:04:31 INFO  web[][o.s.s.p.ServerPluginRepository] Deploy plugin JaCoCo / 1.0.1.143 / 65c55e41e32c114704fd597ccea91fc55becb4ec
2019.02.12 16:04:31 INFO  web[][o.s.s.p.ServerPluginRepository] Deploy plugin LDAP / 2.2.0.608 / 79dc3fa4393a29667673c70182f3016288b548b7
2019.02.12 16:04:31 INFO  web[][o.s.s.p.ServerPluginRepository] Deploy plugin SonarC# / 7.10.0.7896 / 4e51d150065288432fd1411d29d5aebf2ab7f133
2019.02.12 16:04:31 INFO  web[][o.s.s.p.ServerPluginRepository] Deploy plugin SonarCSS / 1.0.3.724 / 3ad5232345519caed38a24c70fb77e91757833bf
2019.02.12 16:04:31 INFO  web[][o.s.s.p.ServerPluginRepository] Deploy plugin SonarFlex / 2.4.0.1222 / 68d9cb3b7daccbc4869c4f2b89d09218d26a0829
2019.02.12 16:04:31 INFO  web[][o.s.s.p.ServerPluginRepository] Deploy plugin SonarGo / 1.1.0.1612 / 1809c7be6d88396c0a1b8d597b1e9e0ed8d29730
2019.02.12 16:04:31 INFO  web[][o.s.s.p.ServerPluginRepository] Deploy plugin SonarHTML / 3.1.0.1615 / 4181edb5eff5605bec82dc0aa15ecd70eaa5857f
2019.02.12 16:04:31 INFO  web[][o.s.s.p.ServerPluginRepository] Deploy plugin SonarJS / 5.0.0.6962 / ac2fe7567f3dfeb3295e2e710afd8c06b7760e9d
2019.02.12 16:04:31 INFO  web[][o.s.s.p.ServerPluginRepository] Deploy plugin SonarJava / 5.10.1.16922 / 448c4b8fce8d8ac53a9a7a7265d4de1c1ac87a4e
2019.02.12 16:04:31 INFO  web[][o.s.s.p.ServerPluginRepository] Deploy plugin SonarKotlin / 1.4.0.155 / f71ae433edd0c1f1dbab3fed4d755ef17aef8573
2019.02.12 16:04:31 INFO  web[][o.s.s.p.ServerPluginRepository] Deploy plugin SonarPHP / 2.16.0.4355 / 80c76cb14e9eae6bd982fa6ac8c39b2de1f89b6f
2019.02.12 16:04:31 INFO  web[][o.s.s.p.ServerPluginRepository] Deploy plugin SonarPython / 1.11.0.2473 / 3ec86bb66699ff9ccf2c00c84f360210eb3ffd8d
2019.02.12 16:04:31 INFO  web[][o.s.s.p.ServerPluginRepository] Deploy plugin SonarRuby / 1.4.0.155 / f71ae433edd0c1f1dbab3fed4d755ef17aef8573
2019.02.12 16:04:31 INFO  web[][o.s.s.p.ServerPluginRepository] Deploy plugin SonarScala / 1.4.0.155 / f71ae433edd0c1f1dbab3fed4d755ef17aef8573
2019.02.12 16:04:31 INFO  web[][o.s.s.p.ServerPluginRepository] Deploy plugin SonarTS / 1.9.0.3766 / 4a4080b78001a78d758d1d0fa0190fb9496b6f57
2019.02.12 16:04:31 INFO  web[][o.s.s.p.ServerPluginRepository] Deploy plugin SonarVB / 7.10.0.7896 / 4e51d150065288432fd1411d29d5aebf2ab7f133
2019.02.12 16:04:31 INFO  web[][o.s.s.p.ServerPluginRepository] Deploy plugin SonarXML / 2.0.1.2020 / c5b84004face582d56f110e24c29bf9c6a679e69
2019.02.12 16:04:31 INFO  web[][o.s.s.p.ServerPluginRepository] Deploy plugin Svn / 1.9.0.1295 / 942e075773975354e32691a60bfd968065703e04
2019.02.12 16:04:34 INFO  web[][o.s.s.p.w.MasterServletFilter] Initializing servlet filter org.sonar.server.ws.WebServiceFilter@6ee9283a [pattern=UrlPattern{inclusions=[/api/system/migrate_db.*, ...], exclusions=[/api/properties*, ...]}]
2019.02.12 16:04:35 INFO  web[][o.s.s.a.EmbeddedTomcat] HTTP connector enabled on port 9000
2019.02.12 16:04:37 INFO  web[][o.s.s.p.UpdateCenterClient] Update center: https://update.sonarsource.org/update-center.properties (no proxy)
2019.02.12 16:04:40 INFO  web[][o.s.s.s.LogServerId] Server ID: BF41A1F2-AWjiGZQZDfcdWiKV16l8
2019.02.12 16:04:41 WARN  web[][o.s.a.s.w.WebService$Action] The response example is not set on action api/plugins/download
2019.02.12 16:04:42 WARN  web[][o.s.a.s.w.WebService$Action] The response example is not set on action api/permissions/search_templates
2019.02.12 16:04:42 INFO  web[][o.s.s.t.TelemetryDaemon] Sharing of SonarQube statistics is enabled.
2019.02.12 16:04:42 INFO  web[][o.s.s.n.NotificationDaemon] Notification service started (delay 60 sec.)
2019.02.12 16:04:42 INFO  web[][o.s.s.s.GeneratePluginIndex] Generate scanner plugin index
2019.02.12 16:04:42 INFO  web[][o.s.s.s.RegisterPlugins] Register plugins
2019.02.12 16:04:42 INFO  web[][o.s.s.s.RegisterMetrics] Register metrics
2019.02.12 16:04:42 INFO  web[][o.s.s.r.RegisterRules] Register rules
2019.02.12 16:04:49 INFO  web[][o.s.s.q.BuiltInQProfileRepositoryImpl] Load quality profiles
2019.02.12 16:04:50 INFO  web[][o.s.s.q.RegisterQualityProfiles] Register quality profiles
2019.02.12 16:04:50 INFO  web[][o.s.s.q.RegisterQualityProfiles] Update profile css/Sonar way
2019.02.12 16:04:50 INFO  web[][o.s.s.q.RegisterQualityProfiles] Update profile scala/Sonar way
2019.02.12 16:04:50 INFO  web[][o.s.s.q.RegisterQualityProfiles] Update profile jsp/Sonar way
2019.02.12 16:04:50 INFO  web[][o.s.s.q.RegisterQualityProfiles] Update profile kotlin/Sonar way
2019.02.12 16:04:50 INFO  web[][o.s.s.q.RegisterQualityProfiles] Update profile go/Sonar way
2019.02.12 16:04:50 INFO  web[][o.s.s.q.RegisterQualityProfiles] Update profile js/Sonar way Recommended
2019.02.12 16:04:50 INFO  web[][o.s.s.q.RegisterQualityProfiles] Update profile js/Sonar way
2019.02.12 16:04:50 INFO  web[][o.s.s.q.RegisterQualityProfiles] Update profile py/Sonar way
2019.02.12 16:04:50 INFO  web[][o.s.s.q.RegisterQualityProfiles] Update profile ruby/Sonar way
2019.02.12 16:04:51 INFO  web[][o.s.s.q.RegisterQualityProfiles] Update profile cs/Sonar way
2019.02.12 16:04:51 INFO  web[][o.s.s.q.RegisterQualityProfiles] Update profile java/Sonar way
2019.02.12 16:04:51 INFO  web[][o.s.s.q.RegisterQualityProfiles] Update profile web/Sonar way
2019.02.12 16:04:51 INFO  web[][o.s.s.q.RegisterQualityProfiles] Update profile xml/Sonar way
2019.02.12 16:04:51 INFO  web[][o.s.s.q.RegisterQualityProfiles] Update profile flex/Sonar way
2019.02.12 16:04:51 INFO  web[][o.s.s.q.RegisterQualityProfiles] Update profile php/PSR-2
2019.02.12 16:04:51 INFO  web[][o.s.s.q.RegisterQualityProfiles] Update profile php/Drupal
2019.02.12 16:04:51 INFO  web[][o.s.s.q.RegisterQualityProfiles] Update profile php/Sonar way
2019.02.12 16:04:52 INFO  web[][o.s.s.q.RegisterQualityProfiles] Update profile vbnet/Sonar way
2019.02.12 16:04:52 INFO  web[][o.s.s.q.RegisterQualityProfiles] Update profile ts/Sonar way
2019.02.12 16:04:52 INFO  web[][o.s.s.q.RegisterQualityProfiles] Update profile ts/Sonar way recommended
2019.02.12 16:04:52 INFO  web[][o.s.s.s.RegisterPermissionTemplates] Register permission templates
2019.02.12 16:04:52 INFO  web[][o.s.s.s.RenameDeprecatedPropertyKeys] Rename deprecated property keys
2019.02.12 16:04:52 INFO  web[][o.s.s.p.w.MasterServletFilter] Initializing servlet filter org.sonar.server.ws.WebServiceFilter@75f2816 [pattern=UrlPattern{inclusions=[/api/issues/delete_comment.*, ...], exclusions=[/api/properties*, ...]}]
2019.02.12 16:04:52 INFO  web[][o.s.s.p.w.MasterServletFilter] Initializing servlet filter org.sonar.server.ws.DeprecatedPropertiesWsFilter@5ddadb2c [pattern=UrlPattern{inclusions=[/api/properties/*], exclusions=[]}]
2019.02.12 16:04:52 INFO  web[][o.s.s.p.w.MasterServletFilter] Initializing servlet filter org.sonar.server.ws.WebServiceReroutingFilter@47306b43 [pattern=UrlPattern{inclusions=[/api/components/bulk_update_key, ...], exclusions=[]}]
2019.02.12 16:04:52 INFO  web[][o.s.s.p.w.MasterServletFilter] Initializing servlet filter org.sonar.server.authentication.InitFilter@201a43eb [pattern=UrlPattern{inclusions=[/sessions/init/*], exclusions=[]}]
2019.02.12 16:04:52 INFO  web[][o.s.s.p.w.MasterServletFilter] Initializing servlet filter org.sonar.server.authentication.OAuth2CallbackFilter@7a43f703 [pattern=UrlPattern{inclusions=[/oauth2/callback/*], exclusions=[]}]
2019.02.12 16:04:52 INFO  web[][o.s.s.p.w.MasterServletFilter] Initializing servlet filter org.sonar.server.authentication.ws.LoginAction@2dfc2c7 [pattern=UrlPattern{inclusions=[/api/authentication/login], exclusions=[]}]
2019.02.12 16:04:52 INFO  web[][o.s.s.p.w.MasterServletFilter] Initializing servlet filter org.sonar.server.authentication.ws.LogoutAction@3632e762 [pattern=UrlPattern{inclusions=[/api/authentication/logout], exclusions=[]}]
2019.02.12 16:04:52 INFO  web[][o.s.s.p.w.MasterServletFilter] Initializing servlet filter org.sonar.server.authentication.ws.ValidateAction@7c88a9ee [pattern=UrlPattern{inclusions=[/api/authentication/validate], exclusions=[]}]
2019.02.12 16:04:52 INFO  web[][o.s.s.p.p.PlatformLevelStartup] Running Community Edition
2019.02.12 16:04:52 INFO  web[][o.s.s.p.Platform] WebServer is operational
