2019.02.13 10:12:34 INFO  web[][o.s.p.ProcessEntryPoint] Starting web
2019.02.13 10:12:35 INFO  web[][o.a.t.u.n.NioSelectorPool] Using a shared selector for servlet write/read
2019.02.13 10:12:40 INFO  web[][o.e.p.PluginsService] no modules loaded
2019.02.13 10:12:40 INFO  web[][o.e.p.PluginsService] loaded plugin [org.elasticsearch.join.ParentJoinPlugin]
2019.02.13 10:12:40 INFO  web[][o.e.p.PluginsService] loaded plugin [org.elasticsearch.percolator.PercolatorPlugin]
2019.02.13 10:12:40 INFO  web[][o.e.p.PluginsService] loaded plugin [org.elasticsearch.transport.Netty4Plugin]
2019.02.13 10:12:42 INFO  web[][o.s.s.e.EsClientProvider] Connected to local Elasticsearch: [127.0.0.1:9001]
2019.02.13 10:12:43 INFO  web[][o.s.s.p.LogServerVersion] SonarQube Server / 7.6.0.21501 / d56689a5eb122c06cf87375828085609f5a68323
2019.02.13 10:12:47 INFO  web[][o.s.s.p.d.EmbeddedDatabase] Starting embedded database on port 9092 with url jdbc:h2:tcp://127.0.0.1:9092/sonar
2019.02.13 10:12:47 INFO  web[][o.s.s.p.d.EmbeddedDatabase] Embedded database started. Data stored in: C:\Users\AJReddy\Downloads\sonarqube-7.6\data
2019.02.13 10:12:47 INFO  web[][o.sonar.db.Database] Create JDBC data source for jdbc:h2:tcp://127.0.0.1:9092/sonar
2019.02.13 10:12:48 WARN  web[][o.s.db.dialect.H2] H2 database should be used for evaluation purpose only.
2019.02.13 10:12:49 INFO  web[][o.s.s.p.ServerFileSystemImpl] SonarQube home: C:\Users\AJReddy\Downloads\sonarqube-7.6
2019.02.13 10:12:49 INFO  web[][o.s.s.u.SystemPasscodeImpl] System authentication by passcode is disabled
2019.02.13 10:12:55 INFO  web[][o.s.s.p.ServerPluginRepository] Deploy plugin Git / 1.7.0.1491 / 1d54e49a5f952dfb4ccded090f8043a2a62d0372
2019.02.13 10:12:55 INFO  web[][o.s.s.p.ServerPluginRepository] Deploy plugin JaCoCo / 1.0.1.143 / 65c55e41e32c114704fd597ccea91fc55becb4ec
2019.02.13 10:12:55 INFO  web[][o.s.s.p.ServerPluginRepository] Deploy plugin LDAP / 2.2.0.608 / 79dc3fa4393a29667673c70182f3016288b548b7
2019.02.13 10:12:55 INFO  web[][o.s.s.p.ServerPluginRepository] Deploy plugin SonarC# / 7.10.0.7896 / 4e51d150065288432fd1411d29d5aebf2ab7f133
2019.02.13 10:12:55 INFO  web[][o.s.s.p.ServerPluginRepository] Deploy plugin SonarCSS / 1.0.3.724 / 3ad5232345519caed38a24c70fb77e91757833bf
2019.02.13 10:12:55 INFO  web[][o.s.s.p.ServerPluginRepository] Deploy plugin SonarFlex / 2.4.0.1222 / 68d9cb3b7daccbc4869c4f2b89d09218d26a0829
2019.02.13 10:12:55 INFO  web[][o.s.s.p.ServerPluginRepository] Deploy plugin SonarGo / 1.1.0.1612 / 1809c7be6d88396c0a1b8d597b1e9e0ed8d29730
2019.02.13 10:12:55 INFO  web[][o.s.s.p.ServerPluginRepository] Deploy plugin SonarHTML / 3.1.0.1615 / 4181edb5eff5605bec82dc0aa15ecd70eaa5857f
2019.02.13 10:12:55 INFO  web[][o.s.s.p.ServerPluginRepository] Deploy plugin SonarJS / 5.0.0.6962 / ac2fe7567f3dfeb3295e2e710afd8c06b7760e9d
2019.02.13 10:12:55 INFO  web[][o.s.s.p.ServerPluginRepository] Deploy plugin SonarJava / 5.10.1.16922 / 448c4b8fce8d8ac53a9a7a7265d4de1c1ac87a4e
2019.02.13 10:12:55 INFO  web[][o.s.s.p.ServerPluginRepository] Deploy plugin SonarKotlin / 1.4.0.155 / f71ae433edd0c1f1dbab3fed4d755ef17aef8573
2019.02.13 10:12:55 INFO  web[][o.s.s.p.ServerPluginRepository] Deploy plugin SonarPHP / 2.16.0.4355 / 80c76cb14e9eae6bd982fa6ac8c39b2de1f89b6f
2019.02.13 10:12:55 INFO  web[][o.s.s.p.ServerPluginRepository] Deploy plugin SonarPython / 1.11.0.2473 / 3ec86bb66699ff9ccf2c00c84f360210eb3ffd8d
2019.02.13 10:12:55 INFO  web[][o.s.s.p.ServerPluginRepository] Deploy plugin SonarRuby / 1.4.0.155 / f71ae433edd0c1f1dbab3fed4d755ef17aef8573
2019.02.13 10:12:55 INFO  web[][o.s.s.p.ServerPluginRepository] Deploy plugin SonarScala / 1.4.0.155 / f71ae433edd0c1f1dbab3fed4d755ef17aef8573
2019.02.13 10:12:55 INFO  web[][o.s.s.p.ServerPluginRepository] Deploy plugin SonarTS / 1.9.0.3766 / 4a4080b78001a78d758d1d0fa0190fb9496b6f57
2019.02.13 10:12:55 INFO  web[][o.s.s.p.ServerPluginRepository] Deploy plugin SonarVB / 7.10.0.7896 / 4e51d150065288432fd1411d29d5aebf2ab7f133
2019.02.13 10:12:55 INFO  web[][o.s.s.p.ServerPluginRepository] Deploy plugin SonarXML / 2.0.1.2020 / c5b84004face582d56f110e24c29bf9c6a679e69
2019.02.13 10:12:55 INFO  web[][o.s.s.p.ServerPluginRepository] Deploy plugin Svn / 1.9.0.1295 / 942e075773975354e32691a60bfd968065703e04
2019.02.13 10:13:05 INFO  web[][o.s.s.p.w.MasterServletFilter] Initializing servlet filter org.sonar.server.ws.WebServiceFilter@5f08cb06 [pattern=UrlPattern{inclusions=[/api/system/migrate_db.*, ...], exclusions=[/api/properties*, ...]}]
2019.02.13 10:13:06 INFO  web[][o.s.s.a.EmbeddedTomcat] HTTP connector enabled on port 9000
2019.02.13 10:13:17 INFO  web[][o.s.s.p.UpdateCenterClient] Update center: https://update.sonarsource.org/update-center.properties (no proxy)
2019.02.13 10:13:19 INFO  web[][o.s.s.s.LogServerId] Server ID: BF41A1F2-AWjiGZQZDfcdWiKV16l8
2019.02.13 10:13:19 WARN  web[][o.s.a.s.w.WebService$Action] The response example is not set on action api/plugins/download
2019.02.13 10:13:19 WARN  web[][o.s.a.s.w.WebService$Action] The response example is not set on action api/permissions/search_templates
2019.02.13 10:13:19 INFO  web[][o.s.s.t.TelemetryDaemon] Sharing of SonarQube statistics is enabled.
2019.02.13 10:13:19 INFO  web[][o.s.s.n.NotificationDaemon] Notification service started (delay 60 sec.)
2019.02.13 10:13:19 INFO  web[][o.s.s.s.GeneratePluginIndex] Generate scanner plugin index
2019.02.13 10:13:19 INFO  web[][o.s.s.s.RegisterPlugins] Register plugins
2019.02.13 10:13:19 INFO  web[][o.s.s.s.RegisterMetrics] Register metrics
2019.02.13 10:13:19 INFO  web[][o.s.s.r.RegisterRules] Register rules
2019.02.13 10:13:25 INFO  web[][o.s.s.q.BuiltInQProfileRepositoryImpl] Load quality profiles
2019.02.13 10:13:25 INFO  web[][o.s.s.q.RegisterQualityProfiles] Register quality profiles
2019.02.13 10:13:25 INFO  web[][o.s.s.q.RegisterQualityProfiles] Update profile css/Sonar way
2019.02.13 10:13:25 INFO  web[][o.s.s.q.RegisterQualityProfiles] Update profile scala/Sonar way
2019.02.13 10:13:25 INFO  web[][o.s.s.q.RegisterQualityProfiles] Update profile jsp/Sonar way
2019.02.13 10:13:25 INFO  web[][o.s.s.q.RegisterQualityProfiles] Update profile kotlin/Sonar way
2019.02.13 10:13:25 INFO  web[][o.s.s.q.RegisterQualityProfiles] Update profile go/Sonar way
2019.02.13 10:13:25 INFO  web[][o.s.s.q.RegisterQualityProfiles] Update profile js/Sonar way Recommended
2019.02.13 10:13:26 INFO  web[][o.s.s.q.RegisterQualityProfiles] Update profile js/Sonar way
2019.02.13 10:13:26 INFO  web[][o.s.s.q.RegisterQualityProfiles] Update profile py/Sonar way
2019.02.13 10:13:26 INFO  web[][o.s.s.q.RegisterQualityProfiles] Update profile ruby/Sonar way
2019.02.13 10:13:26 INFO  web[][o.s.s.q.RegisterQualityProfiles] Update profile cs/Sonar way
2019.02.13 10:13:26 INFO  web[][o.s.s.q.RegisterQualityProfiles] Update profile java/Sonar way
2019.02.13 10:13:26 INFO  web[][o.s.s.q.RegisterQualityProfiles] Update profile web/Sonar way
2019.02.13 10:13:26 INFO  web[][o.s.s.q.RegisterQualityProfiles] Update profile xml/Sonar way
2019.02.13 10:13:26 INFO  web[][o.s.s.q.RegisterQualityProfiles] Update profile flex/Sonar way
2019.02.13 10:13:26 INFO  web[][o.s.s.q.RegisterQualityProfiles] Update profile php/PSR-2
2019.02.13 10:13:26 INFO  web[][o.s.s.q.RegisterQualityProfiles] Update profile php/Drupal
2019.02.13 10:13:26 INFO  web[][o.s.s.q.RegisterQualityProfiles] Update profile php/Sonar way
2019.02.13 10:13:27 INFO  web[][o.s.s.q.RegisterQualityProfiles] Update profile vbnet/Sonar way
2019.02.13 10:13:27 INFO  web[][o.s.s.q.RegisterQualityProfiles] Update profile ts/Sonar way
2019.02.13 10:13:27 INFO  web[][o.s.s.q.RegisterQualityProfiles] Update profile ts/Sonar way recommended
2019.02.13 10:13:27 INFO  web[][o.s.s.s.RegisterPermissionTemplates] Register permission templates
2019.02.13 10:13:27 INFO  web[][o.s.s.s.RenameDeprecatedPropertyKeys] Rename deprecated property keys
2019.02.13 10:13:27 INFO  web[][o.s.s.p.w.MasterServletFilter] Initializing servlet filter org.sonar.server.ws.WebServiceFilter@1da26ae4 [pattern=UrlPattern{inclusions=[/api/issues/delete_comment.*, ...], exclusions=[/api/properties*, ...]}]
2019.02.13 10:13:27 INFO  web[][o.s.s.p.w.MasterServletFilter] Initializing servlet filter org.sonar.server.ws.DeprecatedPropertiesWsFilter@3165deaf [pattern=UrlPattern{inclusions=[/api/properties/*], exclusions=[]}]
2019.02.13 10:13:27 INFO  web[][o.s.s.p.w.MasterServletFilter] Initializing servlet filter org.sonar.server.ws.WebServiceReroutingFilter@4ed76082 [pattern=UrlPattern{inclusions=[/api/components/bulk_update_key, ...], exclusions=[]}]
2019.02.13 10:13:27 INFO  web[][o.s.s.p.w.MasterServletFilter] Initializing servlet filter org.sonar.server.authentication.InitFilter@5a259299 [pattern=UrlPattern{inclusions=[/sessions/init/*], exclusions=[]}]
2019.02.13 10:13:27 INFO  web[][o.s.s.p.w.MasterServletFilter] Initializing servlet filter org.sonar.server.authentication.OAuth2CallbackFilter@7741abcb [pattern=UrlPattern{inclusions=[/oauth2/callback/*], exclusions=[]}]
2019.02.13 10:13:27 INFO  web[][o.s.s.p.w.MasterServletFilter] Initializing servlet filter org.sonar.server.authentication.ws.LoginAction@12b727e8 [pattern=UrlPattern{inclusions=[/api/authentication/login], exclusions=[]}]
2019.02.13 10:13:27 INFO  web[][o.s.s.p.w.MasterServletFilter] Initializing servlet filter org.sonar.server.authentication.ws.LogoutAction@52ccc856 [pattern=UrlPattern{inclusions=[/api/authentication/logout], exclusions=[]}]
2019.02.13 10:13:27 INFO  web[][o.s.s.p.w.MasterServletFilter] Initializing servlet filter org.sonar.server.authentication.ws.ValidateAction@1bf826d6 [pattern=UrlPattern{inclusions=[/api/authentication/validate], exclusions=[]}]
2019.02.13 10:13:27 INFO  web[][o.s.s.p.p.PlatformLevelStartup] Running Community Edition
2019.02.13 10:13:27 INFO  web[][o.s.s.p.Platform] WebServer is operational
2019.02.13 10:28:09 INFO  web[][o.s.p.StopWatcher] Stopping process
2019.02.13 10:48:44 INFO  web[][o.s.p.ProcessEntryPoint] Starting web
2019.02.13 10:48:45 INFO  web[][o.a.t.u.n.NioSelectorPool] Using a shared selector for servlet write/read
2019.02.13 10:48:50 INFO  web[][o.e.p.PluginsService] no modules loaded
2019.02.13 10:48:50 INFO  web[][o.e.p.PluginsService] loaded plugin [org.elasticsearch.join.ParentJoinPlugin]
2019.02.13 10:48:50 INFO  web[][o.e.p.PluginsService] loaded plugin [org.elasticsearch.percolator.PercolatorPlugin]
2019.02.13 10:48:50 INFO  web[][o.e.p.PluginsService] loaded plugin [org.elasticsearch.transport.Netty4Plugin]
2019.02.13 10:48:53 INFO  web[][o.s.s.e.EsClientProvider] Connected to local Elasticsearch: [127.0.0.1:9001]
2019.02.13 10:48:53 INFO  web[][o.s.s.p.LogServerVersion] SonarQube Server / 7.6.0.21501 / d56689a5eb122c06cf87375828085609f5a68323
2019.02.13 10:48:57 INFO  web[][o.s.s.p.d.EmbeddedDatabase] Starting embedded database on port 9092 with url jdbc:h2:tcp://127.0.0.1:9092/sonar
2019.02.13 10:48:57 INFO  web[][o.s.s.p.d.EmbeddedDatabase] Embedded database started. Data stored in: C:\Users\AJReddy\Downloads\sonarqube-7.6\data
2019.02.13 10:48:57 INFO  web[][o.sonar.db.Database] Create JDBC data source for jdbc:h2:tcp://127.0.0.1:9092/sonar
2019.02.13 10:48:58 WARN  web[][o.s.db.dialect.H2] H2 database should be used for evaluation purpose only.
2019.02.13 10:48:59 INFO  web[][o.s.s.p.ServerFileSystemImpl] SonarQube home: C:\Users\AJReddy\Downloads\sonarqube-7.6
2019.02.13 10:48:59 INFO  web[][o.s.s.u.SystemPasscodeImpl] System authentication by passcode is disabled
2019.02.13 10:49:01 INFO  web[][o.s.s.p.ServerPluginRepository] Deploy plugin Git / 1.7.0.1491 / 1d54e49a5f952dfb4ccded090f8043a2a62d0372
2019.02.13 10:49:01 INFO  web[][o.s.s.p.ServerPluginRepository] Deploy plugin JaCoCo / 1.0.1.143 / 65c55e41e32c114704fd597ccea91fc55becb4ec
2019.02.13 10:49:01 INFO  web[][o.s.s.p.ServerPluginRepository] Deploy plugin LDAP / 2.2.0.608 / 79dc3fa4393a29667673c70182f3016288b548b7
2019.02.13 10:49:01 INFO  web[][o.s.s.p.ServerPluginRepository] Deploy plugin SonarC# / 7.10.0.7896 / 4e51d150065288432fd1411d29d5aebf2ab7f133
2019.02.13 10:49:01 INFO  web[][o.s.s.p.ServerPluginRepository] Deploy plugin SonarCSS / 1.0.3.724 / 3ad5232345519caed38a24c70fb77e91757833bf
2019.02.13 10:49:01 INFO  web[][o.s.s.p.ServerPluginRepository] Deploy plugin SonarFlex / 2.4.0.1222 / 68d9cb3b7daccbc4869c4f2b89d09218d26a0829
2019.02.13 10:49:01 INFO  web[][o.s.s.p.ServerPluginRepository] Deploy plugin SonarGo / 1.1.0.1612 / 1809c7be6d88396c0a1b8d597b1e9e0ed8d29730
2019.02.13 10:49:01 INFO  web[][o.s.s.p.ServerPluginRepository] Deploy plugin SonarHTML / 3.1.0.1615 / 4181edb5eff5605bec82dc0aa15ecd70eaa5857f
2019.02.13 10:49:01 INFO  web[][o.s.s.p.ServerPluginRepository] Deploy plugin SonarJS / 5.0.0.6962 / ac2fe7567f3dfeb3295e2e710afd8c06b7760e9d
2019.02.13 10:49:01 INFO  web[][o.s.s.p.ServerPluginRepository] Deploy plugin SonarJava / 5.10.1.16922 / 448c4b8fce8d8ac53a9a7a7265d4de1c1ac87a4e
2019.02.13 10:49:01 INFO  web[][o.s.s.p.ServerPluginRepository] Deploy plugin SonarKotlin / 1.4.0.155 / f71ae433edd0c1f1dbab3fed4d755ef17aef8573
2019.02.13 10:49:01 INFO  web[][o.s.s.p.ServerPluginRepository] Deploy plugin SonarPHP / 2.16.0.4355 / 80c76cb14e9eae6bd982fa6ac8c39b2de1f89b6f
2019.02.13 10:49:01 INFO  web[][o.s.s.p.ServerPluginRepository] Deploy plugin SonarPython / 1.11.0.2473 / 3ec86bb66699ff9ccf2c00c84f360210eb3ffd8d
2019.02.13 10:49:01 INFO  web[][o.s.s.p.ServerPluginRepository] Deploy plugin SonarRuby / 1.4.0.155 / f71ae433edd0c1f1dbab3fed4d755ef17aef8573
2019.02.13 10:49:01 INFO  web[][o.s.s.p.ServerPluginRepository] Deploy plugin SonarScala / 1.4.0.155 / f71ae433edd0c1f1dbab3fed4d755ef17aef8573
2019.02.13 10:49:01 INFO  web[][o.s.s.p.ServerPluginRepository] Deploy plugin SonarTS / 1.9.0.3766 / 4a4080b78001a78d758d1d0fa0190fb9496b6f57
2019.02.13 10:49:01 INFO  web[][o.s.s.p.ServerPluginRepository] Deploy plugin SonarVB / 7.10.0.7896 / 4e51d150065288432fd1411d29d5aebf2ab7f133
2019.02.13 10:49:01 INFO  web[][o.s.s.p.ServerPluginRepository] Deploy plugin SonarXML / 2.0.1.2020 / c5b84004face582d56f110e24c29bf9c6a679e69
2019.02.13 10:49:01 INFO  web[][o.s.s.p.ServerPluginRepository] Deploy plugin Svn / 1.9.0.1295 / 942e075773975354e32691a60bfd968065703e04
2019.02.13 10:49:14 INFO  web[][o.s.s.p.w.MasterServletFilter] Initializing servlet filter org.sonar.server.ws.WebServiceFilter@3b9f11ab [pattern=UrlPattern{inclusions=[/api/system/migrate_db.*, ...], exclusions=[/api/properties*, ...]}]
2019.02.13 10:49:14 INFO  web[][o.s.s.a.EmbeddedTomcat] HTTP connector enabled on port 9000
2019.02.13 10:49:17 INFO  web[][o.s.s.p.UpdateCenterClient] Update center: https://update.sonarsource.org/update-center.properties (no proxy)
2019.02.13 10:49:20 INFO  web[][o.s.s.s.LogServerId] Server ID: BF41A1F2-AWjiGZQZDfcdWiKV16l8
2019.02.13 10:49:21 WARN  web[][o.s.a.s.w.WebService$Action] The response example is not set on action api/plugins/download
2019.02.13 10:49:21 WARN  web[][o.s.a.s.w.WebService$Action] The response example is not set on action api/permissions/search_templates
2019.02.13 10:49:21 INFO  web[][o.s.s.t.TelemetryDaemon] Sharing of SonarQube statistics is enabled.
2019.02.13 10:49:21 INFO  web[][o.s.s.n.NotificationDaemon] Notification service started (delay 60 sec.)
2019.02.13 10:49:21 INFO  web[][o.s.s.s.GeneratePluginIndex] Generate scanner plugin index
2019.02.13 10:49:21 INFO  web[][o.s.s.s.RegisterPlugins] Register plugins
2019.02.13 10:49:21 INFO  web[][o.s.s.s.RegisterMetrics] Register metrics
2019.02.13 10:49:21 INFO  web[][o.s.s.r.RegisterRules] Register rules
2019.02.13 10:49:27 INFO  web[][o.s.s.q.BuiltInQProfileRepositoryImpl] Load quality profiles
2019.02.13 10:49:27 INFO  web[][o.s.s.q.RegisterQualityProfiles] Register quality profiles
2019.02.13 10:49:27 INFO  web[][o.s.s.q.RegisterQualityProfiles] Update profile css/Sonar way
2019.02.13 10:49:27 INFO  web[][o.s.s.q.RegisterQualityProfiles] Update profile scala/Sonar way
2019.02.13 10:49:27 INFO  web[][o.s.s.q.RegisterQualityProfiles] Update profile jsp/Sonar way
2019.02.13 10:49:27 INFO  web[][o.s.s.q.RegisterQualityProfiles] Update profile kotlin/Sonar way
2019.02.13 10:49:28 INFO  web[][o.s.s.q.RegisterQualityProfiles] Update profile go/Sonar way
2019.02.13 10:49:28 INFO  web[][o.s.s.q.RegisterQualityProfiles] Update profile js/Sonar way Recommended
2019.02.13 10:49:28 INFO  web[][o.s.s.q.RegisterQualityProfiles] Update profile js/Sonar way
2019.02.13 10:49:28 INFO  web[][o.s.s.q.RegisterQualityProfiles] Update profile py/Sonar way
2019.02.13 10:49:28 INFO  web[][o.s.s.q.RegisterQualityProfiles] Update profile ruby/Sonar way
2019.02.13 10:49:28 INFO  web[][o.s.s.q.RegisterQualityProfiles] Update profile cs/Sonar way
2019.02.13 10:49:28 INFO  web[][o.s.s.q.RegisterQualityProfiles] Update profile java/Sonar way
2019.02.13 10:49:29 INFO  web[][o.s.s.q.RegisterQualityProfiles] Update profile web/Sonar way
2019.02.13 10:49:29 INFO  web[][o.s.s.q.RegisterQualityProfiles] Update profile xml/Sonar way
2019.02.13 10:49:29 INFO  web[][o.s.s.q.RegisterQualityProfiles] Update profile flex/Sonar way
2019.02.13 10:49:29 INFO  web[][o.s.s.q.RegisterQualityProfiles] Update profile php/PSR-2
2019.02.13 10:49:29 INFO  web[][o.s.s.q.RegisterQualityProfiles] Update profile php/Drupal
2019.02.13 10:49:29 INFO  web[][o.s.s.q.RegisterQualityProfiles] Update profile php/Sonar way
2019.02.13 10:49:29 INFO  web[][o.s.s.q.RegisterQualityProfiles] Update profile vbnet/Sonar way
2019.02.13 10:49:29 INFO  web[][o.s.s.q.RegisterQualityProfiles] Update profile ts/Sonar way
2019.02.13 10:49:29 INFO  web[][o.s.s.q.RegisterQualityProfiles] Update profile ts/Sonar way recommended
2019.02.13 10:49:29 INFO  web[][o.s.s.s.RegisterPermissionTemplates] Register permission templates
2019.02.13 10:49:29 INFO  web[][o.s.s.s.RenameDeprecatedPropertyKeys] Rename deprecated property keys
2019.02.13 10:49:29 INFO  web[][o.s.s.p.w.MasterServletFilter] Initializing servlet filter org.sonar.server.ws.WebServiceFilter@1490595e [pattern=UrlPattern{inclusions=[/api/issues/delete_comment.*, ...], exclusions=[/api/properties*, ...]}]
2019.02.13 10:49:29 INFO  web[][o.s.s.p.w.MasterServletFilter] Initializing servlet filter org.sonar.server.ws.DeprecatedPropertiesWsFilter@3d049564 [pattern=UrlPattern{inclusions=[/api/properties/*], exclusions=[]}]
2019.02.13 10:49:29 INFO  web[][o.s.s.p.w.MasterServletFilter] Initializing servlet filter org.sonar.server.ws.WebServiceReroutingFilter@40180e9a [pattern=UrlPattern{inclusions=[/api/components/bulk_update_key, ...], exclusions=[]}]
2019.02.13 10:49:29 INFO  web[][o.s.s.p.w.MasterServletFilter] Initializing servlet filter org.sonar.server.authentication.InitFilter@2b85665d [pattern=UrlPattern{inclusions=[/sessions/init/*], exclusions=[]}]
2019.02.13 10:49:29 INFO  web[][o.s.s.p.w.MasterServletFilter] Initializing servlet filter org.sonar.server.authentication.OAuth2CallbackFilter@287d2b4f [pattern=UrlPattern{inclusions=[/oauth2/callback/*], exclusions=[]}]
2019.02.13 10:49:29 INFO  web[][o.s.s.p.w.MasterServletFilter] Initializing servlet filter org.sonar.server.authentication.ws.LoginAction@1af17b4 [pattern=UrlPattern{inclusions=[/api/authentication/login], exclusions=[]}]
2019.02.13 10:49:29 INFO  web[][o.s.s.p.w.MasterServletFilter] Initializing servlet filter org.sonar.server.authentication.ws.LogoutAction@649cd2ef [pattern=UrlPattern{inclusions=[/api/authentication/logout], exclusions=[]}]
2019.02.13 10:49:29 INFO  web[][o.s.s.p.w.MasterServletFilter] Initializing servlet filter org.sonar.server.authentication.ws.ValidateAction@5ddd8ba3 [pattern=UrlPattern{inclusions=[/api/authentication/validate], exclusions=[]}]
2019.02.13 10:49:29 INFO  web[][o.s.s.p.p.PlatformLevelStartup] Running Community Edition
2019.02.13 10:49:29 INFO  web[][o.s.s.p.Platform] WebServer is operational
2019.02.13 12:10:56 INFO  web[][o.s.p.StopWatcher] Stopping process
2019.02.13 12:14:19 INFO  web[][o.s.p.ProcessEntryPoint] Starting web
2019.02.13 12:14:20 INFO  web[][o.a.t.u.n.NioSelectorPool] Using a shared selector for servlet write/read
2019.02.13 12:14:23 INFO  web[][o.e.p.PluginsService] no modules loaded
2019.02.13 12:14:23 INFO  web[][o.e.p.PluginsService] loaded plugin [org.elasticsearch.join.ParentJoinPlugin]
2019.02.13 12:14:23 INFO  web[][o.e.p.PluginsService] loaded plugin [org.elasticsearch.percolator.PercolatorPlugin]
2019.02.13 12:14:23 INFO  web[][o.e.p.PluginsService] loaded plugin [org.elasticsearch.transport.Netty4Plugin]
2019.02.13 12:14:25 INFO  web[][o.s.s.e.EsClientProvider] Connected to local Elasticsearch: [127.0.0.1:9001]
2019.02.13 12:14:25 INFO  web[][o.s.s.p.LogServerVersion] SonarQube Server / 7.6.0.21501 / d56689a5eb122c06cf87375828085609f5a68323
2019.02.13 12:14:31 INFO  web[][o.s.s.p.d.EmbeddedDatabase] Starting embedded database on port 9092 with url jdbc:h2:tcp://127.0.0.1:9092/sonar
2019.02.13 12:14:31 INFO  web[][o.s.s.p.d.EmbeddedDatabase] Embedded database started. Data stored in: C:\Users\AJReddy\git\files\sonarqube-7.6\data
2019.02.13 12:14:31 INFO  web[][o.sonar.db.Database] Create JDBC data source for jdbc:h2:tcp://127.0.0.1:9092/sonar
2019.02.13 12:14:32 WARN  web[][o.s.db.dialect.H2] H2 database should be used for evaluation purpose only.
2019.02.13 12:14:34 INFO  web[][o.s.s.p.ServerFileSystemImpl] SonarQube home: C:\Users\AJReddy\git\files\sonarqube-7.6
2019.02.13 12:14:34 INFO  web[][o.s.s.u.SystemPasscodeImpl] System authentication by passcode is disabled
2019.02.13 12:14:36 INFO  web[][o.s.s.p.ServerPluginRepository] Deploy plugin Git / 1.7.0.1491 / 1d54e49a5f952dfb4ccded090f8043a2a62d0372
2019.02.13 12:14:36 INFO  web[][o.s.s.p.ServerPluginRepository] Deploy plugin JaCoCo / 1.0.1.143 / 65c55e41e32c114704fd597ccea91fc55becb4ec
2019.02.13 12:14:36 INFO  web[][o.s.s.p.ServerPluginRepository] Deploy plugin LDAP / 2.2.0.608 / 79dc3fa4393a29667673c70182f3016288b548b7
2019.02.13 12:14:36 INFO  web[][o.s.s.p.ServerPluginRepository] Deploy plugin SonarC# / 7.10.0.7896 / 4e51d150065288432fd1411d29d5aebf2ab7f133
2019.02.13 12:14:36 INFO  web[][o.s.s.p.ServerPluginRepository] Deploy plugin SonarCSS / 1.0.3.724 / 3ad5232345519caed38a24c70fb77e91757833bf
2019.02.13 12:14:36 INFO  web[][o.s.s.p.ServerPluginRepository] Deploy plugin SonarFlex / 2.4.0.1222 / 68d9cb3b7daccbc4869c4f2b89d09218d26a0829
2019.02.13 12:14:36 INFO  web[][o.s.s.p.ServerPluginRepository] Deploy plugin SonarGo / 1.1.0.1612 / 1809c7be6d88396c0a1b8d597b1e9e0ed8d29730
2019.02.13 12:14:36 INFO  web[][o.s.s.p.ServerPluginRepository] Deploy plugin SonarHTML / 3.1.0.1615 / 4181edb5eff5605bec82dc0aa15ecd70eaa5857f
2019.02.13 12:14:36 INFO  web[][o.s.s.p.ServerPluginRepository] Deploy plugin SonarJS / 5.0.0.6962 / ac2fe7567f3dfeb3295e2e710afd8c06b7760e9d
2019.02.13 12:14:36 INFO  web[][o.s.s.p.ServerPluginRepository] Deploy plugin SonarJava / 5.10.1.16922 / 448c4b8fce8d8ac53a9a7a7265d4de1c1ac87a4e
2019.02.13 12:14:36 INFO  web[][o.s.s.p.ServerPluginRepository] Deploy plugin SonarKotlin / 1.4.0.155 / f71ae433edd0c1f1dbab3fed4d755ef17aef8573
2019.02.13 12:14:36 INFO  web[][o.s.s.p.ServerPluginRepository] Deploy plugin SonarPHP / 2.16.0.4355 / 80c76cb14e9eae6bd982fa6ac8c39b2de1f89b6f
2019.02.13 12:14:36 INFO  web[][o.s.s.p.ServerPluginRepository] Deploy plugin SonarPython / 1.11.0.2473 / 3ec86bb66699ff9ccf2c00c84f360210eb3ffd8d
2019.02.13 12:14:36 INFO  web[][o.s.s.p.ServerPluginRepository] Deploy plugin SonarRuby / 1.4.0.155 / f71ae433edd0c1f1dbab3fed4d755ef17aef8573
2019.02.13 12:14:36 INFO  web[][o.s.s.p.ServerPluginRepository] Deploy plugin SonarScala / 1.4.0.155 / f71ae433edd0c1f1dbab3fed4d755ef17aef8573
2019.02.13 12:14:36 INFO  web[][o.s.s.p.ServerPluginRepository] Deploy plugin SonarTS / 1.9.0.3766 / 4a4080b78001a78d758d1d0fa0190fb9496b6f57
2019.02.13 12:14:36 INFO  web[][o.s.s.p.ServerPluginRepository] Deploy plugin SonarVB / 7.10.0.7896 / 4e51d150065288432fd1411d29d5aebf2ab7f133
2019.02.13 12:14:36 INFO  web[][o.s.s.p.ServerPluginRepository] Deploy plugin SonarXML / 2.0.1.2020 / c5b84004face582d56f110e24c29bf9c6a679e69
2019.02.13 12:14:36 INFO  web[][o.s.s.p.ServerPluginRepository] Deploy plugin Svn / 1.9.0.1295 / 942e075773975354e32691a60bfd968065703e04
2019.02.13 12:14:42 INFO  web[][o.s.s.p.w.MasterServletFilter] Initializing servlet filter org.sonar.server.ws.WebServiceFilter@4a615394 [pattern=UrlPattern{inclusions=[/api/system/migrate_db.*, ...], exclusions=[/api/properties*, ...]}]
2019.02.13 12:14:43 INFO  web[][o.s.s.a.EmbeddedTomcat] HTTP connector enabled on port 9000
2019.02.13 12:14:46 INFO  web[][o.s.s.p.UpdateCenterClient] Update center: https://update.sonarsource.org/update-center.properties (no proxy)
2019.02.13 12:14:49 INFO  web[][o.s.s.s.LogServerId] Server ID: BF41A1F2-AWjiGZQZDfcdWiKV16l8
2019.02.13 12:14:49 WARN  web[][o.s.a.s.w.WebService$Action] The response example is not set on action api/plugins/download
2019.02.13 12:14:49 WARN  web[][o.s.a.s.w.WebService$Action] The response example is not set on action api/permissions/search_templates
2019.02.13 12:14:49 INFO  web[][o.s.s.t.TelemetryDaemon] Sharing of SonarQube statistics is enabled.
2019.02.13 12:14:49 INFO  web[][o.s.s.n.NotificationDaemon] Notification service started (delay 60 sec.)
2019.02.13 12:14:49 INFO  web[][o.s.s.s.GeneratePluginIndex] Generate scanner plugin index
2019.02.13 12:14:49 INFO  web[][o.s.s.s.RegisterPlugins] Register plugins
2019.02.13 12:14:49 INFO  web[][o.s.s.s.RegisterMetrics] Register metrics
2019.02.13 12:14:50 INFO  web[][o.s.s.r.RegisterRules] Register rules
2019.02.13 12:14:55 INFO  web[][o.s.s.q.BuiltInQProfileRepositoryImpl] Load quality profiles
2019.02.13 12:14:56 INFO  web[][o.s.s.q.RegisterQualityProfiles] Register quality profiles
2019.02.13 12:14:56 INFO  web[][o.s.s.q.RegisterQualityProfiles] Update profile css/Sonar way
2019.02.13 12:14:56 INFO  web[][o.s.s.q.RegisterQualityProfiles] Update profile scala/Sonar way
2019.02.13 12:14:56 INFO  web[][o.s.s.q.RegisterQualityProfiles] Update profile jsp/Sonar way
2019.02.13 12:14:56 INFO  web[][o.s.s.q.RegisterQualityProfiles] Update profile kotlin/Sonar way
2019.02.13 12:14:56 INFO  web[][o.s.s.q.RegisterQualityProfiles] Update profile go/Sonar way
2019.02.13 12:14:56 INFO  web[][o.s.s.q.RegisterQualityProfiles] Update profile js/Sonar way Recommended
2019.02.13 12:14:57 INFO  web[][o.s.s.q.RegisterQualityProfiles] Update profile js/Sonar way
2019.02.13 12:14:57 INFO  web[][o.s.s.q.RegisterQualityProfiles] Update profile py/Sonar way
2019.02.13 12:14:57 INFO  web[][o.s.s.q.RegisterQualityProfiles] Update profile ruby/Sonar way
2019.02.13 12:14:57 INFO  web[][o.s.s.q.RegisterQualityProfiles] Update profile cs/Sonar way
2019.02.13 12:14:57 INFO  web[][o.s.s.q.RegisterQualityProfiles] Update profile java/Sonar way
2019.02.13 12:14:57 INFO  web[][o.s.s.q.RegisterQualityProfiles] Update profile web/Sonar way
2019.02.13 12:14:57 INFO  web[][o.s.s.q.RegisterQualityProfiles] Update profile xml/Sonar way
2019.02.13 12:14:57 INFO  web[][o.s.s.q.RegisterQualityProfiles] Update profile flex/Sonar way
2019.02.13 12:14:57 INFO  web[][o.s.s.q.RegisterQualityProfiles] Update profile php/PSR-2
2019.02.13 12:14:57 INFO  web[][o.s.s.q.RegisterQualityProfiles] Update profile php/Drupal
2019.02.13 12:14:58 INFO  web[][o.s.s.q.RegisterQualityProfiles] Update profile php/Sonar way
2019.02.13 12:14:58 INFO  web[][o.s.s.q.RegisterQualityProfiles] Update profile vbnet/Sonar way
2019.02.13 12:14:58 INFO  web[][o.s.s.q.RegisterQualityProfiles] Update profile ts/Sonar way
2019.02.13 12:14:58 INFO  web[][o.s.s.q.RegisterQualityProfiles] Update profile ts/Sonar way recommended
2019.02.13 12:14:58 INFO  web[][o.s.s.s.RegisterPermissionTemplates] Register permission templates
2019.02.13 12:14:58 INFO  web[][o.s.s.s.RenameDeprecatedPropertyKeys] Rename deprecated property keys
2019.02.13 12:14:58 INFO  web[][o.s.s.p.w.MasterServletFilter] Initializing servlet filter org.sonar.server.ws.WebServiceFilter@7086706a [pattern=UrlPattern{inclusions=[/api/issues/delete_comment.*, ...], exclusions=[/api/properties*, ...]}]
2019.02.13 12:14:58 INFO  web[][o.s.s.p.w.MasterServletFilter] Initializing servlet filter org.sonar.server.ws.DeprecatedPropertiesWsFilter@4087a268 [pattern=UrlPattern{inclusions=[/api/properties/*], exclusions=[]}]
2019.02.13 12:14:58 INFO  web[][o.s.s.p.w.MasterServletFilter] Initializing servlet filter org.sonar.server.ws.WebServiceReroutingFilter@ea7135a [pattern=UrlPattern{inclusions=[/api/components/bulk_update_key, ...], exclusions=[]}]
2019.02.13 12:14:58 INFO  web[][o.s.s.p.w.MasterServletFilter] Initializing servlet filter org.sonar.server.authentication.InitFilter@1f973e77 [pattern=UrlPattern{inclusions=[/sessions/init/*], exclusions=[]}]
2019.02.13 12:14:58 INFO  web[][o.s.s.p.w.MasterServletFilter] Initializing servlet filter org.sonar.server.authentication.OAuth2CallbackFilter@37e65cc4 [pattern=UrlPattern{inclusions=[/oauth2/callback/*], exclusions=[]}]
2019.02.13 12:14:58 INFO  web[][o.s.s.p.w.MasterServletFilter] Initializing servlet filter org.sonar.server.authentication.ws.LoginAction@114a9478 [pattern=UrlPattern{inclusions=[/api/authentication/login], exclusions=[]}]
2019.02.13 12:14:58 INFO  web[][o.s.s.p.w.MasterServletFilter] Initializing servlet filter org.sonar.server.authentication.ws.LogoutAction@78ddb990 [pattern=UrlPattern{inclusions=[/api/authentication/logout], exclusions=[]}]
2019.02.13 12:14:58 INFO  web[][o.s.s.p.w.MasterServletFilter] Initializing servlet filter org.sonar.server.authentication.ws.ValidateAction@498eb1fb [pattern=UrlPattern{inclusions=[/api/authentication/validate], exclusions=[]}]
2019.02.13 12:14:58 INFO  web[][o.s.s.p.p.PlatformLevelStartup] Running Community Edition
2019.02.13 12:14:58 INFO  web[][o.s.s.p.Platform] WebServer is operational
2019.02.13 16:17:15 INFO  web[][o.s.p.StopWatcher] Stopping process
